[18:38:37] [main/INFO]: Setting user: Player691
[18:38:37] [Client thread/INFO]: LWJGL Version: 2.9.1
[18:38:38] [Client thread/ERROR]: Couldn't initialize twitch stream
[18:38:44] [Client thread/INFO]: Reloading ResourceManager: Default, FMLFileResourcePack:Forge Mod Loader, FMLFileResourcePack:Minecraft Forge, FMLFileResourcePack:EE Mod
[18:38:45] [Sound Library Loader/INFO]: Sound engine started
[18:38:46] [Client thread/INFO]: Created: 16x16 textures/blocks-atlas
[18:38:46] [Client thread/INFO]: Created: 16x16 textures/items-atlas
[18:38:46] [Client thread/INFO]: Reloading ResourceManager: Default, FMLFileResourcePack:Forge Mod Loader, FMLFileResourcePack:Minecraft Forge, FMLFileResourcePack:EE Mod
[18:38:47] [Client thread/INFO]: Created: 512x256 textures/blocks-atlas
[18:38:47] [Client thread/INFO]: Created: 256x256 textures/items-atlas
[18:38:48] [Sound Library Loader/INFO]: Sound engine started
[18:38:53] [Server thread/INFO]: Starting integrated minecraft server version 1.7.10
[18:38:53] [Server thread/INFO]: Generating keypair
[18:38:54] [Server thread/INFO]: Preparing start region for level 0
[18:38:54] [Server thread/INFO]: Changing view distance to 12, from 10
[18:38:55] [Server thread/INFO]: Player691[local:E:a51697e4] logged in with entity id 263 at (51.29950121643395, 68.0, 492.9433293358066)
[18:38:55] [Server thread/INFO]: Player691 加入了游戏
[18:38:57] [Server thread/INFO]: Player691 刚刚获得了 [打开物品栏] 成就！
[18:38:57] [Client thread/INFO]: [CHAT] Player691 刚刚获得了 [打开物品栏] 成就！
[18:39:30] [Server thread/INFO]: Saving and pausing game...
[18:39:30] [Server thread/INFO]: Saving chunks for level 'test'/Overworld
[18:39:30] [Server thread/INFO]: Saving chunks for level 'test'/Nether
[18:39:30] [Server thread/INFO]: Saving chunks for level 'test'/The End
[18:39:31] [Server thread/INFO]: Stopping server
[18:39:31] [Server thread/INFO]: Saving players
[18:39:31] [Server thread/INFO]: Saving worlds
[18:39:31] [Server thread/INFO]: Saving chunks for level 'test'/Overworld
[18:39:31] [Server thread/INFO]: Saving chunks for level 'test'/Nether
[18:39:31] [Server thread/INFO]: Saving chunks for level 'test'/The End
[18:39:32] [Client thread/INFO]: Stopping!
