#
# A fatal error has been detected by the Java Runtime Environment:
#
#  EXCEPTION_ACCESS_VIOLATION (0xc0000005) at pc=0x542eb381, pid=12916, tid=6536
#
# JRE version: Java(TM) SE Runtime Environment (8.0_73-b02) (build 1.8.0_73-b02)
# Java VM: Java HotSpot(TM) Client VM (25.73-b02 mixed mode windows-x86 )
# Problematic frame:
# C  [nvoglv32.DLL+0xa8b381]
#
# Failed to write core dump. Minidumps are not enabled by default on client versions of Windows
#
# If you would like to submit a bug report, please visit:
#   http://bugreport.java.com/bugreport/crash.jsp
# The crash happened outside the Java Virtual Machine in native code.
# See problematic frame for where to report the bug.
#

---------------  T H R E A D  ---------------

Current thread (0x00d13800):  JavaThread "Client thread" [_thread_in_native, id=6536, stack(0x00940000,0x00990000)]

siginfo: ExceptionCode=0xc0000005, reading address 0x00000008

Registers:
EAX=0x00000000, EBX=0x00000000, ECX=0x00000000, EDX=0x00000000
ESP=0x0098d280, EBP=0x0098d28c, ESI=0x00000000, EDI=0x00000000
EIP=0x542eb381, EFLAGS=0x00010246

Top of Stack: (sp=0x0098d280)
0x0098d280:   00000000 00000000 00000000 0098d2ac
0x0098d290:   542ee636 00000000 0098d73c 7b250288
0x0098d2a0:   00000000 0098d2fc 50c9574c 0098d2d4
0x0098d2b0:   542ecd6a 50bb5020 00000000 0098d2fc
0x0098d2c0:   0098d73c 00000000 7b250288 6e880c78
0x0098d2d0:   50bb5020 0098d70c 543d7633 50bb5020
0x0098d2e0:   7b250288 6e880c78 0098d2fc 0098d73c
0x0098d2f0:   0098d8bc 6e880c78 7b250288 00000000 

Instructions: (pc=0x542eb381)
0x542eb361:   cc cc cc cc cc cc cc cc cc cc cc cc cc cc cc 55
0x542eb371:   8b ec 8b 45 08 8b 4d 08 53 56 8b 75 08 32 db 57
0x542eb381:   0f b7 78 08 85 ff 7e 20 83 c0 24 8d 64 24 00 0f
0x542eb391:   b7 50 fc 4a 74 22 83 ea 2c 75 07 b3 01 8b 08 8b 


Register to memory mapping:

EAX=0x00000000 is an unknown value
EBX=0x00000000 is an unknown value
ECX=0x00000000 is an unknown value
EDX=0x00000000 is an unknown value
ESP=0x0098d280 is pointing into the stack for thread: 0x00d13800
EBP=0x0098d28c is pointing into the stack for thread: 0x00d13800
ESI=0x00000000 is an unknown value
EDI=0x00000000 is an unknown value


Stack: [0x00940000,0x00990000],  sp=0x0098d280,  free space=308k
Native frames: (J=compiled Java code, j=interpreted, Vv=VM code, C=native code)
C  [nvoglv32.DLL+0xa8b381]
C  [nvoglv32.DLL+0xa8e636]
C  [nvoglv32.DLL+0xa8cd6a]
C  [nvoglv32.DLL+0xb77633]
C  [nvoglv32.DLL+0xb77b04]
C  [nvoglv32.DLL+0xaa9889]
C  [nvoglv32.DLL+0xaa9ac0]
C  [nvoglv32.DLL+0xaa9eed]
C  [nvoglv32.DLL+0xb780c6]
C  [nvoglv32.DLL+0xb70630]
C  [nvoglv32.DLL+0x978f70]
C  [lwjgl.dll+0x9c03]
J 2206 C1 net.minecraft.client.renderer.Tessellator.draw()I (405 bytes) @ 0x02cb9088 [0x02cb89a0+0x6e8]
j  net.minecraft.client.model.TexturedQuad.draw(Lnet/minecraft/client/renderer/Tessellator;F)V+194
j  net.minecraft.client.model.ModelBox.render(Lnet/minecraft/client/renderer/Tessellator;F)V+19
j  net.minecraft.client.model.ModelRenderer.compileDisplayList(F)V+52
J 3344 C1 net.minecraft.client.model.ModelRenderer.render(F)V (411 bytes) @ 0x02f204e4 [0x02f20480+0x64]
j  net.minecraft.client.model.ModelChest.renderAll()V+20
j  net.minecraft.client.renderer.tileentity.TileEntityChestRenderer.renderTileEntityAt(Lnet/minecraft/tileentity/TileEntityChest;DDDF)V+539
j  net.minecraft.client.renderer.tileentity.TileEntityChestRenderer.renderTileEntityAt(Lnet/minecraft/tileentity/TileEntity;DDDF)V+12
j  net.minecraft.client.renderer.tileentity.TileEntityRendererDispatcher.renderTileEntityAt(Lnet/minecraft/tileentity/TileEntity;DDDF)V+22
j  net.minecraft.client.renderer.tileentity.TileEntityRendererChestHelper.renderChest(Lnet/minecraft/block/Block;IF)V+59
J 3416 C1 net.minecraft.client.renderer.RenderBlocks.renderBlockAsItem(Lnet/minecraft/block/Block;IF)V (3421 bytes) @ 0x02f82e9c [0x02f80e80+0x201c]
J 3721 C1 net.minecraft.client.renderer.entity.RenderItem.renderItemIntoGUI(Lnet/minecraft/client/gui/FontRenderer;Lnet/minecraft/client/renderer/texture/TextureManager;Lnet/minecraft/item/ItemStack;IIZ)V (931 bytes) @ 0x03055998 [0x03052d30+0x2c68]
J 3719 C1 net.minecraft.client.renderer.entity.RenderItem.renderItemAndEffectIntoGUI(Lnet/minecraft/client/gui/FontRenderer;Lnet/minecraft/client/renderer/texture/TextureManager;Lnet/minecraft/item/ItemStack;II)V (170 bytes) @ 0x0304df98 [0x0304dec0+0xd8]
j  net.minecraft.client.gui.inventory.GuiContainerCreative.func_147051_a(Lnet/minecraft/creativetab/CreativeTabs;)V+233
j  net.minecraft.client.gui.inventory.GuiContainerCreative.drawGuiContainerBackgroundLayer(FII)V+117
j  net.minecraft.client.gui.inventory.GuiContainer.drawScreen(IIF)V+20
j  net.minecraft.client.renderer.InventoryEffectRenderer.drawScreen(IIF)V+4
j  net.minecraft.client.gui.inventory.GuiContainerCreative.drawScreen(IIF)V+184
J 3965 C1 net.minecraft.client.renderer.EntityRenderer.updateCameraAndRender(F)V (874 bytes) @ 0x0311cdd0 [0x0311b870+0x1560]
J 3887 C1 net.minecraft.client.Minecraft.runGameLoop()V (769 bytes) @ 0x030e8f38 [0x030e8680+0x8b8]
j  net.minecraft.client.Minecraft.run()V+61
j  net.minecraft.client.main.Main.main([Ljava/lang/String;)V+998
v  ~StubRoutines::call_stub
V  [jvm.dll+0x158bf5]
V  [jvm.dll+0x21e0be]
V  [jvm.dll+0x158c8e]
V  [jvm.dll+0x165408]
V  [jvm.dll+0x165673]
V  [jvm.dll+0x102393]
C  [java.dll+0x3b26]
j  sun.reflect.NativeMethodAccessorImpl.invoke(Ljava/lang/Object;[Ljava/lang/Object;)Ljava/lang/Object;+100
j  sun.reflect.DelegatingMethodAccessorImpl.invoke(Ljava/lang/Object;[Ljava/lang/Object;)Ljava/lang/Object;+6
j  java.lang.reflect.Method.invoke(Ljava/lang/Object;[Ljava/lang/Object;)Ljava/lang/Object;+56
j  net.minecraft.launchwrapper.Launch.launch([Ljava/lang/String;)V+661
j  net.minecraft.launchwrapper.Launch.main([Ljava/lang/String;)V+8
j  net.minecraftforge.gradle.GradleStartCommon.launch([Ljava/lang/String;)V+181
j  GradleStart.main([Ljava/lang/String;)V+11
v  ~StubRoutines::call_stub
V  [jvm.dll+0x158bf5]
V  [jvm.dll+0x21e0be]
V  [jvm.dll+0x158c8e]
V  [jvm.dll+0xdaca7]
V  [jvm.dll+0xe323f]
C  [javaw.exe+0x229a]
C  [javaw.exe+0xaebf]
C  [javaw.exe+0xaf49]
C  [KERNEL32.DLL+0x138f4]
C  [ntdll.dll+0x65e13]
C  [ntdll.dll+0x65dde]
C  0x00000000

Java frames: (J=compiled Java code, j=interpreted, Vv=VM code)
J 2218  org.lwjgl.opengl.GL11.nglDrawArrays(IIIJ)V (0 bytes) @ 0x02cc05f6 [0x02cc05a0+0x56]
J 2206 C1 net.minecraft.client.renderer.Tessellator.draw()I (405 bytes) @ 0x02cb9088 [0x02cb89a0+0x6e8]
j  net.minecraft.client.model.TexturedQuad.draw(Lnet/minecraft/client/renderer/Tessellator;F)V+194
j  net.minecraft.client.model.ModelBox.render(Lnet/minecraft/client/renderer/Tessellator;F)V+19
j  net.minecraft.client.model.ModelRenderer.compileDisplayList(F)V+52
J 3344 C1 net.minecraft.client.model.ModelRenderer.render(F)V (411 bytes) @ 0x02f204e4 [0x02f20480+0x64]
j  net.minecraft.client.model.ModelChest.renderAll()V+20
j  net.minecraft.client.renderer.tileentity.TileEntityChestRenderer.renderTileEntityAt(Lnet/minecraft/tileentity/TileEntityChest;DDDF)V+539
j  net.minecraft.client.renderer.tileentity.TileEntityChestRenderer.renderTileEntityAt(Lnet/minecraft/tileentity/TileEntity;DDDF)V+12
j  net.minecraft.client.renderer.tileentity.TileEntityRendererDispatcher.renderTileEntityAt(Lnet/minecraft/tileentity/TileEntity;DDDF)V+22
j  net.minecraft.client.renderer.tileentity.TileEntityRendererChestHelper.renderChest(Lnet/minecraft/block/Block;IF)V+59
J 3416 C1 net.minecraft.client.renderer.RenderBlocks.renderBlockAsItem(Lnet/minecraft/block/Block;IF)V (3421 bytes) @ 0x02f82e9c [0x02f80e80+0x201c]
J 3721 C1 net.minecraft.client.renderer.entity.RenderItem.renderItemIntoGUI(Lnet/minecraft/client/gui/FontRenderer;Lnet/minecraft/client/renderer/texture/TextureManager;Lnet/minecraft/item/ItemStack;IIZ)V (931 bytes) @ 0x03055998 [0x03052d30+0x2c68]
J 3719 C1 net.minecraft.client.renderer.entity.RenderItem.renderItemAndEffectIntoGUI(Lnet/minecraft/client/gui/FontRenderer;Lnet/minecraft/client/renderer/texture/TextureManager;Lnet/minecraft/item/ItemStack;II)V (170 bytes) @ 0x0304df98 [0x0304dec0+0xd8]
j  net.minecraft.client.gui.inventory.GuiContainerCreative.func_147051_a(Lnet/minecraft/creativetab/CreativeTabs;)V+233
j  net.minecraft.client.gui.inventory.GuiContainerCreative.drawGuiContainerBackgroundLayer(FII)V+117
j  net.minecraft.client.gui.inventory.GuiContainer.drawScreen(IIF)V+20
j  net.minecraft.client.renderer.InventoryEffectRenderer.drawScreen(IIF)V+4
j  net.minecraft.client.gui.inventory.GuiContainerCreative.drawScreen(IIF)V+184
J 3965 C1 net.minecraft.client.renderer.EntityRenderer.updateCameraAndRender(F)V (874 bytes) @ 0x0311cdd0 [0x0311b870+0x1560]
J 3887 C1 net.minecraft.client.Minecraft.runGameLoop()V (769 bytes) @ 0x030e8f38 [0x030e8680+0x8b8]
j  net.minecraft.client.Minecraft.run()V+61
j  net.minecraft.client.main.Main.main([Ljava/lang/String;)V+998
v  ~StubRoutines::call_stub
j  sun.reflect.NativeMethodAccessorImpl.invoke0(Ljava/lang/reflect/Method;Ljava/lang/Object;[Ljava/lang/Object;)Ljava/lang/Object;+0
j  sun.reflect.NativeMethodAccessorImpl.invoke(Ljava/lang/Object;[Ljava/lang/Object;)Ljava/lang/Object;+100
j  sun.reflect.DelegatingMethodAccessorImpl.invoke(Ljava/lang/Object;[Ljava/lang/Object;)Ljava/lang/Object;+6
j  java.lang.reflect.Method.invoke(Ljava/lang/Object;[Ljava/lang/Object;)Ljava/lang/Object;+56
j  net.minecraft.launchwrapper.Launch.launch([Ljava/lang/String;)V+661
j  net.minecraft.launchwrapper.Launch.main([Ljava/lang/String;)V+8
j  net.minecraftforge.gradle.GradleStartCommon.launch([Ljava/lang/String;)V+181
j  GradleStart.main([Ljava/lang/String;)V+11
v  ~StubRoutines::call_stub

---------------  P R O C E S S  ---------------

Java Threads: ( => current thread )
  0x5970f000 JavaThread "File IO Thread" [_thread_blocked, id=5152, stack(0x68270000,0x682c0000)]
  0x5970e800 JavaThread "pool-2-thread-1" [_thread_blocked, id=12912, stack(0x681e0000,0x68230000)]
  0x5970f400 JavaThread "Chunk I/O Executor Thread-1" daemon [_thread_blocked, id=13668, stack(0x68150000,0x681a0000)]
  0x5970e400 JavaThread "Netty IO #1" daemon [_thread_in_native, id=4924, stack(0x67fc0000,0x68010000)]
  0x64f66800 JavaThread "Netty Client IO #0" daemon [_thread_in_native, id=11872, stack(0x67f30000,0x67f80000)]
  0x60c2b400 JavaThread "Netty IO #0" daemon [_thread_in_native, id=14648, stack(0x67ea0000,0x67ef0000)]
  0x47c29800 JavaThread "Server thread" [_thread_blocked, id=9592, stack(0x562e0000,0x56330000)]
  0x5e45e400 JavaThread "Snooper Timer" daemon [_thread_blocked, id=5584, stack(0x537e0000,0x53830000)]
  0x6ee5c800 JavaThread "Thread-11" [_thread_blocked, id=6976, stack(0x62910000,0x62960000)]
  0x61396400 JavaThread "Thread-10" [_thread_blocked, id=14784, stack(0x5e680000,0x5e6d0000)]
  0x47cae400 JavaThread "LWJGL Timer" daemon [_thread_blocked, id=13964, stack(0x56520000,0x56570000)]
  0x47d64c00 JavaThread "Java2D Disposer" daemon [_thread_blocked, id=9292, stack(0x48840000,0x48890000)]
  0x480ac400 JavaThread "Timer hack thread" daemon [_thread_blocked, id=4492, stack(0x487b0000,0x48800000)]
  0x48054400 JavaThread "Snooper Timer" daemon [_thread_blocked, id=9312, stack(0x48700000,0x48750000)]
  0x46b07800 JavaThread "Service Thread" daemon [_thread_blocked, id=10324, stack(0x47810000,0x47860000)]
  0x46ada400 JavaThread "C1 CompilerThread0" daemon [_thread_blocked, id=6980, stack(0x47780000,0x477d0000)]
  0x46ad4000 JavaThread "JDWP Command Reader" daemon [_thread_in_native, id=9740, stack(0x476f0000,0x47740000)]
  0x46ad3800 JavaThread "JDWP Event Helper Thread" daemon [_thread_blocked, id=13472, stack(0x47660000,0x476b0000)]
  0x46ad0c00 JavaThread "JDWP Transport Listener: dt_socket" daemon [_thread_blocked, id=6224, stack(0x475d0000,0x47620000)]
  0x46a96000 JavaThread "Attach Listener" daemon [_thread_blocked, id=7944, stack(0x471c0000,0x47210000)]
  0x46a95800 JavaThread "Signal Dispatcher" daemon [_thread_blocked, id=11296, stack(0x47130000,0x47180000)]
  0x46a94c00 JavaThread "Surrogate Locker Thread (Concurrent GC)" daemon [_thread_blocked, id=10144, stack(0x470a0000,0x470f0000)]
  0x46a6b800 JavaThread "Finalizer" daemon [_thread_blocked, id=14992, stack(0x46fb0000,0x47000000)]
  0x46a67400 JavaThread "Reference Handler" daemon [_thread_blocked, id=13480, stack(0x46f20000,0x46f70000)]
=>0x00d13800 JavaThread "Client thread" [_thread_in_native, id=6536, stack(0x00940000,0x00990000)]

Other Threads:
  0x46a60000 VMThread [stack: 0x46e90000,0x46ee0000] [id=3312]
  0x46b52000 WatcherThread [stack: 0x478a0000,0x478f0000] [id=14708]

VM state:not at safepoint (normal execution)

VM Mutex/Monitor currently owned by a thread: None

Heap:
 par new generation   total 314560K, used 218501K [0x04a00000, 0x19f50000, 0x19f50000)
  eden space 279616K,  66% used [0x04a00000, 0x0ff26060, 0x15b10000)
  from space 34944K,  94% used [0x15b10000, 0x17b4b4a0, 0x17d30000)
  to   space 34944K,   0% used [0x17d30000, 0x17d30000, 0x19f50000)
 concurrent mark-sweep generation total 699072K, used 137814K [0x19f50000, 0x44a00000, 0x44a00000)
 Metaspace       used 22476K, capacity 22688K, committed 22912K, reserved 22912K

Card table byte_map: [0x44a00000,0x44c10000] byte_map_base: 0x449db000

Marking Bits: (CMSBitMap*) 0x00de5ae8
 Bits: [0x44d70000, 0x462c5800)

Mod Union Table: (CMSBitMap*) 0x00de5b48
 Bits: [0x00cc0000, 0x00ceaab0)

Polling page: 0x00c60000

CodeCache: size=32768Kb used=9532Kb max_used=9922Kb free=23235Kb
 bounds [0x02820000, 0x031d8000, 0x04820000]
 total_blobs=4033 nmethods=3642 adapters=328
 compilation: enabled

Compilation events (10 events):
Event: 72.983 Thread 0x46ada400 4336             org.objectweb.asm.MethodVisitor::visitVarInsn (17 bytes)
Event: 72.983 Thread 0x46ada400 nmethod 4336 0x02a57d88 code [0x02a57e90, 0x02a57f4c]
Event: 72.983 Thread 0x46ada400 4337             org.objectweb.asm.ClassWriter::put122 (15 bytes)
Event: 72.983 Thread 0x46ada400 nmethod 4337 0x02a57ac8 code [0x02a57bd0, 0x02a57ca8]
Event: 72.983 Thread 0x46ada400 4338   !         java.net.URL::<init> (543 bytes)
Event: 72.985 Thread 0x46ada400 nmethod 4338 0x02a436c8 code [0x02a43a20, 0x02a46088]
Event: 73.002 Thread 0x46ada400 4339             java.io.WinNTFileSystem::normalizePrefix (132 bytes)
Event: 73.003 Thread 0x46ada400 nmethod 4339 0x02a0e888 code [0x02a0ea80, 0x02a0f520]
Event: 73.003 Thread 0x46ada400 4340             org.objectweb.asm.ByteVector::putInt (74 bytes)
Event: 73.003 Thread 0x46ada400 nmethod 4340 0x02a43348 code [0x02a43450, 0x02a4359c]

GC Heap History (10 events):
Event: 40.853 GC heap before
{Heap before GC invocations=11 (full 7):
 par new generation   total 314560K, used 279616K [0x04a00000, 0x19f50000, 0x19f50000)
  eden space 279616K, 100% used [0x04a00000, 0x15b10000, 0x15b10000)
  from space 34944K,   0% used [0x15b10000, 0x15b10000, 0x17d30000)
  to   space 34944K,   0% used [0x17d30000, 0x17d30000, 0x19f50000)
 concurrent mark-sweep generation total 699072K, used 57793K [0x19f50000, 0x44a00000, 0x44a00000)
 Metaspace       used 20138K, capacity 20354K, committed 20480K, reserved 20864K
Event: 40.869 GC heap after
Heap after GC invocations=12 (full 7):
 par new generation   total 314560K, used 34944K [0x04a00000, 0x19f50000, 0x19f50000)
  eden space 279616K,   0% used [0x04a00000, 0x04a00000, 0x15b10000)
  from space 34944K, 100% used [0x17d30000, 0x19f50000, 0x19f50000)
  to   space 34944K,   0% used [0x15b10000, 0x15b10000, 0x17d30000)
 concurrent mark-sweep generation total 699072K, used 65328K [0x19f50000, 0x44a00000, 0x44a00000)
 Metaspace       used 20138K, capacity 20354K, committed 20480K, reserved 20864K
}
Event: 41.375 GC heap before
{Heap before GC invocations=12 (full 8):
 par new generation   total 314560K, used 119948K [0x04a00000, 0x19f50000, 0x19f50000)
  eden space 279616K,  30% used [0x04a00000, 0x09d030d8, 0x15b10000)
  from space 34944K, 100% used [0x17d30000, 0x19f50000, 0x19f50000)
  to   space 34944K,   0% used [0x15b10000, 0x15b10000, 0x17d30000)
 concurrent mark-sweep generation total 699072K, used 65328K [0x19f50000, 0x44a00000, 0x44a00000)
 Metaspace       used 20963K, capacity 21186K, committed 21376K, reserved 21888K
Event: 41.581 GC heap after
Heap after GC invocations=13 (full 9):
 par new generation   total 314560K, used 0K [0x04a00000, 0x19f50000, 0x19f50000)
  eden space 279616K,   0% used [0x04a00000, 0x04a00000, 0x15b10000)
  from space 34944K,   0% used [0x17d30000, 0x17d30000, 0x19f50000)
  to   space 34944K,   0% used [0x15b10000, 0x15b10000, 0x17d30000)
 concurrent mark-sweep generation total 699072K, used 105030K [0x19f50000, 0x44a00000, 0x44a00000)
 Metaspace       used 20963K, capacity 21186K, committed 21376K, reserved 21888K
}
Event: 43.435 GC heap before
{Heap before GC invocations=13 (full 9):
 par new generation   total 314560K, used 275342K [0x04a00000, 0x19f50000, 0x19f50000)
  eden space 279616K,  98% used [0x04a00000, 0x156e3830, 0x15b10000)
  from space 34944K,   0% used [0x17d30000, 0x17d30000, 0x19f50000)
  to   space 34944K,   0% used [0x15b10000, 0x15b10000, 0x17d30000)
 concurrent mark-sweep generation total 699072K, used 105030K [0x19f50000, 0x44a00000, 0x44a00000)
 Metaspace       used 22302K, capacity 22528K, committed 22656K, reserved 22912K
Event: 43.445 GC heap after
Heap after GC invocations=14 (full 9):
 par new generation   total 314560K, used 32506K [0x04a00000, 0x19f50000, 0x19f50000)
  eden space 279616K,   0% used [0x04a00000, 0x04a00000, 0x15b10000)
  from space 34944K,  93% used [0x15b10000, 0x17aceb60, 0x17d30000)
  to   space 34944K,   0% used [0x17d30000, 0x17d30000, 0x19f50000)
 concurrent mark-sweep generation total 699072K, used 105030K [0x19f50000, 0x44a00000, 0x44a00000)
 Metaspace       used 22302K, capacity 22528K, committed 22656K, reserved 22912K
}
Event: 46.700 GC heap before
{Heap before GC invocations=14 (full 10):
 par new generation   total 314560K, used 297495K [0x04a00000, 0x19f50000, 0x19f50000)
  eden space 279616K,  94% used [0x04a00000, 0x14cc70c8, 0x15b10000)
  from space 34944K,  93% used [0x15b10000, 0x17aceb60, 0x17d30000)
  to   space 34944K,   0% used [0x17d30000, 0x17d30000, 0x19f50000)
 concurrent mark-sweep generation total 699072K, used 105030K [0x19f50000, 0x44a00000, 0x44a00000)
 Metaspace       used 22350K, capacity 22560K, committed 22784K, reserved 22912K
Event: 46.709 GC heap after
Heap after GC invocations=15 (full 10):
 par new generation   total 314560K, used 34944K [0x04a00000, 0x19f50000, 0x19f50000)
  eden space 279616K,   0% used [0x04a00000, 0x04a00000, 0x15b10000)
  from space 34944K, 100% used [0x17d30000, 0x19f50000, 0x19f50000)
  to   space 34944K,   0% used [0x15b10000, 0x15b10000, 0x17d30000)
 concurrent mark-sweep generation total 699072K, used 105513K [0x19f50000, 0x44a00000, 0x44a00000)
 Metaspace       used 22350K, capacity 22560K, committed 22784K, reserved 22912K
}
Event: 65.649 GC heap before
{Heap before GC invocations=15 (full 10):
 par new generation   total 314560K, used 314560K [0x04a00000, 0x19f50000, 0x19f50000)
  eden space 279616K, 100% used [0x04a00000, 0x15b10000, 0x15b10000)
  from space 34944K, 100% used [0x17d30000, 0x19f50000, 0x19f50000)
  to   space 34944K,   0% used [0x15b10000, 0x15b10000, 0x17d30000)
 concurrent mark-sweep generation total 699072K, used 103260K [0x19f50000, 0x44a00000, 0x44a00000)
 Metaspace       used 22413K, capacity 22624K, committed 22784K, reserved 22912K
Event: 65.689 GC heap after
Heap after GC invocations=16 (full 10):
 par new generation   total 314560K, used 33005K [0x04a00000, 0x19f50000, 0x19f50000)
  eden space 279616K,   0% used [0x04a00000, 0x04a00000, 0x15b10000)
  from space 34944K,  94% used [0x15b10000, 0x17b4b4a0, 0x17d30000)
  to   space 34944K,   0% used [0x17d30000, 0x17d30000, 0x19f50000)
 concurrent mark-sweep generation total 699072K, used 137814K [0x19f50000, 0x44a00000, 0x44a00000)
 Metaspace       used 22413K, capacity 22624K, committed 22784K, reserved 22912K
}

Deoptimization events (0 events):
No events

Internal exceptions (10 events):
Event: 72.790 Thread 0x61396400 Exception <a 'java/lang/InterruptedException': sleep interrupted> (0x0d29e9c0) thrown at [D:\re\workspace\8-2-build-windows-i586-cygwin\jdk8u73\6086\hotspot\src\share\vm\prims\jvm.cpp, line 3215]
Event: 72.811 Thread 0x61396400 Exception <a 'java/lang/InterruptedException': sleep interrupted> (0x0d29ec40) thrown at [D:\re\workspace\8-2-build-windows-i586-cygwin\jdk8u73\6086\hotspot\src\share\vm\prims\jvm.cpp, line 3215]
Event: 72.828 Thread 0x61396400 Exception <a 'java/lang/InterruptedException': sleep interrupted> (0x0d29eec0) thrown at [D:\re\workspace\8-2-build-windows-i586-cygwin\jdk8u73\6086\hotspot\src\share\vm\prims\jvm.cpp, line 3215]
Event: 72.843 Thread 0x61396400 Exception <a 'java/lang/InterruptedException': sleep interrupted> (0x0d29f140) thrown at [D:\re\workspace\8-2-build-windows-i586-cygwin\jdk8u73\6086\hotspot\src\share\vm\prims\jvm.cpp, line 3215]
Event: 72.856 Thread 0x61396400 Exception <a 'java/lang/InterruptedException': sleep interrupted> (0x0d29f3c0) thrown at [D:\re\workspace\8-2-build-windows-i586-cygwin\jdk8u73\6086\hotspot\src\share\vm\prims\jvm.cpp, line 3215]
Event: 72.868 Thread 0x61396400 Exception <a 'java/lang/InterruptedException': sleep interrupted> (0x0d29f640) thrown at [D:\re\workspace\8-2-build-windows-i586-cygwin\jdk8u73\6086\hotspot\src\share\vm\prims\jvm.cpp, line 3215]
Event: 72.881 Thread 0x61396400 Exception <a 'java/lang/InterruptedException': sleep interrupted> (0x0d29f8c0) thrown at [D:\re\workspace\8-2-build-windows-i586-cygwin\jdk8u73\6086\hotspot\src\share\vm\prims\jvm.cpp, line 3215]
Event: 72.891 Thread 0x61396400 Exception <a 'java/lang/InterruptedException': sleep interrupted> (0x0d29fb40) thrown at [D:\re\workspace\8-2-build-windows-i586-cygwin\jdk8u73\6086\hotspot\src\share\vm\prims\jvm.cpp, line 3215]
Event: 72.911 Thread 0x61396400 Exception <a 'java/lang/InterruptedException': sleep interrupted> (0x0d29fdc0) thrown at [D:\re\workspace\8-2-build-windows-i586-cygwin\jdk8u73\6086\hotspot\src\share\vm\prims\jvm.cpp, line 3215]
Event: 72.976 Thread 0x61396400 Exception <a 'java/lang/InterruptedException': sleep interrupted> (0x0d2a0040) thrown at [D:\re\workspace\8-2-build-windows-i586-cygwin\jdk8u73\6086\hotspot\src\share\vm\prims\jvm.cpp, line 3215]

Events (10 events):
Event: 72.975 Thread 0x46ada400 flushing nmethod 0x02a58588
Event: 72.975 Thread 0x46ada400 flushing nmethod 0x02a5a388
Event: 72.975 Thread 0x46ada400 flushing nmethod 0x02a5a548
Event: 72.975 Thread 0x46ada400 flushing nmethod 0x02a5ae48
Event: 72.975 Thread 0x00d13800 DEOPT PACKING pc=0x02dd48db sp=0x0098ed20
Event: 72.975 Thread 0x00d13800 DEOPT UNPACKING pc=0x0285c5db sp=0x0098ec70 mode 1
Event: 72.976 Thread 0x61396400 DEOPT PACKING pc=0x0310e204 sp=0x5e6cf580
Event: 72.976 Thread 0x61396400 DEOPT UNPACKING pc=0x0285c5db sp=0x5e6cf40c mode 1
Event: 73.001 loading class net/minecraft/client/renderer/tileentity/TileEntityRendererChestHelper
Event: 73.001 loading class net/minecraft/client/renderer/tileentity/TileEntityRendererChestHelper done


Dynamic libraries:
0x009f0000 - 0x00a23000 	C:\Program Files (x86)\Java\jre1.8.0_73\bin\javaw.exe
0x77c00000 - 0x77d7b000 	C:\WINDOWS\SYSTEM32\ntdll.dll
0x76aa0000 - 0x76b80000 	C:\WINDOWS\SYSTEM32\KERNEL32.DLL
0x75e90000 - 0x7600e000 	C:\WINDOWS\SYSTEM32\KERNELBASE.dll
0x76e50000 - 0x76ecb000 	C:\WINDOWS\SYSTEM32\ADVAPI32.dll
0x77600000 - 0x776be000 	C:\WINDOWS\SYSTEM32\msvcrt.dll
0x775b0000 - 0x775f4000 	C:\WINDOWS\SYSTEM32\sechost.dll
0x76d40000 - 0x76ded000 	C:\WINDOWS\SYSTEM32\RPCRT4.dll
0x75d30000 - 0x75d4e000 	C:\WINDOWS\SYSTEM32\SspiCli.dll
0x75d20000 - 0x75d2a000 	C:\WINDOWS\SYSTEM32\CRYPTBASE.dll
0x76df0000 - 0x76e48000 	C:\WINDOWS\SYSTEM32\bcryptPrimitives.dll
0x76010000 - 0x76157000 	C:\WINDOWS\SYSTEM32\USER32.dll
0x77840000 - 0x7798f000 	C:\WINDOWS\SYSTEM32\GDI32.dll
0x72170000 - 0x7237f000 	C:\WINDOWS\WinSxS\x86_microsoft.windows.common-controls_6595b64144ccf1df_6.0.10586.0_none_d3c2e4e965da4528\COMCTL32.dll
0x762c0000 - 0x7647d000 	C:\WINDOWS\SYSTEM32\combase.dll
0x76a10000 - 0x76a3b000 	C:\WINDOWS\SYSTEM32\IMM32.DLL
0x6fc20000 - 0x6fcdf000 	C:\Program Files (x86)\Java\jre1.8.0_73\bin\msvcr100.dll
0x56880000 - 0x56c48000 	C:\Program Files (x86)\Java\jre1.8.0_73\bin\client\jvm.dll
0x76d30000 - 0x76d36000 	C:\WINDOWS\SYSTEM32\PSAPI.DLL
0x73490000 - 0x73498000 	C:\WINDOWS\SYSTEM32\WSOCK32.dll
0x72f40000 - 0x72f64000 	C:\WINDOWS\SYSTEM32\WINMM.dll
0x75c70000 - 0x75c78000 	C:\WINDOWS\SYSTEM32\VERSION.dll
0x76a40000 - 0x76a9f000 	C:\WINDOWS\SYSTEM32\WS2_32.dll
0x00c70000 - 0x00c93000 	C:\WINDOWS\SYSTEM32\WINMMBASE.dll
0x75e50000 - 0x75e87000 	C:\WINDOWS\SYSTEM32\cfgmgr32.dll
0x71330000 - 0x7133c000 	C:\Program Files (x86)\Java\jre1.8.0_73\bin\verify.dll
0x6eaa0000 - 0x6eac1000 	C:\Program Files (x86)\Java\jre1.8.0_73\bin\java.dll
0x712b0000 - 0x712d9000 	C:\Program Files (x86)\Java\jre1.8.0_73\bin\jdwp.dll
0x71510000 - 0x71517000 	C:\Program Files (x86)\Java\jre1.8.0_73\bin\npt.dll
0x6e5e0000 - 0x6e5f3000 	C:\Program Files (x86)\Java\jre1.8.0_73\bin\zip.dll
0x73aa0000 - 0x74e9e000 	C:\WINDOWS\SYSTEM32\SHELL32.dll
0x76480000 - 0x7697a000 	C:\WINDOWS\SYSTEM32\windows.storage.dll
0x76200000 - 0x76245000 	C:\WINDOWS\SYSTEM32\shlwapi.dll
0x75e40000 - 0x75e4c000 	C:\WINDOWS\SYSTEM32\kernel.appcore.dll
0x76980000 - 0x76a0d000 	C:\WINDOWS\SYSTEM32\shcore.dll
0x779a0000 - 0x779e4000 	C:\WINDOWS\SYSTEM32\powrprof.dll
0x77990000 - 0x7799f000 	C:\WINDOWS\SYSTEM32\profapi.dll
0x71300000 - 0x71308000 	C:\Program Files (x86)\Java\jre1.8.0_73\bin\dt_socket.dll
0x73590000 - 0x735a2000 	C:\WINDOWS\system32\napinsp.dll
0x73570000 - 0x73586000 	C:\WINDOWS\system32\pnrpnsp.dll
0x73550000 - 0x73564000 	C:\WINDOWS\system32\NLAapi.dll
0x73680000 - 0x736cf000 	C:\WINDOWS\System32\mswsock.dll
0x734c0000 - 0x73544000 	C:\WINDOWS\SYSTEM32\DNSAPI.dll
0x76fd0000 - 0x76fd7000 	C:\WINDOWS\SYSTEM32\NSI.dll
0x73480000 - 0x7348b000 	C:\WINDOWS\System32\winrnr.dll
0x73460000 - 0x73471000 	C:\WINDOWS\System32\wshbth.dll
0x63560000 - 0x63568000 	F:\Multisim\Shared\mDNS Responder\nimdnsNSP.dll
0x63550000 - 0x6355b000 	C:\WINDOWS\SYSTEM32\nimdnsResponder.dll
0x733b0000 - 0x73453000 	C:\WINDOWS\WinSxS\x86_microsoft.vc90.crt_1fc8b3b9a1e18e3b_9.0.30729.9177_none_5093cc7abcb795e9\MSVCR90.dll
0x758c0000 - 0x758ef000 	C:\WINDOWS\SYSTEM32\Iphlpapi.DLL
0x47230000 - 0x47252000 	C:\WINDOWS\system32\xunyount.dll
0x736d0000 - 0x736e4000 	C:\WINDOWS\SYSTEM32\dhcpcsvc.DLL
0x73670000 - 0x73678000 	C:\WINDOWS\system32\wshqos.dll
0x73660000 - 0x73667000 	C:\WINDOWS\SYSTEM32\wshtcpip.DLL
0x73650000 - 0x73657000 	C:\WINDOWS\SYSTEM32\wship6.dll
0x72700000 - 0x72747000 	C:\WINDOWS\System32\fwpuclnt.dll
0x75620000 - 0x7563b000 	C:\WINDOWS\SYSTEM32\bcrypt.dll
0x733a0000 - 0x733a8000 	C:\Windows\System32\rasadhlp.dll
0x712f0000 - 0x712fa000 	C:\Program Files (x86)\Java\jre1.8.0_73\bin\management.dll
0x6e450000 - 0x6e466000 	C:\Program Files (x86)\Java\jre1.8.0_73\bin\net.dll
0x712e0000 - 0x712ef000 	C:\Program Files (x86)\Java\jre1.8.0_73\bin\nio.dll
0x48650000 - 0x4869d000 	C:\Users\ASUS\.gradle\caches\minecraft\net\minecraft\minecraft_natives\1.7.10\lwjgl.dll
0x6da50000 - 0x6db30000 	C:\WINDOWS\SYSTEM32\OPENGL32.dll
0x6d8a0000 - 0x6d8c5000 	C:\WINDOWS\SYSTEM32\GLU32.dll
0x6d770000 - 0x6d85e000 	C:\WINDOWS\SYSTEM32\DDRAW.dll
0x6d760000 - 0x6d767000 	C:\WINDOWS\SYSTEM32\DCIMAN32.dll
0x75320000 - 0x75333000 	C:\WINDOWS\SYSTEM32\CRYPTSP.dll
0x752f0000 - 0x7531f000 	C:\WINDOWS\system32\rsaenh.dll
0x75b10000 - 0x75b29000 	C:\WINDOWS\SYSTEM32\USERENV.dll
0x72690000 - 0x726a3000 	C:\WINDOWS\SYSTEM32\dhcpcsvc6.DLL
0x682e0000 - 0x68425000 	C:\Program Files (x86)\Java\jre1.8.0_73\bin\awt.dll
0x779f0000 - 0x77a82000 	C:\WINDOWS\SYSTEM32\OLEAUT32.dll
0x75c80000 - 0x75d12000 	C:\WINDOWS\system32\apphelp.dll
0x71c10000 - 0x71c85000 	C:\WINDOWS\system32\uxtheme.dll
0x77490000 - 0x775af000 	C:\WINDOWS\SYSTEM32\MSCTF.dll
0x71450000 - 0x7146d000 	C:\WINDOWS\system32\dwmapi.dll
0x53860000 - 0x550cc000 	C:\WINDOWS\SYSTEM32\nvoglv32.DLL
0x77020000 - 0x7742b000 	C:\WINDOWS\SYSTEM32\SETUPAPI.dll
0x74fc0000 - 0x750ff000 	C:\WINDOWS\SYSTEM32\dbghelp.dll
0x75c60000 - 0x75c6f000 	C:\WINDOWS\SYSTEM32\WTSAPI32.dll
0x72750000 - 0x72772000 	C:\WINDOWS\SYSTEM32\DEVOBJ.dll
0x76be0000 - 0x76c22000 	C:\WINDOWS\SYSTEM32\WINTRUST.dll
0x76250000 - 0x7625e000 	C:\WINDOWS\SYSTEM32\MSASN1.dll
0x776c0000 - 0x77838000 	C:\WINDOWS\SYSTEM32\CRYPT32.dll
0x75510000 - 0x75538000 	C:\WINDOWS\SYSTEM32\ntmarta.dll
0x75d50000 - 0x75e3b000 	C:\WINDOWS\SYSTEM32\ole32.dll
0x76160000 - 0x761e4000 	C:\WINDOWS\SYSTEM32\clbcatq.dll
0x67260000 - 0x673a5000 	C:\WINDOWS\SYSTEM32\SogouTSF.ime
0x71350000 - 0x71356000 	C:\WINDOWS\SYSTEM32\MSIMG32.dll
0x4c490000 - 0x4c9ba000 	C:\WINDOWS\system32\SogouPy.ime
0x71e80000 - 0x71ed4000 	C:\WINDOWS\SYSTEM32\OLEACC.dll
0x4dc60000 - 0x4dd3f000 	D:\SogouInput\8.6.0.1565\Resource.dll
0x5e710000 - 0x5e8c9000 	D:\SogouInput\Components\PicFace\1.1.0.1766\PicFace.dll
0x76ed0000 - 0x76fc2000 	C:\WINDOWS\SYSTEM32\COMDLG32.dll
0x77430000 - 0x7748e000 	C:\WINDOWS\SYSTEM32\FirewallAPI.dll
0x76fe0000 - 0x76ff3000 	C:\WINDOWS\SYSTEM32\NETAPI32.dll
0x758f0000 - 0x758fb000 	C:\WINDOWS\SYSTEM32\DAVHLPR.DLL
0x755f0000 - 0x7561c000 	C:\WINDOWS\SYSTEM32\fwbase.dll
0x713d0000 - 0x7144f000 	C:\WINDOWS\SYSTEM32\mscms.dll
0x70ec0000 - 0x70efc000 	C:\WINDOWS\SYSTEM32\icm32.dll
0x735b0000 - 0x735f4000 	C:\WINDOWS\SYSTEM32\WINSTA.dll
0x6d8d0000 - 0x6d953000 	C:\WINDOWS\system32\dxgi.dll
0x6dfc0000 - 0x6e1da000 	C:\WINDOWS\system32\d3d11.dll
0x550d0000 - 0x561c1000 	C:\WINDOWS\SYSTEM32\nvwgf2um.dll
0x4d870000 - 0x4d889000 	C:\WINDOWS\system32\OpenAL32.dll
0x72d70000 - 0x72dc5000 	C:\WINDOWS\SYSTEM32\MMDevAPI.DLL
0x72780000 - 0x728cb000 	C:\WINDOWS\SYSTEM32\PROPSYS.dll
0x70e20000 - 0x70e58000 	C:\WINDOWS\SYSTEM32\wdmaud.drv
0x71340000 - 0x71347000 	C:\WINDOWS\SYSTEM32\ksuser.dll
0x70f90000 - 0x70f99000 	C:\WINDOWS\SYSTEM32\AVRT.dll
0x71470000 - 0x714d8000 	C:\WINDOWS\SYSTEM32\AUDIOSES.DLL
0x719a0000 - 0x71a68000 	C:\WINDOWS\SYSTEM32\wintypes.dll
0x711a0000 - 0x711a9000 	C:\WINDOWS\SYSTEM32\msacm32.drv
0x4d8c0000 - 0x4d8d8000 	C:\WINDOWS\SYSTEM32\MSACM32.dll
0x71120000 - 0x71128000 	C:\WINDOWS\SYSTEM32\midimap.dll
0x62960000 - 0x629e6000 	C:\WINDOWS\SYSTEM32\dsound.dll
0x62af0000 - 0x62f48000 	C:\WINDOWS\system32\wrap_oal.dll
0x63480000 - 0x634e5000 	C:\Users\ASUS\.gradle\caches\minecraft\net\minecraft\minecraft_natives\1.7.10\OpenAL32.dll
0x71290000 - 0x712b0000 	C:\Program Files (x86)\Java\jre1.8.0_73\bin\sunec.dll
0x6d960000 - 0x6d9d1000 	C:\WINDOWS\SYSTEM32\efswrt.dll
0x6df30000 - 0x6df79000 	C:\WINDOWS\SYSTEM32\edputil.dll

VM Arguments:
jvm_args: -agentlib:jdwp=transport=dt_socket,suspend=y,address=localhost:65187 -Xincgc -Xmx1024M -Xms1024M -Dfile.encoding=GBK 
java_command: GradleStart
java_class_path (initial): F:\forge-1.7.10-10.13.4.1558-1.7.10-src\bin;C:\Users\ASUS\.gradle\caches\minecraft\net\minecraftforge\forge\1.7.10-10.13.4.1564-1.7.10\forgeSrc-1.7.10-10.13.4.1564-1.7.10.jar;C:\Users\ASUS\.gradle\caches\modules-2\files-2.1\net.minecraft\launchwrapper\1.12\111e7bea9c968cdb3d06ef4632bf7ff0824d0f36\launchwrapper-1.12.jar;C:\Users\ASUS\.gradle\caches\modules-2\files-2.1\com.google.code.findbugs\jsr305\1.3.9\40719ea6961c0cb6afaeb6a921eaa1f6afd4cfdf\jsr305-1.3.9.jar;C:\Users\ASUS\.gradle\caches\modules-2\files-2.1\org.ow2.asm\asm-debug-all\5.0.3\f9e364ae2a66ce2a543012a4668856e84e5dab74\asm-debug-all-5.0.3.jar;C:\Users\ASUS\.gradle\caches\modules-2\files-2.1\com.typesafe.akka\akka-actor_2.11\2.3.3\ed62e9fc709ca0f2ff1a3220daa8b70a2870078e\akka-actor_2.11-2.3.3.jar;C:\Users\ASUS\.gradle\caches\modules-2\files-2.1\com.typesafe\config\1.2.1\f771f71fdae3df231bcd54d5ca2d57f0bf93f467\config-1.2.1.jar;C:\Users\ASUS\.gradle\caches\modules-2\files-2.1\org.scala-lang\scala-actors-migration_2.11\1.1.0\dfa8bc42b181d5b9f1a5dd147f8ae308b893eb6f\scala-actors-migration_2.11-1.1.0.jar;C:\Users\ASUS\.gradle\caches\modules-2\files-2.1\org.scala-lang\scala-compiler\2.11.1\56ea2e6c025e0821f28d73ca271218b8dd04926a\scala-compiler-2.11.1.jar;C:\Users\ASUS\.gradle\caches\modules-2\files-2.1\org.scala-lang.plugins\scala-continuations-library_2.11\1.0.2\e517c53a7e9acd6b1668c5a35eccbaa3bab9aac\scala-continuations-library_2.11-1.0.2.jar;C:\Users\ASUS\.gradle\caches\modules-2\files-2.1\org.scala-lang.plugins\scala-continuations-plugin_2.11.1\1.0.2\f361a3283452c57fa30c1ee69448995de23c60f7\scala-continuations-plugin_2.11.1-1.0.2.jar;C:\Users\ASUS\.gradle\caches\modules-2\files-2.1\org.scala-lang\scala-library\2.11.1\e11da23da3eabab9f4777b9220e60d44c1aab6a\scala-library-2.11.1.jar;C:\Users\ASUS\.gradle\caches\modules-2\files-2.1\org.scala-lang\scala-parser-combinators_2.11\1.0.1\f05d7345bf5a58924f2837c6c1f4d73a938e1ff0\scala-parser-combinators_2.11-1.0.1.jar;C:\Users\ASUS\.gra
Launcher Type: SUN_STANDARD

Environment Variables:
JAVA_HOME=C:\Program Files\Java\jdk1.8.0_45
CLASSPATH=.;C:\Program Files\Java\jdk1.8.0_45\lib\dt.jar;C:\Program Files\Java\jdk1.8.0_45\lib\tools.jar;
PATH=C:/Program Files (x86)/Java/jre1.8.0_73/bin/client;C:/Program Files (x86)/Java/jre1.8.0_73/bin;C:/Program Files (x86)/Java/jre1.8.0_73/lib/i386;C:\Program Files (x86)\Common Files\Microsoft Shared\Windows Live;C:\Cocos\frameworks\cocos2d-x-3.8.1\tools\cocos2d-console\bin;E:\cocos2d-x-3.10\templates;C:\Cocos\tools\Python27;C:\Program Files (x86)\NVIDIA Corporation\PhysX\Common;C:\ProgramData\Oracle\Java\javapath;C:\WINDOWS\system32;C:\WINDOWS;C:\WINDOWS\System32\Wbem;C:\WINDOWS\System32\WindowsPowerShell\v1.0\;C:\Users\ASUS\.dnx\bin;C:\Program Files\Microsoft DNX\Dnvm\;C:\Program Files (x86)\Windows Kits\10\Windows Performance Toolkit\;C:\Program Files\WIDCOMM\Bluetooth Software\;C:\Program Files\WIDCOMM\Bluetooth Software\syswow64;C:\Program Files (x86)\GtkSharp\2.12\bin;C:\Cocos\frameworks\cocos2d-x-3.8.1\tools\cocos2d-console\bin;E:\cocos2d-x-3.10\templates;C:\Cocos\tools\Python27;C:\WINDOWS\system32\config\systemprofile\.dnx\bin;C:\Program Files\Microsoft DNX\Dnvm\;C:\Program Files\Microsoft SQL Server\130\Tools\Binn\;C:\Program Files (x86)\Microsoft SQL Server\100\Tools\Binn\;C:\Program Files\Microsoft SQL Server\100\Tools\Binn\;C:\Program Files\Microsoft SQL Server\100\DTS\Binn\;F:\MATLAB\runtime\win64;F:\MATLAB\bin;F:\MATLAB\polyspace\bin;C:\Program Files\Git\cmd;C:\Python27;C:\Python27\Scripts;C:\Python27\Lib\site-packages\Django-1.7.11-py2.7.egg\django\bin;C:\Program Files\Java\jdk1.8.0_45\bin;C:\Program Files\Java\jdk1.8.0_45\jre\bin;E:\COCOS\Cocos2d-x\Cocos2d-x-3.10\templates;E:\COCOS\Cocos2d-x;COCOS\Cocos2d-x\Cocos2d-x-3.10\tools\cocos2d-console\bin;cocos2d-x-3.10\templates;C:\Python27\Scripts;C:\Python27;E:\eclipse-standard-kepler-SR2-win32\eclipse;
USERNAME=ASUS
OS=Windows_NT
PROCESSOR_IDENTIFIER=Intel64 Family 6 Model 60 Stepping 3, GenuineIntel



---------------  S Y S T E M  ---------------

OS: Windows 10.0 , 64 bit Build 10586 (10.0.10586.0)

CPU:total 8 (4 cores per cpu, 2 threads per core) family 6 model 60 stepping 3, cmov, cx8, fxsr, mmx, sse, sse2, sse3, ssse3, sse4.1, sse4.2, popcnt, avx, avx2, aes, clmul, erms, lzcnt, ht, tsc, tscinvbit, bmi1, bmi2

Memory: 4k page, physical 12469292k(6692048k free), swap 16565292k(6292856k free)

vm_info: Java HotSpot(TM) Client VM (25.73-b02) for windows-x86 JRE (1.8.0_73-b02), built on Jan 29 2016 17:05:52 by "java_re" with MS VC++ 10.0 (VS2010)

time: Sun Sep 24 22:39:31 2017
elapsed time: 73 seconds (0d 0h 1m 13s)

