#
# A fatal error has been detected by the Java Runtime Environment:
#
#  EXCEPTION_ACCESS_VIOLATION (0xc0000005) at pc=0x517fb381, pid=15684, tid=3396
#
# JRE version: Java(TM) SE Runtime Environment (8.0_73-b02) (build 1.8.0_73-b02)
# Java VM: Java HotSpot(TM) Client VM (25.73-b02 mixed mode windows-x86 )
# Problematic frame:
# C  [nvoglv32.DLL+0xa8b381]
#
# Failed to write core dump. Minidumps are not enabled by default on client versions of Windows
#
# If you would like to submit a bug report, please visit:
#   http://bugreport.java.com/bugreport/crash.jsp
# The crash happened outside the Java Virtual Machine in native code.
# See problematic frame for where to report the bug.
#

---------------  T H R E A D  ---------------

Current thread (0x008c3400):  JavaThread "Client thread" [_thread_in_native, id=3396, stack(0x00760000,0x007b0000)]

siginfo: ExceptionCode=0xc0000005, reading address 0x00000008

Registers:
EAX=0x00000000, EBX=0x00000000, ECX=0x00000000, EDX=0x00000000
ESP=0x007ad9e0, EBP=0x007ad9ec, ESI=0x00000000, EDI=0x00000000
EIP=0x517fb381, EFLAGS=0x00010246

Top of Stack: (sp=0x007ad9e0)
0x007ad9e0:   00000000 00000000 00000000 007ada0c
0x007ad9f0:   517fe636 00000000 007ade9c 55f77240
0x007ada00:   00000000 007ada5c 50d5974c 007ada34
0x007ada10:   517fcd6a 50c79020 00000000 007ada5c
0x007ada20:   007ade9c 00000000 55f77240 55e19aa0
0x007ada30:   50c79020 007ade6c 518e7633 50c79020
0x007ada40:   55f77240 55e19aa0 007ada5c 007ade9c
0x007ada50:   007ae01c 55e19aa0 55f77240 00000000 

Instructions: (pc=0x517fb381)
0x517fb361:   cc cc cc cc cc cc cc cc cc cc cc cc cc cc cc 55
0x517fb371:   8b ec 8b 45 08 8b 4d 08 53 56 8b 75 08 32 db 57
0x517fb381:   0f b7 78 08 85 ff 7e 20 83 c0 24 8d 64 24 00 0f
0x517fb391:   b7 50 fc 4a 74 22 83 ea 2c 75 07 b3 01 8b 08 8b 


Register to memory mapping:

EAX=0x00000000 is an unknown value
EBX=0x00000000 is an unknown value
ECX=0x00000000 is an unknown value
EDX=0x00000000 is an unknown value
ESP=0x007ad9e0 is pointing into the stack for thread: 0x008c3400
EBP=0x007ad9ec is pointing into the stack for thread: 0x008c3400
ESI=0x00000000 is an unknown value
EDI=0x00000000 is an unknown value


Stack: [0x00760000,0x007b0000],  sp=0x007ad9e0,  free space=310k
Native frames: (J=compiled Java code, j=interpreted, Vv=VM code, C=native code)
C  [nvoglv32.DLL+0xa8b381]
C  [nvoglv32.DLL+0xa8e636]
C  [nvoglv32.DLL+0xa8cd6a]
C  [nvoglv32.DLL+0xb77633]
C  [nvoglv32.DLL+0xb77b04]
C  [nvoglv32.DLL+0xaa9889]
C  [nvoglv32.DLL+0xaa9ac0]
C  [nvoglv32.DLL+0xaa9eed]
C  [nvoglv32.DLL+0xb780c6]
C  [nvoglv32.DLL+0xb70630]
C  [nvoglv32.DLL+0x978f70]
C  [lwjgl.dll+0x9c03]
J 2177 C1 net.minecraft.client.renderer.Tessellator.draw()I (405 bytes) @ 0x02abf15c [0x02abeb30+0x62c]
J 4318 C1 net.minecraft.client.renderer.WorldRenderer.postRenderBlocks(ILnet/minecraft/entity/EntityLivingBase;)V (75 bytes) @ 0x02fca3e4 [0x02fca340+0xa4]
j  net.minecraft.client.renderer.WorldRenderer.updateRendererSort(Lnet/minecraft/entity/EntityLivingBase;)V+34
J 3474 C1 net.minecraft.client.renderer.RenderGlobal.sortAndRender(Lnet/minecraft/entity/EntityLivingBase;ID)I (1189 bytes) @ 0x02da0f34 [0x02da0ab0+0x484]
J 4231 C1 net.minecraft.client.renderer.EntityRenderer.renderWorld(FJ)V (1565 bytes) @ 0x02f253c0 [0x02f24210+0x11b0]
J 2400 C1 net.minecraft.client.renderer.EntityRenderer.updateCameraAndRender(F)V (874 bytes) @ 0x02b3e0e4 [0x02b3d990+0x754]
J 2362 C1 net.minecraft.client.Minecraft.runGameLoop()V (769 bytes) @ 0x02b26a6c [0x02b26270+0x7fc]
j  net.minecraft.client.Minecraft.run()V+61
j  net.minecraft.client.main.Main.main([Ljava/lang/String;)V+998
v  ~StubRoutines::call_stub
V  [jvm.dll+0x158bf5]
V  [jvm.dll+0x21e0be]
V  [jvm.dll+0x158c8e]
V  [jvm.dll+0x165408]
V  [jvm.dll+0x165673]
V  [jvm.dll+0x102393]
C  [java.dll+0x3b26]
j  sun.reflect.NativeMethodAccessorImpl.invoke(Ljava/lang/Object;[Ljava/lang/Object;)Ljava/lang/Object;+100
j  sun.reflect.DelegatingMethodAccessorImpl.invoke(Ljava/lang/Object;[Ljava/lang/Object;)Ljava/lang/Object;+6
j  java.lang.reflect.Method.invoke(Ljava/lang/Object;[Ljava/lang/Object;)Ljava/lang/Object;+56
j  net.minecraft.launchwrapper.Launch.launch([Ljava/lang/String;)V+661
j  net.minecraft.launchwrapper.Launch.main([Ljava/lang/String;)V+8
j  net.minecraftforge.gradle.GradleStartCommon.launch([Ljava/lang/String;)V+181
j  GradleStart.main([Ljava/lang/String;)V+11
v  ~StubRoutines::call_stub
V  [jvm.dll+0x158bf5]
V  [jvm.dll+0x21e0be]
V  [jvm.dll+0x158c8e]
V  [jvm.dll+0xdaca7]
V  [jvm.dll+0xe323f]
C  [javaw.exe+0x229a]
C  [javaw.exe+0xaebf]
C  [javaw.exe+0xaf49]
C  [KERNEL32.DLL+0x138f4]
C  [ntdll.dll+0x65e13]
C  [ntdll.dll+0x65dde]
C  0x00000000

Java frames: (J=compiled Java code, j=interpreted, Vv=VM code)
J 2191  org.lwjgl.opengl.GL11.nglDrawArrays(IIIJ)V (0 bytes) @ 0x02ac62f6 [0x02ac62a0+0x56]
J 2177 C1 net.minecraft.client.renderer.Tessellator.draw()I (405 bytes) @ 0x02abf15c [0x02abeb30+0x62c]
J 4318 C1 net.minecraft.client.renderer.WorldRenderer.postRenderBlocks(ILnet/minecraft/entity/EntityLivingBase;)V (75 bytes) @ 0x02fca3e4 [0x02fca340+0xa4]
j  net.minecraft.client.renderer.WorldRenderer.updateRendererSort(Lnet/minecraft/entity/EntityLivingBase;)V+34
J 3474 C1 net.minecraft.client.renderer.RenderGlobal.sortAndRender(Lnet/minecraft/entity/EntityLivingBase;ID)I (1189 bytes) @ 0x02da0f34 [0x02da0ab0+0x484]
J 4231 C1 net.minecraft.client.renderer.EntityRenderer.renderWorld(FJ)V (1565 bytes) @ 0x02f253c0 [0x02f24210+0x11b0]
J 2400 C1 net.minecraft.client.renderer.EntityRenderer.updateCameraAndRender(F)V (874 bytes) @ 0x02b3e0e4 [0x02b3d990+0x754]
J 2362 C1 net.minecraft.client.Minecraft.runGameLoop()V (769 bytes) @ 0x02b26a6c [0x02b26270+0x7fc]
j  net.minecraft.client.Minecraft.run()V+61
j  net.minecraft.client.main.Main.main([Ljava/lang/String;)V+998
v  ~StubRoutines::call_stub
j  sun.reflect.NativeMethodAccessorImpl.invoke0(Ljava/lang/reflect/Method;Ljava/lang/Object;[Ljava/lang/Object;)Ljava/lang/Object;+0
j  sun.reflect.NativeMethodAccessorImpl.invoke(Ljava/lang/Object;[Ljava/lang/Object;)Ljava/lang/Object;+100
j  sun.reflect.DelegatingMethodAccessorImpl.invoke(Ljava/lang/Object;[Ljava/lang/Object;)Ljava/lang/Object;+6
j  java.lang.reflect.Method.invoke(Ljava/lang/Object;[Ljava/lang/Object;)Ljava/lang/Object;+56
j  net.minecraft.launchwrapper.Launch.launch([Ljava/lang/String;)V+661
j  net.minecraft.launchwrapper.Launch.main([Ljava/lang/String;)V+8
j  net.minecraftforge.gradle.GradleStartCommon.launch([Ljava/lang/String;)V+181
j  GradleStart.main([Ljava/lang/String;)V+11
v  ~StubRoutines::call_stub

---------------  P R O C E S S  ---------------

Java Threads: ( => current thread )
  0x5fe06400 JavaThread "File IO Thread" [_thread_blocked, id=1136, stack(0x62ff0000,0x63040000)]
  0x5fe07800 JavaThread "pool-2-thread-1" [_thread_blocked, id=11616, stack(0x63380000,0x633d0000)]
  0x5fe06c00 JavaThread "Chunk I/O Executor Thread-1" daemon [_thread_blocked, id=13228, stack(0x62f60000,0x62fb0000)]
  0x5fe06000 JavaThread "Netty IO #1" daemon [_thread_in_native, id=6880, stack(0x5dbc0000,0x5dc10000)]
  0x5fe05800 JavaThread "Netty Client IO #0" daemon [_thread_in_native, id=9556, stack(0x5db30000,0x5db80000)]
  0x5ed86c00 JavaThread "Netty IO #0" daemon [_thread_in_native, id=7448, stack(0x58e40000,0x58e90000)]
  0x47552400 JavaThread "Server thread" [_thread_blocked, id=9252, stack(0x566d0000,0x56720000)]
  0x59ea0400 JavaThread "Snooper Timer" daemon [_thread_blocked, id=15472, stack(0x56640000,0x56690000)]
  0x63845400 JavaThread "Thread-11" [_thread_blocked, id=13236, stack(0x5dd20000,0x5dd70000)]
  0x61ca6400 JavaThread "Thread-10" [_thread_blocked, id=9192, stack(0x5dc90000,0x5dce0000)]
  0x48afa000 JavaThread "LWJGL Timer" daemon [_thread_blocked, id=9316, stack(0x58db0000,0x58e00000)]
  0x47be8400 JavaThread "Java2D Disposer" daemon [_thread_blocked, id=6336, stack(0x49a80000,0x49ad0000)]
  0x47b4d400 JavaThread "Timer hack thread" daemon [_thread_blocked, id=3032, stack(0x48620000,0x48670000)]
  0x47a3a400 JavaThread "Snooper Timer" daemon [_thread_blocked, id=11068, stack(0x485d0000,0x48620000)]
  0x46b49c00 JavaThread "Service Thread" daemon [_thread_blocked, id=8340, stack(0x47330000,0x47380000)]
  0x46b1a400 JavaThread "C1 CompilerThread0" daemon [_thread_blocked, id=4364, stack(0x472a0000,0x472f0000)]
  0x46b19400 JavaThread "Attach Listener" daemon [_thread_blocked, id=16140, stack(0x47210000,0x47260000)]
  0x46b18c00 JavaThread "Signal Dispatcher" daemon [_thread_blocked, id=5780, stack(0x47180000,0x471d0000)]
  0x46b18800 JavaThread "Surrogate Locker Thread (Concurrent GC)" daemon [_thread_blocked, id=16188, stack(0x470f0000,0x47140000)]
  0x46abc800 JavaThread "Finalizer" daemon [_thread_blocked, id=4600, stack(0x47000000,0x47050000)]
  0x46ab8800 JavaThread "Reference Handler" daemon [_thread_blocked, id=5888, stack(0x46f70000,0x46fc0000)]
=>0x008c3400 JavaThread "Client thread" [_thread_in_native, id=3396, stack(0x00760000,0x007b0000)]

Other Threads:
  0x46ab2400 VMThread [stack: 0x46ee0000,0x46f30000] [id=13440]
  0x46b5b400 WatcherThread [stack: 0x473c0000,0x47410000] [id=7780]

VM state:not at safepoint (normal execution)

VM Mutex/Monitor currently owned by a thread: None

Heap:
 par new generation   total 314560K, used 130262K [0x04a00000, 0x19f50000, 0x19f50000)
  eden space 279616K,  35% used [0x04a00000, 0x0aa8b1a8, 0x15b10000)
  from space 34944K,  89% used [0x15b10000, 0x179ba9f0, 0x17d30000)
  to   space 34944K,   0% used [0x17d30000, 0x17d30000, 0x19f50000)
 concurrent mark-sweep generation total 699072K, used 130521K [0x19f50000, 0x44a00000, 0x44a00000)
 Metaspace       used 22636K, capacity 22824K, committed 23040K, reserved 23936K

Card table byte_map: [0x44a00000,0x44c10000] byte_map_base: 0x449db000

Marking Bits: (CMSBitMap*) 0x0099a718
 Bits: [0x44d70000, 0x462c5800)

Mod Union Table: (CMSBitMap*) 0x0099a778
 Bits: [0x009c0000, 0x009eaab0)

Polling page: 0x006d0000

CodeCache: size=32768Kb used=8638Kb max_used=9905Kb free=24129Kb
 bounds [0x02670000, 0x03040000, 0x04670000]
 total_blobs=3913 nmethods=3515 adapters=327
 compilation: enabled

Compilation events (10 events):
Event: 133.920 Thread 0x46b1a400 4671             org.lwjgl.opengl.GLContext::getCapabilitiesImpl (23 bytes)
Event: 133.920 Thread 0x46b1a400 nmethod 4671 0x027ff648 code [0x027ff750, 0x027ff82c]
Event: 133.979 Thread 0x46b1a400 4672             sun.nio.cs.ext.DoubleByte$Decoder::<init> (32 bytes)
Event: 133.980 Thread 0x46b1a400 nmethod 4672 0x027ff3c8 code [0x027ff4d0, 0x027ff5ac]
Event: 134.001 Thread 0x46b1a400 4673             net.minecraft.network.NetworkManager::isChannelOpen (25 bytes)
Event: 134.001 Thread 0x46b1a400 nmethod 4673 0x027ff188 code [0x027ff290, 0x027ff35c]
Event: 134.048 Thread 0x46b1a400 4674   !         java.util.AbstractList$Itr::next (45 bytes)
Event: 134.048 Thread 0x46b1a400 nmethod 4674 0x02731c08 code [0x02731d40, 0x02731fb0]
Event: 134.048 Thread 0x46b1a400 4675             java.util.AbstractList$Itr::checkForComodification (23 bytes)
Event: 134.048 Thread 0x46b1a400 nmethod 4675 0x027feec8 code [0x027fefd0, 0x027ff0dc]

GC Heap History (10 events):
Event: 84.995 GC heap before
{Heap before GC invocations=15 (full 9):
 par new generation   total 314560K, used 312064K [0x04a00000, 0x19f50000, 0x19f50000)
  eden space 279616K, 100% used [0x04a00000, 0x15b10000, 0x15b10000)
  from space 34944K,  92% used [0x17d30000, 0x19ce03c0, 0x19f50000)
  to   space 34944K,   0% used [0x15b10000, 0x15b10000, 0x17d30000)
 concurrent mark-sweep generation total 699072K, used 107354K [0x19f50000, 0x44a00000, 0x44a00000)
 Metaspace       used 22474K, capacity 22696K, committed 22912K, reserved 22912K
Event: 85.001 GC heap after
Heap after GC invocations=16 (full 9):
 par new generation   total 314560K, used 30996K [0x04a00000, 0x19f50000, 0x19f50000)
  eden space 279616K,   0% used [0x04a00000, 0x04a00000, 0x15b10000)
  from space 34944K,  88% used [0x15b10000, 0x17955328, 0x17d30000)
  to   space 34944K,   0% used [0x17d30000, 0x17d30000, 0x19f50000)
 concurrent mark-sweep generation total 699072K, used 107354K [0x19f50000, 0x44a00000, 0x44a00000)
 Metaspace       used 22474K, capacity 22696K, committed 22912K, reserved 22912K
}
Event: 87.706 GC heap before
{Heap before GC invocations=16 (full 9):
 par new generation   total 314560K, used 305118K [0x04a00000, 0x19f50000, 0x19f50000)
  eden space 279616K,  98% used [0x04a00000, 0x155b2690, 0x15b10000)
  from space 34944K,  88% used [0x15b10000, 0x17955328, 0x17d30000)
  to   space 34944K,   0% used [0x17d30000, 0x17d30000, 0x19f50000)
 concurrent mark-sweep generation total 699072K, used 105995K [0x19f50000, 0x44a00000, 0x44a00000)
 Metaspace       used 22539K, capacity 22760K, committed 22912K, reserved 22912K
Event: 87.718 GC heap after
Heap after GC invocations=17 (full 9):
 par new generation   total 314560K, used 34944K [0x04a00000, 0x19f50000, 0x19f50000)
  eden space 279616K,   0% used [0x04a00000, 0x04a00000, 0x15b10000)
  from space 34944K, 100% used [0x17d30000, 0x19f50000, 0x19f50000)
  to   space 34944K,   0% used [0x15b10000, 0x15b10000, 0x17d30000)
 concurrent mark-sweep generation total 699072K, used 116113K [0x19f50000, 0x44a00000, 0x44a00000)
 Metaspace       used 22539K, capacity 22760K, committed 22912K, reserved 22912K
}
Event: 99.344 GC heap before
{Heap before GC invocations=17 (full 10):
 par new generation   total 314560K, used 306829K [0x04a00000, 0x19f50000, 0x19f50000)
  eden space 279616K,  97% used [0x04a00000, 0x153835a0, 0x15b10000)
  from space 34944K, 100% used [0x17d30000, 0x19f50000, 0x19f50000)
  to   space 34944K,   0% used [0x15b10000, 0x15b10000, 0x17d30000)
 concurrent mark-sweep generation total 699072K, used 116113K [0x19f50000, 0x44a00000, 0x44a00000)
 Metaspace       used 22561K, capacity 22760K, committed 22912K, reserved 22912K
Event: 99.358 GC heap after
Heap after GC invocations=18 (full 10):
 par new generation   total 314560K, used 28332K [0x04a00000, 0x19f50000, 0x19f50000)
  eden space 279616K,   0% used [0x04a00000, 0x04a00000, 0x15b10000)
  from space 34944K,  81% used [0x15b10000, 0x176bb3b8, 0x17d30000)
  to   space 34944K,   0% used [0x17d30000, 0x17d30000, 0x19f50000)
 concurrent mark-sweep generation total 699072K, used 130984K [0x19f50000, 0x44a00000, 0x44a00000)
 Metaspace       used 22561K, capacity 22760K, committed 22912K, reserved 22912K
}
Event: 109.443 GC heap before
{Heap before GC invocations=18 (full 10):
 par new generation   total 314560K, used 307948K [0x04a00000, 0x19f50000, 0x19f50000)
  eden space 279616K, 100% used [0x04a00000, 0x15b10000, 0x15b10000)
  from space 34944K,  81% used [0x15b10000, 0x176bb3b8, 0x17d30000)
  to   space 34944K,   0% used [0x17d30000, 0x17d30000, 0x19f50000)
 concurrent mark-sweep generation total 699072K, used 130521K [0x19f50000, 0x44a00000, 0x44a00000)
 Metaspace       used 22566K, capacity 22760K, committed 22912K, reserved 22912K
Event: 109.448 GC heap after
Heap after GC invocations=19 (full 10):
 par new generation   total 314560K, used 20809K [0x04a00000, 0x19f50000, 0x19f50000)
  eden space 279616K,   0% used [0x04a00000, 0x04a00000, 0x15b10000)
  from space 34944K,  59% used [0x17d30000, 0x191827f8, 0x19f50000)
  to   space 34944K,   0% used [0x15b10000, 0x15b10000, 0x17d30000)
 concurrent mark-sweep generation total 699072K, used 130521K [0x19f50000, 0x44a00000, 0x44a00000)
 Metaspace       used 22566K, capacity 22760K, committed 22912K, reserved 22912K
}
Event: 130.444 GC heap before
{Heap before GC invocations=19 (full 11):
 par new generation   total 314560K, used 300425K [0x04a00000, 0x19f50000, 0x19f50000)
  eden space 279616K, 100% used [0x04a00000, 0x15b10000, 0x15b10000)
  from space 34944K,  59% used [0x17d30000, 0x191827f8, 0x19f50000)
  to   space 34944K,   0% used [0x15b10000, 0x15b10000, 0x17d30000)
 concurrent mark-sweep generation total 699072K, used 130521K [0x19f50000, 0x44a00000, 0x44a00000)
 Metaspace       used 22635K, capacity 22824K, committed 23040K, reserved 23936K
Event: 130.450 GC heap after
Heap after GC invocations=20 (full 11):
 par new generation   total 314560K, used 31402K [0x04a00000, 0x19f50000, 0x19f50000)
  eden space 279616K,   0% used [0x04a00000, 0x04a00000, 0x15b10000)
  from space 34944K,  89% used [0x15b10000, 0x179ba9f0, 0x17d30000)
  to   space 34944K,   0% used [0x17d30000, 0x17d30000, 0x19f50000)
 concurrent mark-sweep generation total 699072K, used 130521K [0x19f50000, 0x44a00000, 0x44a00000)
 Metaspace       used 22635K, capacity 22824K, committed 23040K, reserved 23936K
}

Deoptimization events (0 events):
No events

Internal exceptions (10 events):
Event: 133.945 Thread 0x61ca6400 Exception <a 'java/lang/InterruptedException': sleep interrupted> (0x07c49e18) thrown at [D:\re\workspace\8-2-build-windows-i586-cygwin\jdk8u73\6086\hotspot\src\share\vm\prims\jvm.cpp, line 3215]
Event: 133.963 Thread 0x61ca6400 Exception <a 'java/lang/InterruptedException': sleep interrupted> (0x07c4a098) thrown at [D:\re\workspace\8-2-build-windows-i586-cygwin\jdk8u73\6086\hotspot\src\share\vm\prims\jvm.cpp, line 3215]
Event: 133.980 Thread 0x61ca6400 Exception <a 'java/lang/InterruptedException': sleep interrupted> (0x07c4a318) thrown at [D:\re\workspace\8-2-build-windows-i586-cygwin\jdk8u73\6086\hotspot\src\share\vm\prims\jvm.cpp, line 3215]
Event: 134.009 Thread 0x61ca6400 Exception <a 'java/lang/InterruptedException': sleep interrupted> (0x07c4a598) thrown at [D:\re\workspace\8-2-build-windows-i586-cygwin\jdk8u73\6086\hotspot\src\share\vm\prims\jvm.cpp, line 3215]
Event: 134.023 Thread 0x61ca6400 Exception <a 'java/lang/InterruptedException': sleep interrupted> (0x07c4a818) thrown at [D:\re\workspace\8-2-build-windows-i586-cygwin\jdk8u73\6086\hotspot\src\share\vm\prims\jvm.cpp, line 3215]
Event: 134.036 Thread 0x61ca6400 Exception <a 'java/lang/InterruptedException': sleep interrupted> (0x07c4aa98) thrown at [D:\re\workspace\8-2-build-windows-i586-cygwin\jdk8u73\6086\hotspot\src\share\vm\prims\jvm.cpp, line 3215]
Event: 134.048 Thread 0x61ca6400 Exception <a 'java/lang/InterruptedException': sleep interrupted> (0x07c4ad18) thrown at [D:\re\workspace\8-2-build-windows-i586-cygwin\jdk8u73\6086\hotspot\src\share\vm\prims\jvm.cpp, line 3215]
Event: 134.069 Thread 0x61ca6400 Exception <a 'java/lang/InterruptedException': sleep interrupted> (0x07c4af98) thrown at [D:\re\workspace\8-2-build-windows-i586-cygwin\jdk8u73\6086\hotspot\src\share\vm\prims\jvm.cpp, line 3215]
Event: 134.082 Thread 0x61ca6400 Exception <a 'java/lang/InterruptedException': sleep interrupted> (0x07c4b218) thrown at [D:\re\workspace\8-2-build-windows-i586-cygwin\jdk8u73\6086\hotspot\src\share\vm\prims\jvm.cpp, line 3215]
Event: 134.101 Thread 0x61ca6400 Exception <a 'java/lang/InterruptedException': sleep interrupted> (0x07c4b498) thrown at [D:\re\workspace\8-2-build-windows-i586-cygwin\jdk8u73\6086\hotspot\src\share\vm\prims\jvm.cpp, line 3215]

Events (10 events):
Event: 133.372 Thread 0x46b1a400 flushing nmethod 0x0293e588
Event: 133.372 Thread 0x46b1a400 flushing nmethod 0x0293e808
Event: 133.372 Thread 0x46b1a400 flushing nmethod 0x0293ef88
Event: 133.372 Thread 0x46b1a400 flushing nmethod 0x0293fa88
Event: 133.372 Thread 0x46b1a400 flushing nmethod 0x0293fe08
Event: 133.372 Thread 0x46b1a400 flushing nmethod 0x02940708
Event: 133.372 Thread 0x46b1a400 flushing nmethod 0x02940ac8
Event: 133.372 Thread 0x46b1a400 flushing nmethod 0x02942708
Event: 133.372 Thread 0x46b1a400 flushing nmethod 0x02942a08
Event: 133.372 Thread 0x46b1a400 flushing nmethod 0x02943208


Dynamic libraries:
0x009f0000 - 0x00a23000 	C:\Program Files (x86)\Java\jre1.8.0_73\bin\javaw.exe
0x77c00000 - 0x77d7b000 	C:\WINDOWS\SYSTEM32\ntdll.dll
0x76aa0000 - 0x76b80000 	C:\WINDOWS\SYSTEM32\KERNEL32.DLL
0x75e90000 - 0x7600e000 	C:\WINDOWS\SYSTEM32\KERNELBASE.dll
0x76e50000 - 0x76ecb000 	C:\WINDOWS\SYSTEM32\ADVAPI32.dll
0x77600000 - 0x776be000 	C:\WINDOWS\SYSTEM32\msvcrt.dll
0x775b0000 - 0x775f4000 	C:\WINDOWS\SYSTEM32\sechost.dll
0x76d40000 - 0x76ded000 	C:\WINDOWS\SYSTEM32\RPCRT4.dll
0x75d30000 - 0x75d4e000 	C:\WINDOWS\SYSTEM32\SspiCli.dll
0x75d20000 - 0x75d2a000 	C:\WINDOWS\SYSTEM32\CRYPTBASE.dll
0x76df0000 - 0x76e48000 	C:\WINDOWS\SYSTEM32\bcryptPrimitives.dll
0x76010000 - 0x76157000 	C:\WINDOWS\SYSTEM32\USER32.dll
0x77840000 - 0x7798f000 	C:\WINDOWS\SYSTEM32\GDI32.dll
0x72170000 - 0x7237f000 	C:\WINDOWS\WinSxS\x86_microsoft.windows.common-controls_6595b64144ccf1df_6.0.10586.0_none_d3c2e4e965da4528\COMCTL32.dll
0x762c0000 - 0x7647d000 	C:\WINDOWS\SYSTEM32\combase.dll
0x76a10000 - 0x76a3b000 	C:\WINDOWS\SYSTEM32\IMM32.DLL
0x68750000 - 0x6880f000 	C:\Program Files (x86)\Java\jre1.8.0_73\bin\msvcr100.dll
0x56880000 - 0x56c48000 	C:\Program Files (x86)\Java\jre1.8.0_73\bin\client\jvm.dll
0x76d30000 - 0x76d36000 	C:\WINDOWS\SYSTEM32\PSAPI.DLL
0x73490000 - 0x73498000 	C:\WINDOWS\SYSTEM32\WSOCK32.dll
0x72f40000 - 0x72f64000 	C:\WINDOWS\SYSTEM32\WINMM.dll
0x75c70000 - 0x75c78000 	C:\WINDOWS\SYSTEM32\VERSION.dll
0x76a40000 - 0x76a9f000 	C:\WINDOWS\SYSTEM32\WS2_32.dll
0x00680000 - 0x006a3000 	C:\WINDOWS\SYSTEM32\WINMMBASE.dll
0x75e50000 - 0x75e87000 	C:\WINDOWS\SYSTEM32\cfgmgr32.dll
0x69110000 - 0x6911c000 	C:\Program Files (x86)\Java\jre1.8.0_73\bin\verify.dll
0x68c80000 - 0x68ca1000 	C:\Program Files (x86)\Java\jre1.8.0_73\bin\java.dll
0x68920000 - 0x68933000 	C:\Program Files (x86)\Java\jre1.8.0_73\bin\zip.dll
0x73aa0000 - 0x74e9e000 	C:\WINDOWS\SYSTEM32\SHELL32.dll
0x76480000 - 0x7697a000 	C:\WINDOWS\SYSTEM32\windows.storage.dll
0x76200000 - 0x76245000 	C:\WINDOWS\SYSTEM32\shlwapi.dll
0x75e40000 - 0x75e4c000 	C:\WINDOWS\SYSTEM32\kernel.appcore.dll
0x76980000 - 0x76a0d000 	C:\WINDOWS\SYSTEM32\shcore.dll
0x779a0000 - 0x779e4000 	C:\WINDOWS\SYSTEM32\powrprof.dll
0x77990000 - 0x7799f000 	C:\WINDOWS\SYSTEM32\profapi.dll
0x71640000 - 0x7164a000 	C:\Program Files (x86)\Java\jre1.8.0_73\bin\management.dll
0x68900000 - 0x68916000 	C:\Program Files (x86)\Java\jre1.8.0_73\bin\net.dll
0x73680000 - 0x736cf000 	C:\WINDOWS\system32\mswsock.dll
0x68740000 - 0x6874f000 	C:\Program Files (x86)\Java\jre1.8.0_73\bin\nio.dll
0x73590000 - 0x735a2000 	C:\WINDOWS\system32\napinsp.dll
0x73570000 - 0x73586000 	C:\WINDOWS\system32\pnrpnsp.dll
0x73550000 - 0x73564000 	C:\WINDOWS\system32\NLAapi.dll
0x734c0000 - 0x73544000 	C:\WINDOWS\SYSTEM32\DNSAPI.dll
0x76fd0000 - 0x76fd7000 	C:\WINDOWS\SYSTEM32\NSI.dll
0x73480000 - 0x7348b000 	C:\WINDOWS\System32\winrnr.dll
0x73460000 - 0x73471000 	C:\WINDOWS\System32\wshbth.dll
0x63560000 - 0x63568000 	F:\Multisim\Shared\mDNS Responder\nimdnsNSP.dll
0x63550000 - 0x6355b000 	C:\WINDOWS\SYSTEM32\nimdnsResponder.dll
0x733b0000 - 0x73453000 	C:\WINDOWS\WinSxS\x86_microsoft.vc90.crt_1fc8b3b9a1e18e3b_9.0.30729.9177_none_5093cc7abcb795e9\MSVCR90.dll
0x758c0000 - 0x758ef000 	C:\WINDOWS\SYSTEM32\Iphlpapi.DLL
0x47d10000 - 0x47d32000 	C:\WINDOWS\system32\xunyount.dll
0x736d0000 - 0x736e4000 	C:\WINDOWS\SYSTEM32\dhcpcsvc.DLL
0x73670000 - 0x73678000 	C:\WINDOWS\system32\wshqos.dll
0x73660000 - 0x73667000 	C:\WINDOWS\SYSTEM32\wshtcpip.DLL
0x73650000 - 0x73657000 	C:\WINDOWS\SYSTEM32\wship6.dll
0x733a0000 - 0x733a8000 	C:\Windows\System32\rasadhlp.dll
0x72700000 - 0x72747000 	C:\WINDOWS\System32\fwpuclnt.dll
0x75620000 - 0x7563b000 	C:\WINDOWS\SYSTEM32\bcrypt.dll
0x47dc0000 - 0x47e0d000 	C:\Users\ASUS\.gradle\caches\minecraft\net\minecraft\minecraft_natives\1.7.10\lwjgl.dll
0x6da50000 - 0x6db30000 	C:\WINDOWS\SYSTEM32\OPENGL32.dll
0x6d770000 - 0x6d85e000 	C:\WINDOWS\SYSTEM32\DDRAW.dll
0x6d8a0000 - 0x6d8c5000 	C:\WINDOWS\SYSTEM32\GLU32.dll
0x6d760000 - 0x6d767000 	C:\WINDOWS\SYSTEM32\DCIMAN32.dll
0x75320000 - 0x75333000 	C:\WINDOWS\SYSTEM32\CRYPTSP.dll
0x752f0000 - 0x7531f000 	C:\WINDOWS\system32\rsaenh.dll
0x75b10000 - 0x75b29000 	C:\WINDOWS\SYSTEM32\USERENV.dll
0x72690000 - 0x726a3000 	C:\WINDOWS\SYSTEM32\dhcpcsvc6.DLL
0x64fd0000 - 0x65115000 	C:\Program Files (x86)\Java\jre1.8.0_73\bin\awt.dll
0x779f0000 - 0x77a82000 	C:\WINDOWS\SYSTEM32\OLEAUT32.dll
0x75c80000 - 0x75d12000 	C:\WINDOWS\system32\apphelp.dll
0x71c10000 - 0x71c85000 	C:\WINDOWS\system32\uxtheme.dll
0x77490000 - 0x775af000 	C:\WINDOWS\SYSTEM32\MSCTF.dll
0x71450000 - 0x7146d000 	C:\WINDOWS\system32\dwmapi.dll
0x50d70000 - 0x525dc000 	C:\WINDOWS\SYSTEM32\nvoglv32.DLL
0x77020000 - 0x7742b000 	C:\WINDOWS\SYSTEM32\SETUPAPI.dll
0x74fc0000 - 0x750ff000 	C:\WINDOWS\SYSTEM32\dbghelp.dll
0x75c60000 - 0x75c6f000 	C:\WINDOWS\SYSTEM32\WTSAPI32.dll
0x72750000 - 0x72772000 	C:\WINDOWS\SYSTEM32\DEVOBJ.dll
0x76be0000 - 0x76c22000 	C:\WINDOWS\SYSTEM32\WINTRUST.dll
0x76250000 - 0x7625e000 	C:\WINDOWS\SYSTEM32\MSASN1.dll
0x776c0000 - 0x77838000 	C:\WINDOWS\SYSTEM32\CRYPT32.dll
0x75510000 - 0x75538000 	C:\WINDOWS\SYSTEM32\ntmarta.dll
0x75d50000 - 0x75e3b000 	C:\WINDOWS\SYSTEM32\ole32.dll
0x76160000 - 0x761e4000 	C:\WINDOWS\SYSTEM32\clbcatq.dll
0x67260000 - 0x673a5000 	C:\WINDOWS\SYSTEM32\SogouTSF.ime
0x71350000 - 0x71356000 	C:\WINDOWS\SYSTEM32\MSIMG32.dll
0x4c530000 - 0x4ca5a000 	C:\WINDOWS\system32\SogouPy.ime
0x71e80000 - 0x71ed4000 	C:\WINDOWS\SYSTEM32\OLEACC.dll
0x4dd30000 - 0x4de0f000 	D:\SogouInput\8.6.0.1565\Resource.dll
0x5e710000 - 0x5e8c9000 	D:\SogouInput\Components\PicFace\1.1.0.1766\PicFace.dll
0x76ed0000 - 0x76fc2000 	C:\WINDOWS\SYSTEM32\COMDLG32.dll
0x77430000 - 0x7748e000 	C:\WINDOWS\SYSTEM32\FirewallAPI.dll
0x76fe0000 - 0x76ff3000 	C:\WINDOWS\SYSTEM32\NETAPI32.dll
0x758f0000 - 0x758fb000 	C:\WINDOWS\SYSTEM32\DAVHLPR.DLL
0x755f0000 - 0x7561c000 	C:\WINDOWS\SYSTEM32\fwbase.dll
0x713d0000 - 0x7144f000 	C:\WINDOWS\SYSTEM32\mscms.dll
0x6d860000 - 0x6d89c000 	C:\WINDOWS\SYSTEM32\icm32.dll
0x735b0000 - 0x735f4000 	C:\WINDOWS\SYSTEM32\WINSTA.dll
0x6d8d0000 - 0x6d953000 	C:\WINDOWS\system32\dxgi.dll
0x6dfc0000 - 0x6e1da000 	C:\WINDOWS\system32\d3d11.dll
0x54bd0000 - 0x55cc1000 	C:\WINDOWS\SYSTEM32\nvwgf2um.dll
0x5dd70000 - 0x5dd89000 	C:\WINDOWS\system32\OpenAL32.dll
0x72d70000 - 0x72dc5000 	C:\WINDOWS\SYSTEM32\MMDevAPI.DLL
0x72780000 - 0x728cb000 	C:\WINDOWS\SYSTEM32\PROPSYS.dll
0x5dda0000 - 0x5ddd8000 	C:\WINDOWS\SYSTEM32\wdmaud.drv
0x71340000 - 0x71347000 	C:\WINDOWS\SYSTEM32\ksuser.dll
0x5dde0000 - 0x5dde9000 	C:\WINDOWS\SYSTEM32\AVRT.dll
0x71470000 - 0x714d8000 	C:\WINDOWS\SYSTEM32\AUDIOSES.DLL
0x719a0000 - 0x71a68000 	C:\WINDOWS\SYSTEM32\wintypes.dll
0x711a0000 - 0x711a9000 	C:\WINDOWS\SYSTEM32\msacm32.drv
0x5de10000 - 0x5de28000 	C:\WINDOWS\SYSTEM32\MSACM32.dll
0x5de30000 - 0x5de38000 	C:\WINDOWS\SYSTEM32\midimap.dll
0x5e2e0000 - 0x5e366000 	C:\WINDOWS\SYSTEM32\dsound.dll
0x5de80000 - 0x5e2d8000 	C:\WINDOWS\system32\wrap_oal.dll
0x62bf0000 - 0x62c55000 	C:\Users\ASUS\.gradle\caches\minecraft\net\minecraft\minecraft_natives\1.7.10\OpenAL32.dll
0x4da80000 - 0x4daa0000 	C:\Program Files (x86)\Java\jre1.8.0_73\bin\sunec.dll
0x68460000 - 0x685de000 	C:\Windows\SYSTEM32\urlmon.dll
0x68940000 - 0x68c0b000 	C:\Windows\SYSTEM32\iertutil.dll

VM Arguments:
jvm_args: -Xincgc -Xmx1024M -Xms1024M -Dfile.encoding=GBK 
java_command: GradleStart
java_class_path (initial): F:\forge-1.7.10-10.13.4.1558-1.7.10-src\bin;C:\Users\ASUS\.gradle\caches\minecraft\net\minecraftforge\forge\1.7.10-10.13.4.1564-1.7.10\forgeSrc-1.7.10-10.13.4.1564-1.7.10.jar;C:\Users\ASUS\.gradle\caches\modules-2\files-2.1\net.minecraft\launchwrapper\1.12\111e7bea9c968cdb3d06ef4632bf7ff0824d0f36\launchwrapper-1.12.jar;C:\Users\ASUS\.gradle\caches\modules-2\files-2.1\com.google.code.findbugs\jsr305\1.3.9\40719ea6961c0cb6afaeb6a921eaa1f6afd4cfdf\jsr305-1.3.9.jar;C:\Users\ASUS\.gradle\caches\modules-2\files-2.1\org.ow2.asm\asm-debug-all\5.0.3\f9e364ae2a66ce2a543012a4668856e84e5dab74\asm-debug-all-5.0.3.jar;C:\Users\ASUS\.gradle\caches\modules-2\files-2.1\com.typesafe.akka\akka-actor_2.11\2.3.3\ed62e9fc709ca0f2ff1a3220daa8b70a2870078e\akka-actor_2.11-2.3.3.jar;C:\Users\ASUS\.gradle\caches\modules-2\files-2.1\com.typesafe\config\1.2.1\f771f71fdae3df231bcd54d5ca2d57f0bf93f467\config-1.2.1.jar;C:\Users\ASUS\.gradle\caches\modules-2\files-2.1\org.scala-lang\scala-actors-migration_2.11\1.1.0\dfa8bc42b181d5b9f1a5dd147f8ae308b893eb6f\scala-actors-migration_2.11-1.1.0.jar;C:\Users\ASUS\.gradle\caches\modules-2\files-2.1\org.scala-lang\scala-compiler\2.11.1\56ea2e6c025e0821f28d73ca271218b8dd04926a\scala-compiler-2.11.1.jar;C:\Users\ASUS\.gradle\caches\modules-2\files-2.1\org.scala-lang.plugins\scala-continuations-library_2.11\1.0.2\e517c53a7e9acd6b1668c5a35eccbaa3bab9aac\scala-continuations-library_2.11-1.0.2.jar;C:\Users\ASUS\.gradle\caches\modules-2\files-2.1\org.scala-lang.plugins\scala-continuations-plugin_2.11.1\1.0.2\f361a3283452c57fa30c1ee69448995de23c60f7\scala-continuations-plugin_2.11.1-1.0.2.jar;C:\Users\ASUS\.gradle\caches\modules-2\files-2.1\org.scala-lang\scala-library\2.11.1\e11da23da3eabab9f4777b9220e60d44c1aab6a\scala-library-2.11.1.jar;C:\Users\ASUS\.gradle\caches\modules-2\files-2.1\org.scala-lang\scala-parser-combinators_2.11\1.0.1\f05d7345bf5a58924f2837c6c1f4d73a938e1ff0\scala-parser-combinators_2.11-1.0.1.jar;C:\Users\ASUS\.gra
Launcher Type: SUN_STANDARD

Environment Variables:
JAVA_HOME=C:\Program Files\Java\jdk1.8.0_45
CLASSPATH=.;C:\Program Files\Java\jdk1.8.0_45\lib\dt.jar;C:\Program Files\Java\jdk1.8.0_45\lib\tools.jar;
PATH=C:/Program Files (x86)/Java/jre1.8.0_73/bin/client;C:/Program Files (x86)/Java/jre1.8.0_73/bin;C:/Program Files (x86)/Java/jre1.8.0_73/lib/i386;C:\Program Files (x86)\Common Files\Microsoft Shared\Windows Live;C:\Cocos\frameworks\cocos2d-x-3.8.1\tools\cocos2d-console\bin;E:\cocos2d-x-3.10\templates;C:\Cocos\tools\Python27;C:\Program Files (x86)\NVIDIA Corporation\PhysX\Common;C:\ProgramData\Oracle\Java\javapath;C:\WINDOWS\system32;C:\WINDOWS;C:\WINDOWS\System32\Wbem;C:\WINDOWS\System32\WindowsPowerShell\v1.0\;C:\Users\ASUS\.dnx\bin;C:\Program Files\Microsoft DNX\Dnvm\;C:\Program Files (x86)\Windows Kits\10\Windows Performance Toolkit\;C:\Program Files\WIDCOMM\Bluetooth Software\;C:\Program Files\WIDCOMM\Bluetooth Software\syswow64;C:\Program Files (x86)\GtkSharp\2.12\bin;C:\Cocos\frameworks\cocos2d-x-3.8.1\tools\cocos2d-console\bin;E:\cocos2d-x-3.10\templates;C:\Cocos\tools\Python27;C:\WINDOWS\system32\config\systemprofile\.dnx\bin;C:\Program Files\Microsoft DNX\Dnvm\;C:\Program Files\Microsoft SQL Server\130\Tools\Binn\;C:\Program Files (x86)\Microsoft SQL Server\100\Tools\Binn\;C:\Program Files\Microsoft SQL Server\100\Tools\Binn\;C:\Program Files\Microsoft SQL Server\100\DTS\Binn\;F:\MATLAB\runtime\win64;F:\MATLAB\bin;F:\MATLAB\polyspace\bin;C:\Program Files\Git\cmd;C:\Python27;C:\Python27\Scripts;C:\Python27\Lib\site-packages\Django-1.7.11-py2.7.egg\django\bin;C:\Program Files\Java\jdk1.8.0_45\bin;C:\Program Files\Java\jdk1.8.0_45\jre\bin;E:\COCOS\Cocos2d-x\Cocos2d-x-3.10\templates;E:\COCOS\Cocos2d-x;COCOS\Cocos2d-x\Cocos2d-x-3.10\tools\cocos2d-console\bin;cocos2d-x-3.10\templates;C:\Python27\Scripts;C:\Python27;E:\eclipse-standard-kepler-SR2-win32\eclipse;
USERNAME=ASUS
OS=Windows_NT
PROCESSOR_IDENTIFIER=Intel64 Family 6 Model 60 Stepping 3, GenuineIntel



---------------  S Y S T E M  ---------------

OS: Windows 10.0 , 64 bit Build 10586 (10.0.10586.0)

CPU:total 8 (4 cores per cpu, 2 threads per core) family 6 model 60 stepping 3, cmov, cx8, fxsr, mmx, sse, sse2, sse3, ssse3, sse4.1, sse4.2, popcnt, avx, avx2, aes, clmul, erms, lzcnt, ht, tsc, tscinvbit, bmi1, bmi2

Memory: 4k page, physical 12469292k(6482676k free), swap 16565292k(6022308k free)

vm_info: Java HotSpot(TM) Client VM (25.73-b02) for windows-x86 JRE (1.8.0_73-b02), built on Jan 29 2016 17:05:52 by "java_re" with MS VC++ 10.0 (VS2010)

time: Mon Sep 25 20:29:00 2017
elapsed time: 134 seconds (0d 0h 2m 14s)

