#
# A fatal error has been detected by the Java Runtime Environment:
#
#  EXCEPTION_ACCESS_VIOLATION (0xc0000005) at pc=0x56c2b381, pid=9688, tid=11852
#
# JRE version: Java(TM) SE Runtime Environment (8.0_73-b02) (build 1.8.0_73-b02)
# Java VM: Java HotSpot(TM) Client VM (25.73-b02 mixed mode windows-x86 )
# Problematic frame:
# C  [nvoglv32.DLL+0xa8b381]
#
# Failed to write core dump. Minidumps are not enabled by default on client versions of Windows
#
# If you would like to submit a bug report, please visit:
#   http://bugreport.java.com/bugreport/crash.jsp
# The crash happened outside the Java Virtual Machine in native code.
# See problematic frame for where to report the bug.
#

---------------  T H R E A D  ---------------

Current thread (0x00bc3400):  JavaThread "Client thread" [_thread_in_native, id=11852, stack(0x00a00000,0x00a50000)]

siginfo: ExceptionCode=0xc0000005, reading address 0x00000008

Registers:
EAX=0x00000000, EBX=0x00000000, ECX=0x00000000, EDX=0x00000000
ESP=0x00a4d874, EBP=0x00a4d880, ESI=0x00000000, EDI=0x00000000
EIP=0x56c2b381, EFLAGS=0x00010246

Top of Stack: (sp=0x00a4d874)
0x00a4d874:   00000000 00000000 00000000 00a4d8a0
0x00a4d884:   56c2e636 00000000 00a4dd30 62d49e60
0x00a4d894:   00000000 00a4d8f0 50d9474c 00a4d8c8
0x00a4d8a4:   56c2cd6a 50cb4020 00000000 00a4d8f0
0x00a4d8b4:   00a4dd30 00000000 62d49e60 5465de10
0x00a4d8c4:   50cb4020 00a4dd00 56d17633 50cb4020
0x00a4d8d4:   62d49e60 5465de10 00a4d8f0 00a4dd30
0x00a4d8e4:   00a4deb0 5465de10 62d49e60 00000000 

Instructions: (pc=0x56c2b381)
0x56c2b361:   cc cc cc cc cc cc cc cc cc cc cc cc cc cc cc 55
0x56c2b371:   8b ec 8b 45 08 8b 4d 08 53 56 8b 75 08 32 db 57
0x56c2b381:   0f b7 78 08 85 ff 7e 20 83 c0 24 8d 64 24 00 0f
0x56c2b391:   b7 50 fc 4a 74 22 83 ea 2c 75 07 b3 01 8b 08 8b 


Register to memory mapping:

EAX=0x00000000 is an unknown value
EBX=0x00000000 is an unknown value
ECX=0x00000000 is an unknown value
EDX=0x00000000 is an unknown value
ESP=0x00a4d874 is pointing into the stack for thread: 0x00bc3400
EBP=0x00a4d880 is pointing into the stack for thread: 0x00bc3400
ESI=0x00000000 is an unknown value
EDI=0x00000000 is an unknown value


Stack: [0x00a00000,0x00a50000],  sp=0x00a4d874,  free space=310k
Native frames: (J=compiled Java code, j=interpreted, Vv=VM code, C=native code)
C  [nvoglv32.DLL+0xa8b381]
C  [nvoglv32.DLL+0xa8e636]
C  [nvoglv32.DLL+0xa8cd6a]
C  [nvoglv32.DLL+0xb77633]
C  [nvoglv32.DLL+0xb77b04]
C  [nvoglv32.DLL+0xaa9889]
C  [nvoglv32.DLL+0xaa9ac0]
C  [nvoglv32.DLL+0xaa9eed]
C  [nvoglv32.DLL+0xb780c6]
C  [nvoglv32.DLL+0xb44a73]
C  [nvoglv32.DLL+0xb3fe61]
C  [nvoglv32.DLL+0x14d953]
C  [lwjgl.dll+0x9c03]
J 2157 C1 net.minecraft.client.renderer.Tessellator.draw()I (405 bytes) @ 0x029fd05c [0x029fca30+0x62c]
J 2822 C1 net.minecraft.client.renderer.RenderGlobal.renderCloudsFancy(F)V (2135 bytes) @ 0x02b379c8 [0x02b35d70+0x1c58]
J 4227 C1 net.minecraft.client.renderer.RenderGlobal.renderClouds(F)V (733 bytes) @ 0x02e89ac8 [0x02e89150+0x978]
J 4226 C1 net.minecraft.client.renderer.EntityRenderer.renderCloudsCheck(Lnet/minecraft/client/renderer/RenderGlobal;F)V (62 bytes) @ 0x02e87a64 [0x02e87870+0x1f4]
J 3984 C1 net.minecraft.client.renderer.EntityRenderer.renderWorld(FJ)V (1565 bytes) @ 0x02d7d11c [0x02d7c450+0xccc]
J 4158 C1 net.minecraft.client.renderer.EntityRenderer.updateCameraAndRender(F)V (874 bytes) @ 0x02e2ffb4 [0x02e2f680+0x934]
J 4005 C1 net.minecraft.client.Minecraft.runGameLoop()V (769 bytes) @ 0x02dab444 [0x02daac20+0x824]
j  net.minecraft.client.Minecraft.run()V+61
j  net.minecraft.client.main.Main.main([Ljava/lang/String;)V+998
v  ~StubRoutines::call_stub
V  [jvm.dll+0x158bf5]
V  [jvm.dll+0x21e0be]
V  [jvm.dll+0x158c8e]
V  [jvm.dll+0x165408]
V  [jvm.dll+0x165673]
V  [jvm.dll+0x102393]
C  [java.dll+0x3b26]
j  sun.reflect.NativeMethodAccessorImpl.invoke(Ljava/lang/Object;[Ljava/lang/Object;)Ljava/lang/Object;+100
j  sun.reflect.DelegatingMethodAccessorImpl.invoke(Ljava/lang/Object;[Ljava/lang/Object;)Ljava/lang/Object;+6
j  java.lang.reflect.Method.invoke(Ljava/lang/Object;[Ljava/lang/Object;)Ljava/lang/Object;+56
j  net.minecraft.launchwrapper.Launch.launch([Ljava/lang/String;)V+661
j  net.minecraft.launchwrapper.Launch.main([Ljava/lang/String;)V+8
j  net.minecraftforge.gradle.GradleStartCommon.launch([Ljava/lang/String;)V+181
j  GradleStart.main([Ljava/lang/String;)V+11
v  ~StubRoutines::call_stub
V  [jvm.dll+0x158bf5]
V  [jvm.dll+0x21e0be]
V  [jvm.dll+0x158c8e]
V  [jvm.dll+0xdaca7]
V  [jvm.dll+0xe323f]
C  [javaw.exe+0x229a]
C  [javaw.exe+0xaebf]
C  [javaw.exe+0xaf49]
C  [KERNEL32.DLL+0x138f4]
C  [ntdll.dll+0x65e13]
C  [ntdll.dll+0x65dde]
C  0x00000000

Java frames: (J=compiled Java code, j=interpreted, Vv=VM code)
J 2170  org.lwjgl.opengl.GL11.nglDrawArrays(IIIJ)V (0 bytes) @ 0x02a03c76 [0x02a03c20+0x56]
J 2157 C1 net.minecraft.client.renderer.Tessellator.draw()I (405 bytes) @ 0x029fd05c [0x029fca30+0x62c]
J 2822 C1 net.minecraft.client.renderer.RenderGlobal.renderCloudsFancy(F)V (2135 bytes) @ 0x02b379c8 [0x02b35d70+0x1c58]
J 4227 C1 net.minecraft.client.renderer.RenderGlobal.renderClouds(F)V (733 bytes) @ 0x02e89ac8 [0x02e89150+0x978]
J 4226 C1 net.minecraft.client.renderer.EntityRenderer.renderCloudsCheck(Lnet/minecraft/client/renderer/RenderGlobal;F)V (62 bytes) @ 0x02e87a64 [0x02e87870+0x1f4]
J 3984 C1 net.minecraft.client.renderer.EntityRenderer.renderWorld(FJ)V (1565 bytes) @ 0x02d7d11c [0x02d7c450+0xccc]
J 4158 C1 net.minecraft.client.renderer.EntityRenderer.updateCameraAndRender(F)V (874 bytes) @ 0x02e2ffb4 [0x02e2f680+0x934]
J 4005 C1 net.minecraft.client.Minecraft.runGameLoop()V (769 bytes) @ 0x02dab444 [0x02daac20+0x824]
j  net.minecraft.client.Minecraft.run()V+61
j  net.minecraft.client.main.Main.main([Ljava/lang/String;)V+998
v  ~StubRoutines::call_stub
j  sun.reflect.NativeMethodAccessorImpl.invoke0(Ljava/lang/reflect/Method;Ljava/lang/Object;[Ljava/lang/Object;)Ljava/lang/Object;+0
j  sun.reflect.NativeMethodAccessorImpl.invoke(Ljava/lang/Object;[Ljava/lang/Object;)Ljava/lang/Object;+100
j  sun.reflect.DelegatingMethodAccessorImpl.invoke(Ljava/lang/Object;[Ljava/lang/Object;)Ljava/lang/Object;+6
j  java.lang.reflect.Method.invoke(Ljava/lang/Object;[Ljava/lang/Object;)Ljava/lang/Object;+56
j  net.minecraft.launchwrapper.Launch.launch([Ljava/lang/String;)V+661
j  net.minecraft.launchwrapper.Launch.main([Ljava/lang/String;)V+8
j  net.minecraftforge.gradle.GradleStartCommon.launch([Ljava/lang/String;)V+181
j  GradleStart.main([Ljava/lang/String;)V+11
v  ~StubRoutines::call_stub

---------------  P R O C E S S  ---------------

Java Threads: ( => current thread )
  0x5e5a5800 JavaThread "Thread-15" [_thread_blocked, id=12532, stack(0x632e0000,0x63330000)]
  0x5e5a6c00 JavaThread "Sound Library Loader" [_thread_blocked, id=12108, stack(0x5eaf0000,0x5eb40000)]
  0x5e5a3400 JavaThread "File IO Thread" [_thread_blocked, id=11460, stack(0x68050000,0x680a0000)]
  0x5e5a4400 JavaThread "pool-2-thread-1" [_thread_blocked, id=12372, stack(0x67630000,0x67680000)]
  0x5e5a3800 JavaThread "Netty IO #1" daemon [_thread_in_native, id=1732, stack(0x634c0000,0x63510000)]
  0x62774400 JavaThread "Netty Client IO #0" daemon [_thread_in_native, id=8640, stack(0x5e9d0000,0x5ea20000)]
  0x6d134800 JavaThread "Netty IO #0" daemon [_thread_in_native, id=12744, stack(0x58a60000,0x58ab0000)]
  0x5fd6d400 JavaThread "Server thread" [_thread_blocked, id=10592, stack(0x55f40000,0x55f90000)]
  0x6fbe0400 JavaThread "Snooper Timer" daemon [_thread_blocked, id=13576, stack(0x54b40000,0x54b90000)]
  0x48979400 JavaThread "LWJGL Timer" daemon [_thread_blocked, id=5020, stack(0x56130000,0x56180000)]
  0x48868400 JavaThread "Java2D Disposer" daemon [_thread_blocked, id=2204, stack(0x49a70000,0x49ac0000)]
  0x47b7a800 JavaThread "Timer hack thread" daemon [_thread_blocked, id=8960, stack(0x48610000,0x48660000)]
  0x47aeac00 JavaThread "Snooper Timer" daemon [_thread_blocked, id=12420, stack(0x48580000,0x485d0000)]
  0x46aef800 JavaThread "Service Thread" daemon [_thread_blocked, id=10984, stack(0x47330000,0x47380000)]
  0x46ae9c00 JavaThread "C1 CompilerThread0" daemon [_thread_blocked, id=12816, stack(0x472a0000,0x472f0000)]
  0x46b16c00 JavaThread "Attach Listener" daemon [_thread_blocked, id=14836, stack(0x47210000,0x47260000)]
  0x46b16000 JavaThread "Signal Dispatcher" daemon [_thread_blocked, id=10960, stack(0x47180000,0x471d0000)]
  0x46b15400 JavaThread "Surrogate Locker Thread (Concurrent GC)" daemon [_thread_blocked, id=3508, stack(0x470f0000,0x47140000)]
  0x46abc000 JavaThread "Finalizer" daemon [_thread_blocked, id=10876, stack(0x47000000,0x47050000)]
  0x46ab7c00 JavaThread "Reference Handler" daemon [_thread_blocked, id=11964, stack(0x46f70000,0x46fc0000)]
=>0x00bc3400 JavaThread "Client thread" [_thread_in_native, id=11852, stack(0x00a00000,0x00a50000)]

Other Threads:
  0x46ab1800 VMThread [stack: 0x46ee0000,0x46f30000] [id=7120]
  0x46b8d400 WatcherThread [stack: 0x473c0000,0x47410000] [id=7928]

VM state:not at safepoint (normal execution)

VM Mutex/Monitor currently owned by a thread: None

Heap:
 par new generation   total 314560K, used 117025K [0x04a00000, 0x19f50000, 0x19f50000)
  eden space 279616K,  35% used [0x04a00000, 0x0abf48d8, 0x15b10000)
  from space 34944K,  47% used [0x17d30000, 0x18d83ec8, 0x19f50000)
  to   space 34944K,   0% used [0x15b10000, 0x15b10000, 0x17d30000)
 concurrent mark-sweep generation total 699072K, used 173164K [0x19f50000, 0x44a00000, 0x44a00000)
 Metaspace       used 22545K, capacity 22772K, committed 22912K, reserved 22912K

Card table byte_map: [0x44a00000,0x44c10000] byte_map_base: 0x449db000

Marking Bits: (CMSBitMap*) 0x00c96de8
 Bits: [0x44d70000, 0x462c5800)

Mod Union Table: (CMSBitMap*) 0x00c96e48
 Bits: [0x04960000, 0x0498aab0)

Polling page: 0x009c0000

CodeCache: size=32768Kb used=8549Kb max_used=9661Kb free=24219Kb
 bounds [0x025b0000, 0x02f28000, 0x045b0000]
 total_blobs=3996 nmethods=3603 adapters=323
 compilation: enabled

Compilation events (10 events):
Event: 78.948 Thread 0x46ae9c00 4892             net.minecraft.client.renderer.RenderGlobal::loadRenderers (703 bytes)
Event: 78.949 Thread 0x46ae9c00 nmethod 4892 0x02837dc8 code [0x02837fd0, 0x02838948]
Event: 78.949 Thread 0x46ae9c00 4893             net.minecraft.client.renderer.WorldRenderer::stopRendering (10 bytes)
Event: 78.949 Thread 0x46ae9c00 nmethod 4893 0x02740348 code [0x02740440, 0x027404ec]
Event: 78.950 Thread 0x46ae9c00 4894 %           net.minecraft.client.renderer.RenderGlobal::loadRenderers @ 199 (703 bytes)
Event: 78.951 Thread 0x46ae9c00 nmethod 4894% 0x028b2b48 code [0x028b2d60, 0x028b37f8]
Event: 78.987 Thread 0x46ae9c00 4895 %           net.minecraft.client.renderer.RenderGlobal::loadRenderers @ 286 (703 bytes)
Event: 78.988 Thread 0x46ae9c00 nmethod 4895% 0x028b8508 code [0x028b8720, 0x028b9198]
Event: 79.020 Thread 0x46ae9c00 4896             java.util.TimSort::mergeCollapse (101 bytes)
Event: 79.020 Thread 0x46ae9c00 nmethod 4896 0x02837988 code [0x02837aa0, 0x02837c28]

GC Heap History (10 events):
Event: 76.387 GC heap before
{Heap before GC invocations=18 (full 11):
 par new generation   total 314560K, used 287895K [0x04a00000, 0x19f50000, 0x19f50000)
  eden space 279616K,  95% used [0x04a00000, 0x14e435a8, 0x15b10000)
  from space 34944K,  61% used [0x15b10000, 0x16ff2a40, 0x17d30000)
  to   space 34944K,   0% used [0x17d30000, 0x17d30000, 0x19f50000)
 concurrent mark-sweep generation total 699072K, used 169658K [0x19f50000, 0x44a00000, 0x44a00000)
 Metaspace       used 22538K, capacity 22772K, committed 22912K, reserved 22912K
Event: 76.389 GC heap after
Heap after GC invocations=19 (full 11):
 par new generation   total 314560K, used 13054K [0x04a00000, 0x19f50000, 0x19f50000)
  eden space 279616K,   0% used [0x04a00000, 0x04a00000, 0x15b10000)
  from space 34944K,  37% used [0x17d30000, 0x189ef918, 0x19f50000)
  to   space 34944K,   0% used [0x15b10000, 0x15b10000, 0x17d30000)
 concurrent mark-sweep generation total 699072K, used 169658K [0x19f50000, 0x44a00000, 0x44a00000)
 Metaspace       used 22538K, capacity 22772K, committed 22912K, reserved 22912K
}
Event: 76.468 GC heap before
{Heap before GC invocations=19 (full 11):
 par new generation   total 314560K, used 279761K [0x04a00000, 0x19f50000, 0x19f50000)
  eden space 279616K,  95% used [0x04a00000, 0x14e74bb0, 0x15b10000)
  from space 34944K,  37% used [0x17d30000, 0x189ef918, 0x19f50000)
  to   space 34944K,   0% used [0x15b10000, 0x15b10000, 0x17d30000)
 concurrent mark-sweep generation total 699072K, used 169406K [0x19f50000, 0x44a00000, 0x44a00000)
 Metaspace       used 22538K, capacity 22772K, committed 22912K, reserved 22912K
Event: 76.471 GC heap after
Heap after GC invocations=20 (full 11):
 par new generation   total 314560K, used 16099K [0x04a00000, 0x19f50000, 0x19f50000)
  eden space 279616K,   0% used [0x04a00000, 0x04a00000, 0x15b10000)
  from space 34944K,  46% used [0x15b10000, 0x16ac8c00, 0x17d30000)
  to   space 34944K,   0% used [0x17d30000, 0x17d30000, 0x19f50000)
 concurrent mark-sweep generation total 699072K, used 169406K [0x19f50000, 0x44a00000, 0x44a00000)
 Metaspace       used 22538K, capacity 22772K, committed 22912K, reserved 22912K
}
Event: 76.796 GC heap before
{Heap before GC invocations=20 (full 11):
 par new generation   total 314560K, used 292565K [0x04a00000, 0x19f50000, 0x19f50000)
  eden space 279616K,  98% used [0x04a00000, 0x157fc8d8, 0x15b10000)
  from space 34944K,  46% used [0x15b10000, 0x16ac8c00, 0x17d30000)
  to   space 34944K,   0% used [0x17d30000, 0x17d30000, 0x19f50000)
 concurrent mark-sweep generation total 699072K, used 169406K [0x19f50000, 0x44a00000, 0x44a00000)
 Metaspace       used 22538K, capacity 22772K, committed 22912K, reserved 22912K
Event: 76.800 GC heap after
Heap after GC invocations=21 (full 11):
 par new generation   total 314560K, used 17018K [0x04a00000, 0x19f50000, 0x19f50000)
  eden space 279616K,   0% used [0x04a00000, 0x04a00000, 0x15b10000)
  from space 34944K,  48% used [0x17d30000, 0x18dce830, 0x19f50000)
  to   space 34944K,   0% used [0x15b10000, 0x15b10000, 0x17d30000)
 concurrent mark-sweep generation total 699072K, used 169406K [0x19f50000, 0x44a00000, 0x44a00000)
 Metaspace       used 22538K, capacity 22772K, committed 22912K, reserved 22912K
}
Event: 76.879 GC heap before
{Heap before GC invocations=21 (full 12):
 par new generation   total 314560K, used 284502K [0x04a00000, 0x19f50000, 0x19f50000)
  eden space 279616K,  95% used [0x04a00000, 0x14f37120, 0x15b10000)
  from space 34944K,  48% used [0x17d30000, 0x18dce830, 0x19f50000)
  to   space 34944K,   0% used [0x15b10000, 0x15b10000, 0x17d30000)
 concurrent mark-sweep generation total 699072K, used 169406K [0x19f50000, 0x44a00000, 0x44a00000)
 Metaspace       used 22538K, capacity 22772K, committed 22912K, reserved 22912K
Event: 76.882 GC heap after
Heap after GC invocations=22 (full 12):
 par new generation   total 314560K, used 15800K [0x04a00000, 0x19f50000, 0x19f50000)
  eden space 279616K,   0% used [0x04a00000, 0x04a00000, 0x15b10000)
  from space 34944K,  45% used [0x15b10000, 0x16a7e378, 0x17d30000)
  to   space 34944K,   0% used [0x17d30000, 0x17d30000, 0x19f50000)
 concurrent mark-sweep generation total 699072K, used 169406K [0x19f50000, 0x44a00000, 0x44a00000)
 Metaspace       used 22538K, capacity 22772K, committed 22912K, reserved 22912K
}
Event: 76.967 GC heap before
{Heap before GC invocations=22 (full 12):
 par new generation   total 314560K, used 283205K [0x04a00000, 0x19f50000, 0x19f50000)
  eden space 279616K,  95% used [0x04a00000, 0x14f23418, 0x15b10000)
  from space 34944K,  45% used [0x15b10000, 0x16a7e378, 0x17d30000)
  to   space 34944K,   0% used [0x17d30000, 0x17d30000, 0x19f50000)
 concurrent mark-sweep generation total 699072K, used 169406K [0x19f50000, 0x44a00000, 0x44a00000)
 Metaspace       used 22538K, capacity 22772K, committed 22912K, reserved 22912K
Event: 76.971 GC heap after
Heap after GC invocations=23 (full 12):
 par new generation   total 314560K, used 16719K [0x04a00000, 0x19f50000, 0x19f50000)
  eden space 279616K,   0% used [0x04a00000, 0x04a00000, 0x15b10000)
  from space 34944K,  47% used [0x17d30000, 0x18d83ec8, 0x19f50000)
  to   space 34944K,   0% used [0x15b10000, 0x15b10000, 0x17d30000)
 concurrent mark-sweep generation total 699072K, used 173164K [0x19f50000, 0x44a00000, 0x44a00000)
 Metaspace       used 22538K, capacity 22772K, committed 22912K, reserved 22912K
}

Deoptimization events (0 events):
No events

Internal exceptions (10 events):
Event: 77.409 Thread 0x5e5a4c00 Exception <a 'org/lwjgl/LWJGLException'> (0x076a6450) thrown at [D:\re\workspace\8-2-build-windows-i586-cygwin\jdk8u73\6086\hotspot\src\share\vm\prims\jni.cpp, line 709]
Event: 77.409 Thread 0x5e5a4c00 Exception <a 'org/lwjgl/LWJGLException'> (0x076a6a48) thrown at [D:\re\workspace\8-2-build-windows-i586-cygwin\jdk8u73\6086\hotspot\src\share\vm\prims\jni.cpp, line 709]
Event: 77.409 Thread 0x5e5a4c00 Exception <a 'org/lwjgl/LWJGLException'> (0x076a7068) thrown at [D:\re\workspace\8-2-build-windows-i586-cygwin\jdk8u73\6086\hotspot\src\share\vm\prims\jni.cpp, line 709]
Event: 77.409 Thread 0x5e5a4c00 Exception <a 'org/lwjgl/LWJGLException'> (0x076a7658) thrown at [D:\re\workspace\8-2-build-windows-i586-cygwin\jdk8u73\6086\hotspot\src\share\vm\prims\jni.cpp, line 709]
Event: 77.411 Thread 0x5e5a4c00 Exception <a 'org/lwjgl/LWJGLException'> (0x076a7be8) thrown at [D:\re\workspace\8-2-build-windows-i586-cygwin\jdk8u73\6086\hotspot\src\share\vm\prims\jni.cpp, line 709]
Event: 77.413 Thread 0x5e5a4c00 Exception <a 'org/lwjgl/LWJGLException'> (0x076a8248) thrown at [D:\re\workspace\8-2-build-windows-i586-cygwin\jdk8u73\6086\hotspot\src\share\vm\prims\jni.cpp, line 709]
Event: 77.413 Thread 0x5e5a4c00 Exception <a 'org/lwjgl/LWJGLException'> (0x076a8798) thrown at [D:\re\workspace\8-2-build-windows-i586-cygwin\jdk8u73\6086\hotspot\src\share\vm\prims\jni.cpp, line 709]
Event: 77.413 Thread 0x5e5a4c00 Exception <a 'org/lwjgl/LWJGLException'> (0x076a8cb0) thrown at [D:\re\workspace\8-2-build-windows-i586-cygwin\jdk8u73\6086\hotspot\src\share\vm\prims\jni.cpp, line 709]
Event: 77.413 Thread 0x5e5a4c00 Exception <a 'org/lwjgl/LWJGLException'> (0x076a91e8) thrown at [D:\re\workspace\8-2-build-windows-i586-cygwin\jdk8u73\6086\hotspot\src\share\vm\prims\jni.cpp, line 709]
Event: 78.948 Thread 0x00bc3400 Exception <a 'java/io/FileNotFoundException'> (0x0a791e60) thrown at [D:\re\workspace\8-2-build-windows-i586-cygwin\jdk8u73\6086\hotspot\src\share\vm\prims\jni.cpp, line 709]

Events (10 events):
Event: 77.432 Thread 0x5e5a4c00 Thread exited: 0x5e5a4c00
Event: 78.698 Thread 0x46ae9c00 flushing nmethod 0x02740088
Event: 78.698 Thread 0x46ae9c00 flushing nmethod 0x0278eac8
Event: 78.698 Thread 0x46ae9c00 flushing nmethod 0x0278efc8
Event: 78.698 Thread 0x46ae9c00 flushing nmethod 0x0278f3c8
Event: 78.698 Thread 0x46ae9c00 flushing nmethod 0x02817808
Event: 78.698 Thread 0x46ae9c00 flushing nmethod 0x02845608
Event: 78.699 Thread 0x46ae9c00 flushing nmethod 0x028ba648
Event: 78.699 Thread 0x46ae9c00 flushing nmethod 0x028baa08
Event: 78.699 Thread 0x46ae9c00 flushing nmethod 0x028c3c88


Dynamic libraries:
0x00cf0000 - 0x00d23000 	C:\Program Files (x86)\Java\jre1.8.0_73\bin\javaw.exe
0x77c00000 - 0x77d7b000 	C:\WINDOWS\SYSTEM32\ntdll.dll
0x76aa0000 - 0x76b80000 	C:\WINDOWS\SYSTEM32\KERNEL32.DLL
0x75e90000 - 0x7600e000 	C:\WINDOWS\SYSTEM32\KERNELBASE.dll
0x76e50000 - 0x76ecb000 	C:\WINDOWS\SYSTEM32\ADVAPI32.dll
0x77600000 - 0x776be000 	C:\WINDOWS\SYSTEM32\msvcrt.dll
0x775b0000 - 0x775f4000 	C:\WINDOWS\SYSTEM32\sechost.dll
0x76d40000 - 0x76ded000 	C:\WINDOWS\SYSTEM32\RPCRT4.dll
0x75d30000 - 0x75d4e000 	C:\WINDOWS\SYSTEM32\SspiCli.dll
0x75d20000 - 0x75d2a000 	C:\WINDOWS\SYSTEM32\CRYPTBASE.dll
0x76df0000 - 0x76e48000 	C:\WINDOWS\SYSTEM32\bcryptPrimitives.dll
0x76010000 - 0x76157000 	C:\WINDOWS\SYSTEM32\USER32.dll
0x77840000 - 0x7798f000 	C:\WINDOWS\SYSTEM32\GDI32.dll
0x72170000 - 0x7237f000 	C:\WINDOWS\WinSxS\x86_microsoft.windows.common-controls_6595b64144ccf1df_6.0.10586.0_none_d3c2e4e965da4528\COMCTL32.dll
0x762c0000 - 0x7647d000 	C:\WINDOWS\SYSTEM32\combase.dll
0x76a10000 - 0x76a3b000 	C:\WINDOWS\SYSTEM32\IMM32.DLL
0x6eb50000 - 0x6ec0f000 	C:\Program Files (x86)\Java\jre1.8.0_73\bin\msvcr100.dll
0x5f5e0000 - 0x5f9a8000 	C:\Program Files (x86)\Java\jre1.8.0_73\bin\client\jvm.dll
0x76d30000 - 0x76d36000 	C:\WINDOWS\SYSTEM32\PSAPI.DLL
0x73490000 - 0x73498000 	C:\WINDOWS\SYSTEM32\WSOCK32.dll
0x72f40000 - 0x72f64000 	C:\WINDOWS\SYSTEM32\WINMM.dll
0x75c70000 - 0x75c78000 	C:\WINDOWS\SYSTEM32\VERSION.dll
0x76a40000 - 0x76a9f000 	C:\WINDOWS\SYSTEM32\WS2_32.dll
0x00990000 - 0x009b3000 	C:\WINDOWS\SYSTEM32\WINMMBASE.dll
0x75e50000 - 0x75e87000 	C:\WINDOWS\SYSTEM32\cfgmgr32.dll
0x71630000 - 0x7163c000 	C:\Program Files (x86)\Java\jre1.8.0_73\bin\verify.dll
0x71290000 - 0x712b1000 	C:\Program Files (x86)\Java\jre1.8.0_73\bin\java.dll
0x71270000 - 0x71283000 	C:\Program Files (x86)\Java\jre1.8.0_73\bin\zip.dll
0x73aa0000 - 0x74e9e000 	C:\WINDOWS\SYSTEM32\SHELL32.dll
0x76480000 - 0x7697a000 	C:\WINDOWS\SYSTEM32\windows.storage.dll
0x76200000 - 0x76245000 	C:\WINDOWS\SYSTEM32\shlwapi.dll
0x75e40000 - 0x75e4c000 	C:\WINDOWS\SYSTEM32\kernel.appcore.dll
0x76980000 - 0x76a0d000 	C:\WINDOWS\SYSTEM32\shcore.dll
0x779a0000 - 0x779e4000 	C:\WINDOWS\SYSTEM32\powrprof.dll
0x77990000 - 0x7799f000 	C:\WINDOWS\SYSTEM32\profapi.dll
0x712e0000 - 0x712ea000 	C:\Program Files (x86)\Java\jre1.8.0_73\bin\management.dll
0x71250000 - 0x71266000 	C:\Program Files (x86)\Java\jre1.8.0_73\bin\net.dll
0x73680000 - 0x736cf000 	C:\WINDOWS\system32\mswsock.dll
0x71330000 - 0x7133f000 	C:\Program Files (x86)\Java\jre1.8.0_73\bin\nio.dll
0x73590000 - 0x735a2000 	C:\WINDOWS\system32\napinsp.dll
0x73570000 - 0x73586000 	C:\WINDOWS\system32\pnrpnsp.dll
0x73550000 - 0x73564000 	C:\WINDOWS\system32\NLAapi.dll
0x734c0000 - 0x73544000 	C:\WINDOWS\SYSTEM32\DNSAPI.dll
0x76fd0000 - 0x76fd7000 	C:\WINDOWS\SYSTEM32\NSI.dll
0x73480000 - 0x7348b000 	C:\WINDOWS\System32\winrnr.dll
0x73460000 - 0x73471000 	C:\WINDOWS\System32\wshbth.dll
0x63560000 - 0x63568000 	F:\Multisim\Shared\mDNS Responder\nimdnsNSP.dll
0x63550000 - 0x6355b000 	C:\WINDOWS\SYSTEM32\nimdnsResponder.dll
0x733b0000 - 0x73453000 	C:\WINDOWS\WinSxS\x86_microsoft.vc90.crt_1fc8b3b9a1e18e3b_9.0.30729.9177_none_5093cc7abcb795e9\MSVCR90.dll
0x758c0000 - 0x758ef000 	C:\WINDOWS\SYSTEM32\Iphlpapi.DLL
0x47d10000 - 0x47d32000 	C:\WINDOWS\system32\xunyount.dll
0x736d0000 - 0x736e4000 	C:\WINDOWS\SYSTEM32\dhcpcsvc.DLL
0x73670000 - 0x73678000 	C:\WINDOWS\system32\wshqos.dll
0x73660000 - 0x73667000 	C:\WINDOWS\SYSTEM32\wshtcpip.DLL
0x73650000 - 0x73657000 	C:\WINDOWS\SYSTEM32\wship6.dll
0x733a0000 - 0x733a8000 	C:\Windows\System32\rasadhlp.dll
0x72700000 - 0x72747000 	C:\WINDOWS\System32\fwpuclnt.dll
0x75620000 - 0x7563b000 	C:\WINDOWS\SYSTEM32\bcrypt.dll
0x483f0000 - 0x4843d000 	C:\Users\ASUS\.gradle\caches\minecraft\net\minecraft\minecraft_natives\1.7.10\lwjgl.dll
0x6da50000 - 0x6db30000 	C:\WINDOWS\SYSTEM32\OPENGL32.dll
0x6d770000 - 0x6d85e000 	C:\WINDOWS\SYSTEM32\DDRAW.dll
0x6d8a0000 - 0x6d8c5000 	C:\WINDOWS\SYSTEM32\GLU32.dll
0x6d760000 - 0x6d767000 	C:\WINDOWS\SYSTEM32\DCIMAN32.dll
0x75320000 - 0x75333000 	C:\WINDOWS\SYSTEM32\CRYPTSP.dll
0x752f0000 - 0x7531f000 	C:\WINDOWS\system32\rsaenh.dll
0x75b10000 - 0x75b29000 	C:\WINDOWS\SYSTEM32\USERENV.dll
0x72690000 - 0x726a3000 	C:\WINDOWS\SYSTEM32\dhcpcsvc6.DLL
0x682e0000 - 0x68425000 	C:\Program Files (x86)\Java\jre1.8.0_73\bin\awt.dll
0x779f0000 - 0x77a82000 	C:\WINDOWS\SYSTEM32\OLEAUT32.dll
0x75c80000 - 0x75d12000 	C:\WINDOWS\system32\apphelp.dll
0x71c10000 - 0x71c85000 	C:\WINDOWS\system32\uxtheme.dll
0x77490000 - 0x775af000 	C:\WINDOWS\SYSTEM32\MSCTF.dll
0x71450000 - 0x7146d000 	C:\WINDOWS\system32\dwmapi.dll
0x561a0000 - 0x57a0c000 	C:\WINDOWS\SYSTEM32\nvoglv32.DLL
0x77020000 - 0x7742b000 	C:\WINDOWS\SYSTEM32\SETUPAPI.dll
0x75c60000 - 0x75c6f000 	C:\WINDOWS\SYSTEM32\WTSAPI32.dll
0x74fc0000 - 0x750ff000 	C:\WINDOWS\SYSTEM32\dbghelp.dll
0x72750000 - 0x72772000 	C:\WINDOWS\SYSTEM32\DEVOBJ.dll
0x76be0000 - 0x76c22000 	C:\WINDOWS\SYSTEM32\WINTRUST.dll
0x76250000 - 0x7625e000 	C:\WINDOWS\SYSTEM32\MSASN1.dll
0x776c0000 - 0x77838000 	C:\WINDOWS\SYSTEM32\CRYPT32.dll
0x75510000 - 0x75538000 	C:\WINDOWS\SYSTEM32\ntmarta.dll
0x75d50000 - 0x75e3b000 	C:\WINDOWS\SYSTEM32\ole32.dll
0x76160000 - 0x761e4000 	C:\WINDOWS\SYSTEM32\clbcatq.dll
0x67260000 - 0x673a5000 	C:\WINDOWS\SYSTEM32\SogouTSF.ime
0x71350000 - 0x71356000 	C:\WINDOWS\SYSTEM32\MSIMG32.dll
0x4c510000 - 0x4ca3a000 	C:\WINDOWS\system32\SogouPy.ime
0x71e80000 - 0x71ed4000 	C:\WINDOWS\SYSTEM32\OLEACC.dll
0x5e710000 - 0x5e8c9000 	D:\SogouInput\Components\PicFace\1.1.0.1766\PicFace.dll
0x76ed0000 - 0x76fc2000 	C:\WINDOWS\SYSTEM32\COMDLG32.dll
0x77430000 - 0x7748e000 	C:\WINDOWS\SYSTEM32\FirewallAPI.dll
0x76fe0000 - 0x76ff3000 	C:\WINDOWS\SYSTEM32\NETAPI32.dll
0x758f0000 - 0x758fb000 	C:\WINDOWS\SYSTEM32\DAVHLPR.DLL
0x755f0000 - 0x7561c000 	C:\WINDOWS\SYSTEM32\fwbase.dll
0x4dd60000 - 0x4de3f000 	D:\SogouInput\8.6.0.1565\Resource.dll
0x713d0000 - 0x7144f000 	C:\WINDOWS\SYSTEM32\mscms.dll
0x70ec0000 - 0x70efc000 	C:\WINDOWS\SYSTEM32\icm32.dll
0x735b0000 - 0x735f4000 	C:\WINDOWS\SYSTEM32\WINSTA.dll
0x6d8d0000 - 0x6d953000 	C:\WINDOWS\system32\dxgi.dll
0x6dfc0000 - 0x6e1da000 	C:\WINDOWS\system32\d3d11.dll
0x53350000 - 0x54441000 	C:\WINDOWS\SYSTEM32\nvwgf2um.dll
0x5eb40000 - 0x5eb59000 	C:\WINDOWS\system32\OpenAL32.dll
0x72d70000 - 0x72dc5000 	C:\WINDOWS\SYSTEM32\MMDevAPI.DLL
0x72780000 - 0x728cb000 	C:\WINDOWS\SYSTEM32\PROPSYS.dll
0x70e20000 - 0x70e58000 	C:\WINDOWS\SYSTEM32\wdmaud.drv
0x70f90000 - 0x70f99000 	C:\WINDOWS\SYSTEM32\AVRT.dll
0x71340000 - 0x71347000 	C:\WINDOWS\SYSTEM32\ksuser.dll
0x71470000 - 0x714d8000 	C:\WINDOWS\SYSTEM32\AUDIOSES.DLL
0x719a0000 - 0x71a68000 	C:\WINDOWS\SYSTEM32\wintypes.dll
0x711a0000 - 0x711a9000 	C:\WINDOWS\SYSTEM32\msacm32.drv
0x5eb90000 - 0x5eba8000 	C:\WINDOWS\SYSTEM32\MSACM32.dll
0x71120000 - 0x71128000 	C:\WINDOWS\SYSTEM32\midimap.dll
0x6eac0000 - 0x6eb46000 	C:\WINDOWS\SYSTEM32\dsound.dll
0x5ebb0000 - 0x5f008000 	C:\WINDOWS\system32\wrap_oal.dll
0x5f520000 - 0x5f585000 	C:\Users\ASUS\.gradle\caches\minecraft\net\minecraft\minecraft_natives\1.7.10\OpenAL32.dll
0x712c0000 - 0x712e0000 	C:\Program Files (x86)\Java\jre1.8.0_73\bin\sunec.dll

VM Arguments:
jvm_args: -Xincgc -Xmx1024M -Xms1024M -Dfile.encoding=GBK 
java_command: GradleStart
java_class_path (initial): F:\forge-1.7.10-10.13.4.1558-1.7.10-src\bin;C:\Users\ASUS\.gradle\caches\minecraft\net\minecraftforge\forge\1.7.10-10.13.4.1564-1.7.10\forgeSrc-1.7.10-10.13.4.1564-1.7.10.jar;C:\Users\ASUS\.gradle\caches\modules-2\files-2.1\net.minecraft\launchwrapper\1.12\111e7bea9c968cdb3d06ef4632bf7ff0824d0f36\launchwrapper-1.12.jar;C:\Users\ASUS\.gradle\caches\modules-2\files-2.1\com.google.code.findbugs\jsr305\1.3.9\40719ea6961c0cb6afaeb6a921eaa1f6afd4cfdf\jsr305-1.3.9.jar;C:\Users\ASUS\.gradle\caches\modules-2\files-2.1\org.ow2.asm\asm-debug-all\5.0.3\f9e364ae2a66ce2a543012a4668856e84e5dab74\asm-debug-all-5.0.3.jar;C:\Users\ASUS\.gradle\caches\modules-2\files-2.1\com.typesafe.akka\akka-actor_2.11\2.3.3\ed62e9fc709ca0f2ff1a3220daa8b70a2870078e\akka-actor_2.11-2.3.3.jar;C:\Users\ASUS\.gradle\caches\modules-2\files-2.1\com.typesafe\config\1.2.1\f771f71fdae3df231bcd54d5ca2d57f0bf93f467\config-1.2.1.jar;C:\Users\ASUS\.gradle\caches\modules-2\files-2.1\org.scala-lang\scala-actors-migration_2.11\1.1.0\dfa8bc42b181d5b9f1a5dd147f8ae308b893eb6f\scala-actors-migration_2.11-1.1.0.jar;C:\Users\ASUS\.gradle\caches\modules-2\files-2.1\org.scala-lang\scala-compiler\2.11.1\56ea2e6c025e0821f28d73ca271218b8dd04926a\scala-compiler-2.11.1.jar;C:\Users\ASUS\.gradle\caches\modules-2\files-2.1\org.scala-lang.plugins\scala-continuations-library_2.11\1.0.2\e517c53a7e9acd6b1668c5a35eccbaa3bab9aac\scala-continuations-library_2.11-1.0.2.jar;C:\Users\ASUS\.gradle\caches\modules-2\files-2.1\org.scala-lang.plugins\scala-continuations-plugin_2.11.1\1.0.2\f361a3283452c57fa30c1ee69448995de23c60f7\scala-continuations-plugin_2.11.1-1.0.2.jar;C:\Users\ASUS\.gradle\caches\modules-2\files-2.1\org.scala-lang\scala-library\2.11.1\e11da23da3eabab9f4777b9220e60d44c1aab6a\scala-library-2.11.1.jar;C:\Users\ASUS\.gradle\caches\modules-2\files-2.1\org.scala-lang\scala-parser-combinators_2.11\1.0.1\f05d7345bf5a58924f2837c6c1f4d73a938e1ff0\scala-parser-combinators_2.11-1.0.1.jar;C:\Users\ASUS\.gra
Launcher Type: SUN_STANDARD

Environment Variables:
JAVA_HOME=C:\Program Files\Java\jdk1.8.0_45
CLASSPATH=.;C:\Program Files\Java\jdk1.8.0_45\lib\dt.jar;C:\Program Files\Java\jdk1.8.0_45\lib\tools.jar;
PATH=C:/Program Files (x86)/Java/jre1.8.0_73/bin/client;C:/Program Files (x86)/Java/jre1.8.0_73/bin;C:/Program Files (x86)/Java/jre1.8.0_73/lib/i386;C:\Program Files (x86)\Common Files\Microsoft Shared\Windows Live;C:\Cocos\frameworks\cocos2d-x-3.8.1\tools\cocos2d-console\bin;E:\cocos2d-x-3.10\templates;C:\Cocos\tools\Python27;C:\Program Files (x86)\NVIDIA Corporation\PhysX\Common;C:\ProgramData\Oracle\Java\javapath;C:\WINDOWS\system32;C:\WINDOWS;C:\WINDOWS\System32\Wbem;C:\WINDOWS\System32\WindowsPowerShell\v1.0\;C:\Users\ASUS\.dnx\bin;C:\Program Files\Microsoft DNX\Dnvm\;C:\Program Files (x86)\Windows Kits\10\Windows Performance Toolkit\;C:\Program Files\WIDCOMM\Bluetooth Software\;C:\Program Files\WIDCOMM\Bluetooth Software\syswow64;C:\Program Files (x86)\GtkSharp\2.12\bin;C:\Cocos\frameworks\cocos2d-x-3.8.1\tools\cocos2d-console\bin;E:\cocos2d-x-3.10\templates;C:\Cocos\tools\Python27;C:\WINDOWS\system32\config\systemprofile\.dnx\bin;C:\Program Files\Microsoft DNX\Dnvm\;C:\Program Files\Microsoft SQL Server\130\Tools\Binn\;C:\Program Files (x86)\Microsoft SQL Server\100\Tools\Binn\;C:\Program Files\Microsoft SQL Server\100\Tools\Binn\;C:\Program Files\Microsoft SQL Server\100\DTS\Binn\;F:\MATLAB\runtime\win64;F:\MATLAB\bin;F:\MATLAB\polyspace\bin;C:\Program Files\Git\cmd;C:\Python27;C:\Python27\Scripts;C:\Python27\Lib\site-packages\Django-1.7.11-py2.7.egg\django\bin;C:\Program Files\Java\jdk1.8.0_45\bin;C:\Program Files\Java\jdk1.8.0_45\jre\bin;E:\COCOS\Cocos2d-x\Cocos2d-x-3.10\templates;E:\COCOS\Cocos2d-x;COCOS\Cocos2d-x\Cocos2d-x-3.10\tools\cocos2d-console\bin;cocos2d-x-3.10\templates;C:\Python27\Scripts;C:\Python27;E:\eclipse-standard-kepler-SR2-win32\eclipse;
USERNAME=ASUS
OS=Windows_NT
PROCESSOR_IDENTIFIER=Intel64 Family 6 Model 60 Stepping 3, GenuineIntel



---------------  S Y S T E M  ---------------

OS: Windows 10.0 , 64 bit Build 10586 (10.0.10586.0)

CPU:total 8 (4 cores per cpu, 2 threads per core) family 6 model 60 stepping 3, cmov, cx8, fxsr, mmx, sse, sse2, sse3, ssse3, sse4.1, sse4.2, popcnt, avx, avx2, aes, clmul, erms, lzcnt, ht, tsc, tscinvbit, bmi1, bmi2

Memory: 4k page, physical 12469292k(6124184k free), swap 16565292k(6753408k free)

vm_info: Java HotSpot(TM) Client VM (25.73-b02) for windows-x86 JRE (1.8.0_73-b02), built on Jan 29 2016 17:05:52 by "java_re" with MS VC++ 10.0 (VS2010)

time: Sun Sep 24 18:29:17 2017
elapsed time: 79 seconds (0d 0h 1m 19s)

