#
# A fatal error has been detected by the Java Runtime Environment:
#
#  EXCEPTION_ACCESS_VIOLATION (0xc0000005) at pc=0x517fb381, pid=4188, tid=4456
#
# JRE version: Java(TM) SE Runtime Environment (8.0_73-b02) (build 1.8.0_73-b02)
# Java VM: Java HotSpot(TM) Client VM (25.73-b02 mixed mode windows-x86 )
# Problematic frame:
# C  [nvoglv32.DLL+0xa8b381]
#
# Failed to write core dump. Minidumps are not enabled by default on client versions of Windows
#
# If you would like to submit a bug report, please visit:
#   http://bugreport.java.com/bugreport/crash.jsp
# The crash happened outside the Java Virtual Machine in native code.
# See problematic frame for where to report the bug.
#

---------------  T H R E A D  ---------------

Current thread (0x02463400):  JavaThread "Client thread" [_thread_in_native, id=4456, stack(0x00a30000,0x00a80000)]

siginfo: ExceptionCode=0xc0000005, reading address 0x00000008

Registers:
EAX=0x00000000, EBX=0x00000000, ECX=0x00000000, EDX=0x00000000
ESP=0x00a7d824, EBP=0x00a7d830, ESI=0x00000000, EDI=0x00000000
EIP=0x517fb381, EFLAGS=0x00010246

Top of Stack: (sp=0x00a7d824)
0x00a7d824:   00000000 00000000 00000000 00a7d850
0x00a7d834:   517fe636 00000000 00a7de5c 00a7dce4
0x00a7d844:   00000000 00a7d968 00a7dce4 00a7d878
0x00a7d854:   517fbabf 50c7f020 00000000 00a7d968
0x00a7d864:   00a7de5c 00000001 50c7f020 55ead318
0x00a7d874:   00a7dce4 00a7dca8 518a72e1 50c7f020
0x00a7d884:   00a7dce4 55ead318 00a7d968 00a7de5c
0x00a7d894:   50b20000 00a7ec40 00a7debc 00000000 

Instructions: (pc=0x517fb381)
0x517fb361:   cc cc cc cc cc cc cc cc cc cc cc cc cc cc cc 55
0x517fb371:   8b ec 8b 45 08 8b 4d 08 53 56 8b 75 08 32 db 57
0x517fb381:   0f b7 78 08 85 ff 7e 20 83 c0 24 8d 64 24 00 0f
0x517fb391:   b7 50 fc 4a 74 22 83 ea 2c 75 07 b3 01 8b 08 8b 


Register to memory mapping:

EAX=0x00000000 is an unknown value
EBX=0x00000000 is an unknown value
ECX=0x00000000 is an unknown value
EDX=0x00000000 is an unknown value
ESP=0x00a7d824 is pointing into the stack for thread: 0x02463400
EBP=0x00a7d830 is pointing into the stack for thread: 0x02463400
ESI=0x00000000 is an unknown value
EDI=0x00000000 is an unknown value


Stack: [0x00a30000,0x00a80000],  sp=0x00a7d824,  free space=310k
Native frames: (J=compiled Java code, j=interpreted, Vv=VM code, C=native code)
C  [nvoglv32.DLL+0xa8b381]
C  [nvoglv32.DLL+0xa8e636]
C  [nvoglv32.DLL+0xa8babf]
C  [nvoglv32.DLL+0xb372e1]
C  [nvoglv32.DLL+0xb5a564]
C  [nvoglv32.DLL+0xaa9889]
C  [nvoglv32.DLL+0xaa9ac0]
C  [nvoglv32.DLL+0xaa9eed]
C  [nvoglv32.DLL+0xb5b261]
C  [nvoglv32.DLL+0xb542e8]
C  [nvoglv32.DLL+0xbb7d5]
C  [nvoglv32.DLL+0x8c6774]
C  [nvoglv32.DLL+0x8c6256]
C  [nvoglv32.DLL+0x146868]
C  [lwjgl.dll+0x88ac]
J 2215 C1 net.minecraft.client.gui.GuiMainMenu.rotateAndBlurSkybox(F)V (244 bytes) @ 0x029cfeac [0x029cfc60+0x24c]
C  0x00000000

Java frames: (J=compiled Java code, j=interpreted, Vv=VM code)
j  org.lwjgl.opengl.GL11.nglCopyTexSubImage2D(IIIIIIIIJ)V+0
J 2215 C1 net.minecraft.client.gui.GuiMainMenu.rotateAndBlurSkybox(F)V (244 bytes) @ 0x029cfeac [0x029cfc60+0x24c]
j  net.minecraft.client.gui.GuiMainMenu.renderSkybox(IIF)V+30
j  net.minecraft.client.gui.GuiMainMenu.drawScreen(IIF)V+10
J 4175 C1 net.minecraft.client.renderer.EntityRenderer.updateCameraAndRender(F)V (874 bytes) @ 0x02df2830 [0x02df1480+0x13b0]
J 4035 C1 net.minecraft.client.Minecraft.runGameLoop()V (769 bytes) @ 0x02d8a9c4 [0x02d8a1a0+0x824]
j  net.minecraft.client.Minecraft.run()V+61
j  net.minecraft.client.main.Main.main([Ljava/lang/String;)V+998
v  ~StubRoutines::call_stub
j  sun.reflect.NativeMethodAccessorImpl.invoke0(Ljava/lang/reflect/Method;Ljava/lang/Object;[Ljava/lang/Object;)Ljava/lang/Object;+0
j  sun.reflect.NativeMethodAccessorImpl.invoke(Ljava/lang/Object;[Ljava/lang/Object;)Ljava/lang/Object;+100
j  sun.reflect.DelegatingMethodAccessorImpl.invoke(Ljava/lang/Object;[Ljava/lang/Object;)Ljava/lang/Object;+6
j  java.lang.reflect.Method.invoke(Ljava/lang/Object;[Ljava/lang/Object;)Ljava/lang/Object;+56
j  net.minecraft.launchwrapper.Launch.launch([Ljava/lang/String;)V+661
j  net.minecraft.launchwrapper.Launch.main([Ljava/lang/String;)V+8
j  net.minecraftforge.gradle.GradleStartCommon.launch([Ljava/lang/String;)V+181
j  GradleStart.main([Ljava/lang/String;)V+11
v  ~StubRoutines::call_stub

---------------  P R O C E S S  ---------------

Java Threads: ( => current thread )
  0x5b793c00 JavaThread "File IO Thread" [_thread_blocked, id=13672, stack(0x68810000,0x68860000)]
  0x5b794800 JavaThread "pool-2-thread-1" [_thread_blocked, id=15584, stack(0x62fa0000,0x62ff0000)]
  0x5b792000 JavaThread "Chunk I/O Executor Thread-1" daemon [_thread_blocked, id=2840, stack(0x5ddd0000,0x5de20000)]
  0x5b795400 JavaThread "Netty IO #1" daemon [_thread_in_native, id=13624, stack(0x5dcb0000,0x5dd00000)]
  0x5b794c00 JavaThread "Netty Client IO #0" daemon [_thread_in_native, id=16000, stack(0x58e40000,0x58e90000)]
  0x595b2400 JavaThread "Netty IO #0" daemon [_thread_in_native, id=7240, stack(0x567f0000,0x56840000)]
  0x6bedd400 JavaThread "Thread-11" [_thread_blocked, id=4396, stack(0x62f10000,0x62f60000)]
  0x618ba800 JavaThread "Thread-10" [_thread_blocked, id=15600, stack(0x5dea0000,0x5def0000)]
  0x489be000 JavaThread "LWJGL Timer" daemon [_thread_blocked, id=14124, stack(0x58db0000,0x58e00000)]
  0x488b1800 JavaThread "Java2D Disposer" daemon [_thread_blocked, id=5680, stack(0x49a70000,0x49ac0000)]
  0x47b0ac00 JavaThread "Timer hack thread" daemon [_thread_blocked, id=196, stack(0x48610000,0x48660000)]
  0x47a9bc00 JavaThread "Snooper Timer" daemon [_thread_blocked, id=14508, stack(0x48440000,0x48490000)]
  0x46af3000 JavaThread "Service Thread" daemon [_thread_blocked, id=14344, stack(0x472e0000,0x47330000)]
  0x46ac5800 JavaThread "C1 CompilerThread0" daemon [_thread_blocked, id=15616, stack(0x47250000,0x472a0000)]
  0x46ac4400 JavaThread "Attach Listener" daemon [_thread_blocked, id=7128, stack(0x471c0000,0x47210000)]
  0x46ac3800 JavaThread "Signal Dispatcher" daemon [_thread_blocked, id=1824, stack(0x47130000,0x47180000)]
  0x46ac2800 JavaThread "Surrogate Locker Thread (Concurrent GC)" daemon [_thread_blocked, id=9588, stack(0x470a0000,0x470f0000)]
  0x46a6a800 JavaThread "Finalizer" daemon [_thread_blocked, id=10924, stack(0x46fb0000,0x47000000)]
  0x46a66400 JavaThread "Reference Handler" daemon [_thread_blocked, id=10728, stack(0x46f20000,0x46f70000)]
=>0x02463400 JavaThread "Client thread" [_thread_in_native, id=4456, stack(0x00a30000,0x00a80000)]

Other Threads:
  0x46a60000 VMThread [stack: 0x46e90000,0x46ee0000] [id=15552]
  0x46b3cc00 WatcherThread [stack: 0x47370000,0x473c0000] [id=9084]

VM state:not at safepoint (normal execution)

VM Mutex/Monitor currently owned by a thread: None

Heap:
 par new generation   total 314560K, used 5545K [0x04a00000, 0x19f50000, 0x19f50000)
  eden space 279616K,   1% used [0x04a00000, 0x04f6a618, 0x15b10000)
  from space 34944K,   0% used [0x15b10000, 0x15b10000, 0x17d30000)
  to   space 34944K,   0% used [0x17d30000, 0x17d30000, 0x19f50000)
 concurrent mark-sweep generation total 699072K, used 157972K [0x19f50000, 0x44a00000, 0x44a00000)
 Metaspace       used 22656K, capacity 22856K, committed 23040K, reserved 23936K

Card table byte_map: [0x44a00000,0x44c10000] byte_map_base: 0x449db000

Marking Bits: (CMSBitMap*) 0x02534968
 Bits: [0x44d70000, 0x462c5800)

Mod Union Table: (CMSBitMap*) 0x025349c8
 Bits: [0x04910000, 0x0493aab0)

Polling page: 0x00950000

CodeCache: size=32768Kb used=8240Kb max_used=9707Kb free=24527Kb
 bounds [0x02560000, 0x02ee0000, 0x04560000]
 total_blobs=3706 nmethods=3306 adapters=328
 compilation: enabled

Compilation events (10 events):
Event: 79.693 Thread 0x46ac5800 4791             net.minecraft.util.ObjectIntIdentityMap::func_148746_a (53 bytes)
Event: 79.693 Thread 0x46ac5800 nmethod 4791 0x02879f08 code [0x0287a040, 0x0287a210]
Event: 79.693 Thread 0x46ac5800 4792             java.util.regex.Pattern$Single::isSatisfiedBy (14 bytes)
Event: 79.693 Thread 0x46ac5800 nmethod 4792 0x028a6708 code [0x028a6800, 0x028a6890]
Event: 79.694 Thread 0x46ac5800 4793             java.util.Arrays::binarySearch0 (72 bytes)
Event: 79.694 Thread 0x46ac5800 nmethod 4793 0x02879c48 code [0x02879d40, 0x02879e20]
Event: 79.859 Thread 0x46ac5800 4794             java.util.zip.ZStreamRef::address (5 bytes)
Event: 79.859 Thread 0x46ac5800 nmethod 4794 0x028a8fc8 code [0x028a90c0, 0x028a9140]
Event: 79.860 Thread 0x46ac5800 4795   !         java.io.BufferedReader::readLine (304 bytes)
Event: 79.861 Thread 0x46ac5800 nmethod 4795 0x026c7b08 code [0x026c7cc0, 0x026c8824]

GC Heap History (10 events):
Event: 32.289 GC heap before
{Heap before GC invocations=14 (full 9):
 par new generation   total 314560K, used 314560K [0x04a00000, 0x19f50000, 0x19f50000)
  eden space 279616K, 100% used [0x04a00000, 0x15b10000, 0x15b10000)
  from space 34944K, 100% used [0x15b10000, 0x17d30000, 0x17d30000)
  to   space 34944K,   0% used [0x17d30000, 0x17d30000, 0x19f50000)
 concurrent mark-sweep generation total 699072K, used 104282K [0x19f50000, 0x44a00000, 0x44a00000)
 Metaspace       used 22522K, capacity 22728K, committed 22912K, reserved 22912K
Event: 32.307 GC heap after
Heap after GC invocations=15 (full 9):
 par new generation   total 314560K, used 31179K [0x04a00000, 0x19f50000, 0x19f50000)
  eden space 279616K,   0% used [0x04a00000, 0x04a00000, 0x15b10000)
  from space 34944K,  89% used [0x17d30000, 0x19ba2e78, 0x19f50000)
  to   space 34944K,   0% used [0x15b10000, 0x15b10000, 0x17d30000)
 concurrent mark-sweep generation total 699072K, used 127185K [0x19f50000, 0x44a00000, 0x44a00000)
 Metaspace       used 22522K, capacity 22728K, committed 22912K, reserved 22912K
}
Event: 38.648 GC heap before
{Heap before GC invocations=15 (full 10):
 par new generation   total 314560K, used 303252K [0x04a00000, 0x19f50000, 0x19f50000)
  eden space 279616K,  97% used [0x04a00000, 0x153b21f8, 0x15b10000)
  from space 34944K,  89% used [0x17d30000, 0x19ba2e78, 0x19f50000)
  to   space 34944K,   0% used [0x15b10000, 0x15b10000, 0x17d30000)
 concurrent mark-sweep generation total 699072K, used 127185K [0x19f50000, 0x44a00000, 0x44a00000)
 Metaspace       used 22574K, capacity 22760K, committed 22912K, reserved 22912K
Event: 38.667 GC heap after
Heap after GC invocations=16 (full 10):
 par new generation   total 314560K, used 22846K [0x04a00000, 0x19f50000, 0x19f50000)
  eden space 279616K,   0% used [0x04a00000, 0x04a00000, 0x15b10000)
  from space 34944K,  65% used [0x15b10000, 0x1715fa88, 0x17d30000)
  to   space 34944K,   0% used [0x17d30000, 0x17d30000, 0x19f50000)
 concurrent mark-sweep generation total 699072K, used 148682K [0x19f50000, 0x44a00000, 0x44a00000)
 Metaspace       used 22574K, capacity 22760K, committed 22912K, reserved 22912K
}
Event: 49.675 GC heap before
{Heap before GC invocations=16 (full 10):
 par new generation   total 314560K, used 302462K [0x04a00000, 0x19f50000, 0x19f50000)
  eden space 279616K, 100% used [0x04a00000, 0x15b10000, 0x15b10000)
  from space 34944K,  65% used [0x15b10000, 0x1715fa88, 0x17d30000)
  to   space 34944K,   0% used [0x17d30000, 0x17d30000, 0x19f50000)
 concurrent mark-sweep generation total 699072K, used 144624K [0x19f50000, 0x44a00000, 0x44a00000)
 Metaspace       used 22619K, capacity 22856K, committed 23040K, reserved 23936K
Event: 49.679 GC heap after
Heap after GC invocations=17 (full 10):
 par new generation   total 314560K, used 17367K [0x04a00000, 0x19f50000, 0x19f50000)
  eden space 279616K,   0% used [0x04a00000, 0x04a00000, 0x15b10000)
  from space 34944K,  49% used [0x17d30000, 0x18e25e30, 0x19f50000)
  to   space 34944K,   0% used [0x15b10000, 0x15b10000, 0x17d30000)
 concurrent mark-sweep generation total 699072K, used 144624K [0x19f50000, 0x44a00000, 0x44a00000)
 Metaspace       used 22619K, capacity 22856K, committed 23040K, reserved 23936K
}
Event: 67.352 GC heap before
{Heap before GC invocations=17 (full 11):
 par new generation   total 314560K, used 296983K [0x04a00000, 0x19f50000, 0x19f50000)
  eden space 279616K, 100% used [0x04a00000, 0x15b10000, 0x15b10000)
  from space 34944K,  49% used [0x17d30000, 0x18e25e30, 0x19f50000)
  to   space 34944K,   0% used [0x15b10000, 0x15b10000, 0x17d30000)
 concurrent mark-sweep generation total 699072K, used 144624K [0x19f50000, 0x44a00000, 0x44a00000)
 Metaspace       used 22634K, capacity 22856K, committed 23040K, reserved 23936K
Event: 67.358 GC heap after
Heap after GC invocations=18 (full 11):
 par new generation   total 314560K, used 26769K [0x04a00000, 0x19f50000, 0x19f50000)
  eden space 279616K,   0% used [0x04a00000, 0x04a00000, 0x15b10000)
  from space 34944K,  76% used [0x15b10000, 0x175346c0, 0x17d30000)
  to   space 34944K,   0% used [0x17d30000, 0x17d30000, 0x19f50000)
 concurrent mark-sweep generation total 699072K, used 144624K [0x19f50000, 0x44a00000, 0x44a00000)
 Metaspace       used 22634K, capacity 22856K, committed 23040K, reserved 23936K
}
Event: 79.694 GC heap before
{Heap before GC invocations=18 (full 11):
 par new generation   total 314560K, used 266036K [0x04a00000, 0x19f50000, 0x19f50000)
  eden space 279616K,  85% used [0x04a00000, 0x133a8cb0, 0x15b10000)
  from space 34944K,  76% used [0x15b10000, 0x175346c0, 0x17d30000)
  to   space 34944K,   0% used [0x17d30000, 0x17d30000, 0x19f50000)
 concurrent mark-sweep generation total 699072K, used 140318K [0x19f50000, 0x44a00000, 0x44a00000)
 Metaspace       used 22652K, capacity 22856K, committed 23040K, reserved 23936K
Event: 79.858 GC heap after
Heap after GC invocations=19 (full 12):
 par new generation   total 314560K, used 0K [0x04a00000, 0x19f50000, 0x19f50000)
  eden space 279616K,   0% used [0x04a00000, 0x04a00000, 0x15b10000)
  from space 34944K,   0% used [0x15b10000, 0x15b10000, 0x17d30000)
  to   space 34944K,   0% used [0x17d30000, 0x17d30000, 0x19f50000)
 concurrent mark-sweep generation total 699072K, used 157972K [0x19f50000, 0x44a00000, 0x44a00000)
 Metaspace       used 22652K, capacity 22856K, committed 23040K, reserved 23936K
}

Deoptimization events (0 events):
No events

Internal exceptions (10 events):
Event: 79.433 Thread 0x618ba800 Exception <a 'java/lang/InterruptedException': sleep interrupted> (0x0e75e938) thrown at [D:\re\workspace\8-2-build-windows-i586-cygwin\jdk8u73\6086\hotspot\src\share\vm\prims\jvm.cpp, line 3215]
Event: 79.450 Thread 0x618ba800 Exception <a 'java/lang/InterruptedException': sleep interrupted> (0x0e75ebb8) thrown at [D:\re\workspace\8-2-build-windows-i586-cygwin\jdk8u73\6086\hotspot\src\share\vm\prims\jvm.cpp, line 3215]
Event: 79.466 Thread 0x618ba800 Exception <a 'java/lang/InterruptedException': sleep interrupted> (0x0e75ee38) thrown at [D:\re\workspace\8-2-build-windows-i586-cygwin\jdk8u73\6086\hotspot\src\share\vm\prims\jvm.cpp, line 3215]
Event: 79.483 Thread 0x618ba800 Exception <a 'java/lang/InterruptedException': sleep interrupted> (0x0e75f0b8) thrown at [D:\re\workspace\8-2-build-windows-i586-cygwin\jdk8u73\6086\hotspot\src\share\vm\prims\jvm.cpp, line 3215]
Event: 79.500 Thread 0x618ba800 Exception <a 'java/lang/InterruptedException': sleep interrupted> (0x0e75f338) thrown at [D:\re\workspace\8-2-build-windows-i586-cygwin\jdk8u73\6086\hotspot\src\share\vm\prims\jvm.cpp, line 3215]
Event: 79.516 Thread 0x618ba800 Exception <a 'java/lang/InterruptedException': sleep interrupted> (0x0e75f5b8) thrown at [D:\re\workspace\8-2-build-windows-i586-cygwin\jdk8u73\6086\hotspot\src\share\vm\prims\jvm.cpp, line 3215]
Event: 79.533 Thread 0x618ba800 Exception <a 'java/lang/InterruptedException': sleep interrupted> (0x0e75f838) thrown at [D:\re\workspace\8-2-build-windows-i586-cygwin\jdk8u73\6086\hotspot\src\share\vm\prims\jvm.cpp, line 3215]
Event: 79.549 Thread 0x618ba800 Exception <a 'java/lang/InterruptedException': sleep interrupted> (0x0e75fab8) thrown at [D:\re\workspace\8-2-build-windows-i586-cygwin\jdk8u73\6086\hotspot\src\share\vm\prims\jvm.cpp, line 3215]
Event: 79.567 Thread 0x618ba800 Exception <a 'java/lang/InterruptedException': sleep interrupted> (0x0e75fd38) thrown at [D:\re\workspace\8-2-build-windows-i586-cygwin\jdk8u73\6086\hotspot\src\share\vm\prims\jvm.cpp, line 3215]
Event: 79.694 Thread 0x618ba800 Exception <a 'java/lang/InterruptedException': sleep interrupted> (0x0e760ab8) thrown at [D:\re\workspace\8-2-build-windows-i586-cygwin\jdk8u73\6086\hotspot\src\share\vm\prims\jvm.cpp, line 3215]

Events (10 events):
Event: 79.859 Thread 0x46ac5800 flushing nmethod 0x028c6b08
Event: 79.859 Thread 0x46ac5800 flushing nmethod 0x028c6e08
Event: 79.859 Thread 0x46ac5800 flushing nmethod 0x028c70c8
Event: 79.860 Thread 0x46ac5800 flushing nmethod 0x028c74c8
Event: 79.860 Thread 0x46ac5800 flushing nmethod 0x028c7948
Event: 79.860 Thread 0x46ac5800 flushing nmethod 0x028c7b08
Event: 79.860 Thread 0x46ac5800 flushing nmethod 0x028cab08
Event: 79.860 Thread 0x46ac5800 flushing nmethod 0x028cb488
Event: 79.860 Thread 0x46ac5800 flushing nmethod 0x028cbac8
Event: 79.860 Thread 0x46ac5800 flushing nmethod 0x028cbc88


Dynamic libraries:
0x009f0000 - 0x00a23000 	C:\Program Files (x86)\Java\jre1.8.0_73\bin\javaw.exe
0x77c00000 - 0x77d7b000 	C:\WINDOWS\SYSTEM32\ntdll.dll
0x76aa0000 - 0x76b80000 	C:\WINDOWS\SYSTEM32\KERNEL32.DLL
0x75e90000 - 0x7600e000 	C:\WINDOWS\SYSTEM32\KERNELBASE.dll
0x76e50000 - 0x76ecb000 	C:\WINDOWS\SYSTEM32\ADVAPI32.dll
0x77600000 - 0x776be000 	C:\WINDOWS\SYSTEM32\msvcrt.dll
0x775b0000 - 0x775f4000 	C:\WINDOWS\SYSTEM32\sechost.dll
0x76d40000 - 0x76ded000 	C:\WINDOWS\SYSTEM32\RPCRT4.dll
0x75d30000 - 0x75d4e000 	C:\WINDOWS\SYSTEM32\SspiCli.dll
0x75d20000 - 0x75d2a000 	C:\WINDOWS\SYSTEM32\CRYPTBASE.dll
0x76df0000 - 0x76e48000 	C:\WINDOWS\SYSTEM32\bcryptPrimitives.dll
0x76010000 - 0x76157000 	C:\WINDOWS\SYSTEM32\USER32.dll
0x77840000 - 0x7798f000 	C:\WINDOWS\SYSTEM32\GDI32.dll
0x72170000 - 0x7237f000 	C:\WINDOWS\WinSxS\x86_microsoft.windows.common-controls_6595b64144ccf1df_6.0.10586.0_none_d3c2e4e965da4528\COMCTL32.dll
0x762c0000 - 0x7647d000 	C:\WINDOWS\SYSTEM32\combase.dll
0x76a10000 - 0x76a3b000 	C:\WINDOWS\SYSTEM32\IMM32.DLL
0x68750000 - 0x6880f000 	C:\Program Files (x86)\Java\jre1.8.0_73\bin\msvcr100.dll
0x56880000 - 0x56c48000 	C:\Program Files (x86)\Java\jre1.8.0_73\bin\client\jvm.dll
0x76d30000 - 0x76d36000 	C:\WINDOWS\SYSTEM32\PSAPI.DLL
0x73490000 - 0x73498000 	C:\WINDOWS\SYSTEM32\WSOCK32.dll
0x75c70000 - 0x75c78000 	C:\WINDOWS\SYSTEM32\VERSION.dll
0x72f40000 - 0x72f64000 	C:\WINDOWS\SYSTEM32\WINMM.dll
0x76a40000 - 0x76a9f000 	C:\WINDOWS\SYSTEM32\WS2_32.dll
0x00980000 - 0x009a3000 	C:\WINDOWS\SYSTEM32\WINMMBASE.dll
0x75e50000 - 0x75e87000 	C:\WINDOWS\SYSTEM32\cfgmgr32.dll
0x69110000 - 0x6911c000 	C:\Program Files (x86)\Java\jre1.8.0_73\bin\verify.dll
0x68c80000 - 0x68ca1000 	C:\Program Files (x86)\Java\jre1.8.0_73\bin\java.dll
0x68920000 - 0x68933000 	C:\Program Files (x86)\Java\jre1.8.0_73\bin\zip.dll
0x73aa0000 - 0x74e9e000 	C:\WINDOWS\SYSTEM32\SHELL32.dll
0x76480000 - 0x7697a000 	C:\WINDOWS\SYSTEM32\windows.storage.dll
0x76200000 - 0x76245000 	C:\WINDOWS\SYSTEM32\shlwapi.dll
0x75e40000 - 0x75e4c000 	C:\WINDOWS\SYSTEM32\kernel.appcore.dll
0x76980000 - 0x76a0d000 	C:\WINDOWS\SYSTEM32\shcore.dll
0x779a0000 - 0x779e4000 	C:\WINDOWS\SYSTEM32\powrprof.dll
0x77990000 - 0x7799f000 	C:\WINDOWS\SYSTEM32\profapi.dll
0x71640000 - 0x7164a000 	C:\Program Files (x86)\Java\jre1.8.0_73\bin\management.dll
0x68900000 - 0x68916000 	C:\Program Files (x86)\Java\jre1.8.0_73\bin\net.dll
0x73680000 - 0x736cf000 	C:\WINDOWS\system32\mswsock.dll
0x68740000 - 0x6874f000 	C:\Program Files (x86)\Java\jre1.8.0_73\bin\nio.dll
0x73590000 - 0x735a2000 	C:\WINDOWS\system32\napinsp.dll
0x73570000 - 0x73586000 	C:\WINDOWS\system32\pnrpnsp.dll
0x73550000 - 0x73564000 	C:\WINDOWS\system32\NLAapi.dll
0x734c0000 - 0x73544000 	C:\WINDOWS\SYSTEM32\DNSAPI.dll
0x76fd0000 - 0x76fd7000 	C:\WINDOWS\SYSTEM32\NSI.dll
0x73480000 - 0x7348b000 	C:\WINDOWS\System32\winrnr.dll
0x73460000 - 0x73471000 	C:\WINDOWS\System32\wshbth.dll
0x63560000 - 0x63568000 	F:\Multisim\Shared\mDNS Responder\nimdnsNSP.dll
0x63550000 - 0x6355b000 	C:\WINDOWS\SYSTEM32\nimdnsResponder.dll
0x733b0000 - 0x73453000 	C:\WINDOWS\WinSxS\x86_microsoft.vc90.crt_1fc8b3b9a1e18e3b_9.0.30729.9177_none_5093cc7abcb795e9\MSVCR90.dll
0x758c0000 - 0x758ef000 	C:\WINDOWS\SYSTEM32\Iphlpapi.DLL
0x47cf0000 - 0x47d12000 	C:\WINDOWS\system32\xunyount.dll
0x736d0000 - 0x736e4000 	C:\WINDOWS\SYSTEM32\dhcpcsvc.DLL
0x73670000 - 0x73678000 	C:\WINDOWS\system32\wshqos.dll
0x73660000 - 0x73667000 	C:\WINDOWS\SYSTEM32\wshtcpip.DLL
0x73650000 - 0x73657000 	C:\WINDOWS\SYSTEM32\wship6.dll
0x733a0000 - 0x733a8000 	C:\Windows\System32\rasadhlp.dll
0x72700000 - 0x72747000 	C:\WINDOWS\System32\fwpuclnt.dll
0x75620000 - 0x7563b000 	C:\WINDOWS\SYSTEM32\bcrypt.dll
0x47dc0000 - 0x47e0d000 	C:\Users\ASUS\.gradle\caches\minecraft\net\minecraft\minecraft_natives\1.7.10\lwjgl.dll
0x6da50000 - 0x6db30000 	C:\WINDOWS\SYSTEM32\OPENGL32.dll
0x6d770000 - 0x6d85e000 	C:\WINDOWS\SYSTEM32\DDRAW.dll
0x6d8a0000 - 0x6d8c5000 	C:\WINDOWS\SYSTEM32\GLU32.dll
0x6d760000 - 0x6d767000 	C:\WINDOWS\SYSTEM32\DCIMAN32.dll
0x75320000 - 0x75333000 	C:\WINDOWS\SYSTEM32\CRYPTSP.dll
0x752f0000 - 0x7531f000 	C:\WINDOWS\system32\rsaenh.dll
0x75b10000 - 0x75b29000 	C:\WINDOWS\SYSTEM32\USERENV.dll
0x72690000 - 0x726a3000 	C:\WINDOWS\SYSTEM32\dhcpcsvc6.DLL
0x5c9a0000 - 0x5cae5000 	C:\Program Files (x86)\Java\jre1.8.0_73\bin\awt.dll
0x779f0000 - 0x77a82000 	C:\WINDOWS\SYSTEM32\OLEAUT32.dll
0x75c80000 - 0x75d12000 	C:\WINDOWS\system32\apphelp.dll
0x71c10000 - 0x71c85000 	C:\WINDOWS\system32\uxtheme.dll
0x77490000 - 0x775af000 	C:\WINDOWS\SYSTEM32\MSCTF.dll
0x71450000 - 0x7146d000 	C:\WINDOWS\system32\dwmapi.dll
0x50d70000 - 0x525dc000 	C:\WINDOWS\SYSTEM32\nvoglv32.DLL
0x77020000 - 0x7742b000 	C:\WINDOWS\SYSTEM32\SETUPAPI.dll
0x74fc0000 - 0x750ff000 	C:\WINDOWS\SYSTEM32\dbghelp.dll
0x75c60000 - 0x75c6f000 	C:\WINDOWS\SYSTEM32\WTSAPI32.dll
0x72750000 - 0x72772000 	C:\WINDOWS\SYSTEM32\DEVOBJ.dll
0x76be0000 - 0x76c22000 	C:\WINDOWS\SYSTEM32\WINTRUST.dll
0x76250000 - 0x7625e000 	C:\WINDOWS\SYSTEM32\MSASN1.dll
0x776c0000 - 0x77838000 	C:\WINDOWS\SYSTEM32\CRYPT32.dll
0x75510000 - 0x75538000 	C:\WINDOWS\SYSTEM32\ntmarta.dll
0x713d0000 - 0x7144f000 	C:\WINDOWS\SYSTEM32\mscms.dll
0x6d860000 - 0x6d89c000 	C:\WINDOWS\SYSTEM32\icm32.dll
0x75d50000 - 0x75e3b000 	C:\WINDOWS\SYSTEM32\ole32.dll
0x76160000 - 0x761e4000 	C:\WINDOWS\SYSTEM32\clbcatq.dll
0x67260000 - 0x673a5000 	C:\WINDOWS\SYSTEM32\SogouTSF.ime
0x71350000 - 0x71356000 	C:\WINDOWS\SYSTEM32\MSIMG32.dll
0x4cd30000 - 0x4d25a000 	C:\WINDOWS\system32\SogouPy.ime
0x71e80000 - 0x71ed4000 	C:\WINDOWS\SYSTEM32\OLEACC.dll
0x4e520000 - 0x4e5ff000 	D:\SogouInput\8.6.0.1565\Resource.dll
0x5e710000 - 0x5e8c9000 	D:\SogouInput\Components\PicFace\1.1.0.1766\PicFace.dll
0x76ed0000 - 0x76fc2000 	C:\WINDOWS\SYSTEM32\COMDLG32.dll
0x77430000 - 0x7748e000 	C:\WINDOWS\SYSTEM32\FirewallAPI.dll
0x76fe0000 - 0x76ff3000 	C:\WINDOWS\SYSTEM32\NETAPI32.dll
0x758f0000 - 0x758fb000 	C:\WINDOWS\SYSTEM32\DAVHLPR.DLL
0x755f0000 - 0x7561c000 	C:\WINDOWS\SYSTEM32\fwbase.dll
0x735b0000 - 0x735f4000 	C:\WINDOWS\SYSTEM32\WINSTA.dll
0x6d8d0000 - 0x6d953000 	C:\WINDOWS\system32\dxgi.dll
0x6dfc0000 - 0x6e1da000 	C:\WINDOWS\system32\d3d11.dll
0x54be0000 - 0x55cd1000 	C:\WINDOWS\SYSTEM32\nvwgf2um.dll
0x5def0000 - 0x5df09000 	C:\WINDOWS\system32\OpenAL32.dll
0x72d70000 - 0x72dc5000 	C:\WINDOWS\SYSTEM32\MMDevAPI.DLL
0x72780000 - 0x728cb000 	C:\WINDOWS\SYSTEM32\PROPSYS.dll
0x5df10000 - 0x5df48000 	C:\WINDOWS\SYSTEM32\wdmaud.drv
0x5df50000 - 0x5df59000 	C:\WINDOWS\SYSTEM32\AVRT.dll
0x71340000 - 0x71347000 	C:\WINDOWS\SYSTEM32\ksuser.dll
0x71470000 - 0x714d8000 	C:\WINDOWS\SYSTEM32\AUDIOSES.DLL
0x719a0000 - 0x71a68000 	C:\WINDOWS\SYSTEM32\wintypes.dll
0x711a0000 - 0x711a9000 	C:\WINDOWS\SYSTEM32\msacm32.drv
0x5df80000 - 0x5df98000 	C:\WINDOWS\SYSTEM32\MSACM32.dll
0x5dfa0000 - 0x5dfa8000 	C:\WINDOWS\SYSTEM32\midimap.dll
0x66f80000 - 0x67006000 	C:\WINDOWS\SYSTEM32\dsound.dll
0x5e0d0000 - 0x5e528000 	C:\WINDOWS\system32\wrap_oal.dll
0x62ca0000 - 0x62d05000 	C:\Users\ASUS\.gradle\caches\minecraft\net\minecraft\minecraft_natives\1.7.10\OpenAL32.dll
0x62ee0000 - 0x62f00000 	C:\Program Files (x86)\Java\jre1.8.0_73\bin\sunec.dll

VM Arguments:
jvm_args: -Xincgc -Xmx1024M -Xms1024M -Dfile.encoding=GBK 
java_command: GradleStart
java_class_path (initial): F:\forge-1.7.10-10.13.4.1558-1.7.10-src\bin;C:\Users\ASUS\.gradle\caches\minecraft\net\minecraftforge\forge\1.7.10-10.13.4.1564-1.7.10\forgeSrc-1.7.10-10.13.4.1564-1.7.10.jar;C:\Users\ASUS\.gradle\caches\modules-2\files-2.1\net.minecraft\launchwrapper\1.12\111e7bea9c968cdb3d06ef4632bf7ff0824d0f36\launchwrapper-1.12.jar;C:\Users\ASUS\.gradle\caches\modules-2\files-2.1\com.google.code.findbugs\jsr305\1.3.9\40719ea6961c0cb6afaeb6a921eaa1f6afd4cfdf\jsr305-1.3.9.jar;C:\Users\ASUS\.gradle\caches\modules-2\files-2.1\org.ow2.asm\asm-debug-all\5.0.3\f9e364ae2a66ce2a543012a4668856e84e5dab74\asm-debug-all-5.0.3.jar;C:\Users\ASUS\.gradle\caches\modules-2\files-2.1\com.typesafe.akka\akka-actor_2.11\2.3.3\ed62e9fc709ca0f2ff1a3220daa8b70a2870078e\akka-actor_2.11-2.3.3.jar;C:\Users\ASUS\.gradle\caches\modules-2\files-2.1\com.typesafe\config\1.2.1\f771f71fdae3df231bcd54d5ca2d57f0bf93f467\config-1.2.1.jar;C:\Users\ASUS\.gradle\caches\modules-2\files-2.1\org.scala-lang\scala-actors-migration_2.11\1.1.0\dfa8bc42b181d5b9f1a5dd147f8ae308b893eb6f\scala-actors-migration_2.11-1.1.0.jar;C:\Users\ASUS\.gradle\caches\modules-2\files-2.1\org.scala-lang\scala-compiler\2.11.1\56ea2e6c025e0821f28d73ca271218b8dd04926a\scala-compiler-2.11.1.jar;C:\Users\ASUS\.gradle\caches\modules-2\files-2.1\org.scala-lang.plugins\scala-continuations-library_2.11\1.0.2\e517c53a7e9acd6b1668c5a35eccbaa3bab9aac\scala-continuations-library_2.11-1.0.2.jar;C:\Users\ASUS\.gradle\caches\modules-2\files-2.1\org.scala-lang.plugins\scala-continuations-plugin_2.11.1\1.0.2\f361a3283452c57fa30c1ee69448995de23c60f7\scala-continuations-plugin_2.11.1-1.0.2.jar;C:\Users\ASUS\.gradle\caches\modules-2\files-2.1\org.scala-lang\scala-library\2.11.1\e11da23da3eabab9f4777b9220e60d44c1aab6a\scala-library-2.11.1.jar;C:\Users\ASUS\.gradle\caches\modules-2\files-2.1\org.scala-lang\scala-parser-combinators_2.11\1.0.1\f05d7345bf5a58924f2837c6c1f4d73a938e1ff0\scala-parser-combinators_2.11-1.0.1.jar;C:\Users\ASUS\.gra
Launcher Type: SUN_STANDARD

Environment Variables:
JAVA_HOME=C:\Program Files\Java\jdk1.8.0_45
CLASSPATH=.;C:\Program Files\Java\jdk1.8.0_45\lib\dt.jar;C:\Program Files\Java\jdk1.8.0_45\lib\tools.jar;
PATH=C:/Program Files (x86)/Java/jre1.8.0_73/bin/client;C:/Program Files (x86)/Java/jre1.8.0_73/bin;C:/Program Files (x86)/Java/jre1.8.0_73/lib/i386;C:\Program Files (x86)\Common Files\Microsoft Shared\Windows Live;C:\Cocos\frameworks\cocos2d-x-3.8.1\tools\cocos2d-console\bin;E:\cocos2d-x-3.10\templates;C:\Cocos\tools\Python27;C:\Program Files (x86)\NVIDIA Corporation\PhysX\Common;C:\ProgramData\Oracle\Java\javapath;C:\WINDOWS\system32;C:\WINDOWS;C:\WINDOWS\System32\Wbem;C:\WINDOWS\System32\WindowsPowerShell\v1.0\;C:\Users\ASUS\.dnx\bin;C:\Program Files\Microsoft DNX\Dnvm\;C:\Program Files (x86)\Windows Kits\10\Windows Performance Toolkit\;C:\Program Files\WIDCOMM\Bluetooth Software\;C:\Program Files\WIDCOMM\Bluetooth Software\syswow64;C:\Program Files (x86)\GtkSharp\2.12\bin;C:\Cocos\frameworks\cocos2d-x-3.8.1\tools\cocos2d-console\bin;E:\cocos2d-x-3.10\templates;C:\Cocos\tools\Python27;C:\WINDOWS\system32\config\systemprofile\.dnx\bin;C:\Program Files\Microsoft DNX\Dnvm\;C:\Program Files\Microsoft SQL Server\130\Tools\Binn\;C:\Program Files (x86)\Microsoft SQL Server\100\Tools\Binn\;C:\Program Files\Microsoft SQL Server\100\Tools\Binn\;C:\Program Files\Microsoft SQL Server\100\DTS\Binn\;F:\MATLAB\runtime\win64;F:\MATLAB\bin;F:\MATLAB\polyspace\bin;C:\Program Files\Git\cmd;C:\Python27;C:\Python27\Scripts;C:\Python27\Lib\site-packages\Django-1.7.11-py2.7.egg\django\bin;C:\Program Files\Java\jdk1.8.0_45\bin;C:\Program Files\Java\jdk1.8.0_45\jre\bin;E:\COCOS\Cocos2d-x\Cocos2d-x-3.10\templates;E:\COCOS\Cocos2d-x;COCOS\Cocos2d-x\Cocos2d-x-3.10\tools\cocos2d-console\bin;cocos2d-x-3.10\templates;C:\Python27\Scripts;C:\Python27;E:\eclipse-standard-kepler-SR2-win32\eclipse;
USERNAME=ASUS
OS=Windows_NT
PROCESSOR_IDENTIFIER=Intel64 Family 6 Model 60 Stepping 3, GenuineIntel



---------------  S Y S T E M  ---------------

OS: Windows 10.0 , 64 bit Build 10586 (10.0.10586.0)

CPU:total 8 (4 cores per cpu, 2 threads per core) family 6 model 60 stepping 3, cmov, cx8, fxsr, mmx, sse, sse2, sse3, ssse3, sse4.1, sse4.2, popcnt, avx, avx2, aes, clmul, erms, lzcnt, ht, tsc, tscinvbit, bmi1, bmi2

Memory: 4k page, physical 12469292k(6405600k free), swap 16565292k(5847520k free)

vm_info: Java HotSpot(TM) Client VM (25.73-b02) for windows-x86 JRE (1.8.0_73-b02), built on Jan 29 2016 17:05:52 by "java_re" with MS VC++ 10.0 (VS2010)

time: Mon Sep 25 20:44:24 2017
elapsed time: 79 seconds (0d 0h 1m 19s)

