#
# A fatal error has been detected by the Java Runtime Environment:
#
#  EXCEPTION_ACCESS_VIOLATION (0xc0000005) at pc=0x698ab381, pid=7392, tid=12284
#
# JRE version: Java(TM) SE Runtime Environment (8.0_73-b02) (build 1.8.0_73-b02)
# Java VM: Java HotSpot(TM) Client VM (25.73-b02 mixed mode windows-x86 )
# Problematic frame:
# C  [nvoglv32.DLL+0xa8b381]
#
# Failed to write core dump. Minidumps are not enabled by default on client versions of Windows
#
# If you would like to submit a bug report, please visit:
#   http://bugreport.java.com/bugreport/crash.jsp
# The crash happened outside the Java Virtual Machine in native code.
# See problematic frame for where to report the bug.
#

---------------  T H R E A D  ---------------

Current thread (0x02463400):  JavaThread "Client thread" [_thread_in_native, id=12284, stack(0x00a30000,0x00a80000)]

siginfo: ExceptionCode=0xc0000005, reading address 0x00000008

Registers:
EAX=0x00000000, EBX=0x00000000, ECX=0x00000000, EDX=0x00000000
ESP=0x00a7dd64, EBP=0x00a7dd70, ESI=0x00000000, EDI=0x00000000
EIP=0x698ab381, EFLAGS=0x00010246

Top of Stack: (sp=0x00a7dd64)
0x00a7dd64:   00000000 00000000 00000000 00a7dd90
0x00a7dd74:   698ae636 00000000 00a7e220 505554c8
0x00a7dd84:   00000000 00a7dde0 4b40e74c 00a7ddb8
0x00a7dd94:   698acd6a 4b32e020 00000000 00a7dde0
0x00a7dda4:   00a7e220 00000000 505554c8 50568050
0x00a7ddb4:   4b32e020 00a7e1f0 69997633 4b32e020
0x00a7ddc4:   505554c8 50568050 00a7dde0 00a7e220
0x00a7ddd4:   00a7e3a0 50568050 505554c8 00000000 

Instructions: (pc=0x698ab381)
0x698ab361:   cc cc cc cc cc cc cc cc cc cc cc cc cc cc cc 55
0x698ab371:   8b ec 8b 45 08 8b 4d 08 53 56 8b 75 08 32 db 57
0x698ab381:   0f b7 78 08 85 ff 7e 20 83 c0 24 8d 64 24 00 0f
0x698ab391:   b7 50 fc 4a 74 22 83 ea 2c 75 07 b3 01 8b 08 8b 


Register to memory mapping:

EAX=0x00000000 is an unknown value
EBX=0x00000000 is an unknown value
ECX=0x00000000 is an unknown value
EDX=0x00000000 is an unknown value
ESP=0x00a7dd64 is pointing into the stack for thread: 0x02463400
EBP=0x00a7dd70 is pointing into the stack for thread: 0x02463400
ESI=0x00000000 is an unknown value
EDI=0x00000000 is an unknown value


Stack: [0x00a30000,0x00a80000],  sp=0x00a7dd64,  free space=311k
Native frames: (J=compiled Java code, j=interpreted, Vv=VM code, C=native code)
C  [nvoglv32.DLL+0xa8b381]
C  [nvoglv32.DLL+0xa8e636]
C  [nvoglv32.DLL+0xa8cd6a]
C  [nvoglv32.DLL+0xb77633]
C  [nvoglv32.DLL+0xb77b04]
C  [nvoglv32.DLL+0xaa9889]
C  [nvoglv32.DLL+0xaa9ac0]
C  [nvoglv32.DLL+0xaa9eed]
C  [nvoglv32.DLL+0xb780c6]
C  [nvoglv32.DLL+0xb44a73]
C  [nvoglv32.DLL+0xb3fe61]
C  [nvoglv32.DLL+0x14d953]
C  [lwjgl.dll+0x9c03]
J 2211 C1 net.minecraft.client.renderer.Tessellator.draw()I (405 bytes) @ 0x029ba35c [0x029b9d30+0x62c]
j  net.minecraft.client.renderer.entity.Render.renderShadow(Lnet/minecraft/entity/Entity;DDDFF)V+373
J 4530 C1 net.minecraft.client.renderer.entity.Render.doRenderShadowAndFire(Lnet/minecraft/entity/Entity;DDDFF)V (108 bytes) @ 0x026ee97c [0x026ee820+0x15c]
J 4542 C1 net.minecraft.client.renderer.entity.RenderManager.func_147939_a(Lnet/minecraft/entity/Entity;DDDFFZ)Z (271 bytes) @ 0x026bee94 [0x026bed60+0x134]
J 4541 C1 net.minecraft.client.renderer.entity.RenderManager.renderEntityStatic(Lnet/minecraft/entity/Entity;FZ)Z (192 bytes) @ 0x0284d8b4 [0x0284d5f0+0x2c4]
J 3252 C1 net.minecraft.client.renderer.RenderGlobal.renderEntities(Lnet/minecraft/entity/EntityLivingBase;Lnet/minecraft/client/renderer/culling/ICamera;F)V (889 bytes) @ 0x02bca200 [0x02bc9640+0xbc0]
J 3988 C1 net.minecraft.client.renderer.EntityRenderer.renderWorld(FJ)V (1565 bytes) @ 0x02d74540 [0x02d73010+0x1530]
J 3642 C1 net.minecraft.client.renderer.EntityRenderer.updateCameraAndRender(F)V (874 bytes) @ 0x02ca27b4 [0x02ca1e80+0x934]
J 2377 C1 net.minecraft.client.Minecraft.runGameLoop()V (769 bytes) @ 0x02a1d4ec [0x02a1ccf0+0x7fc]
j  net.minecraft.client.Minecraft.run()V+61
j  net.minecraft.client.main.Main.main([Ljava/lang/String;)V+998
v  ~StubRoutines::call_stub
V  [jvm.dll+0x158bf5]
V  [jvm.dll+0x21e0be]
V  [jvm.dll+0x158c8e]
V  [jvm.dll+0x165408]
V  [jvm.dll+0x165673]
V  [jvm.dll+0x102393]
C  [java.dll+0x3b26]
j  sun.reflect.NativeMethodAccessorImpl.invoke(Ljava/lang/Object;[Ljava/lang/Object;)Ljava/lang/Object;+100
j  sun.reflect.DelegatingMethodAccessorImpl.invoke(Ljava/lang/Object;[Ljava/lang/Object;)Ljava/lang/Object;+6
j  java.lang.reflect.Method.invoke(Ljava/lang/Object;[Ljava/lang/Object;)Ljava/lang/Object;+56
j  net.minecraft.launchwrapper.Launch.launch([Ljava/lang/String;)V+661
j  net.minecraft.launchwrapper.Launch.main([Ljava/lang/String;)V+8
j  net.minecraftforge.gradle.GradleStartCommon.launch([Ljava/lang/String;)V+181
j  GradleStart.main([Ljava/lang/String;)V+11
v  ~StubRoutines::call_stub
V  [jvm.dll+0x158bf5]
V  [jvm.dll+0x21e0be]
V  [jvm.dll+0x158c8e]
V  [jvm.dll+0xdaca7]
V  [jvm.dll+0xe323f]
C  [javaw.exe+0x229a]
C  [javaw.exe+0xaebf]
C  [javaw.exe+0xaf49]
C  [KERNEL32.DLL+0x138f4]
C  [ntdll.dll+0x65e13]
C  [ntdll.dll+0x65dde]
C  0x00000000

Java frames: (J=compiled Java code, j=interpreted, Vv=VM code)
J 2224  org.lwjgl.opengl.GL11.nglDrawArrays(IIIJ)V (0 bytes) @ 0x029c1236 [0x029c11e0+0x56]
J 2211 C1 net.minecraft.client.renderer.Tessellator.draw()I (405 bytes) @ 0x029ba35c [0x029b9d30+0x62c]
j  net.minecraft.client.renderer.entity.Render.renderShadow(Lnet/minecraft/entity/Entity;DDDFF)V+373
J 4530 C1 net.minecraft.client.renderer.entity.Render.doRenderShadowAndFire(Lnet/minecraft/entity/Entity;DDDFF)V (108 bytes) @ 0x026ee97c [0x026ee820+0x15c]
J 4542 C1 net.minecraft.client.renderer.entity.RenderManager.func_147939_a(Lnet/minecraft/entity/Entity;DDDFFZ)Z (271 bytes) @ 0x026bee94 [0x026bed60+0x134]
J 4541 C1 net.minecraft.client.renderer.entity.RenderManager.renderEntityStatic(Lnet/minecraft/entity/Entity;FZ)Z (192 bytes) @ 0x0284d8b4 [0x0284d5f0+0x2c4]
J 3252 C1 net.minecraft.client.renderer.RenderGlobal.renderEntities(Lnet/minecraft/entity/EntityLivingBase;Lnet/minecraft/client/renderer/culling/ICamera;F)V (889 bytes) @ 0x02bca200 [0x02bc9640+0xbc0]
J 3988 C1 net.minecraft.client.renderer.EntityRenderer.renderWorld(FJ)V (1565 bytes) @ 0x02d74540 [0x02d73010+0x1530]
J 3642 C1 net.minecraft.client.renderer.EntityRenderer.updateCameraAndRender(F)V (874 bytes) @ 0x02ca27b4 [0x02ca1e80+0x934]
J 2377 C1 net.minecraft.client.Minecraft.runGameLoop()V (769 bytes) @ 0x02a1d4ec [0x02a1ccf0+0x7fc]
j  net.minecraft.client.Minecraft.run()V+61
j  net.minecraft.client.main.Main.main([Ljava/lang/String;)V+998
v  ~StubRoutines::call_stub
j  sun.reflect.NativeMethodAccessorImpl.invoke0(Ljava/lang/reflect/Method;Ljava/lang/Object;[Ljava/lang/Object;)Ljava/lang/Object;+0
j  sun.reflect.NativeMethodAccessorImpl.invoke(Ljava/lang/Object;[Ljava/lang/Object;)Ljava/lang/Object;+100
j  sun.reflect.DelegatingMethodAccessorImpl.invoke(Ljava/lang/Object;[Ljava/lang/Object;)Ljava/lang/Object;+6
j  java.lang.reflect.Method.invoke(Ljava/lang/Object;[Ljava/lang/Object;)Ljava/lang/Object;+56
j  net.minecraft.launchwrapper.Launch.launch([Ljava/lang/String;)V+661
j  net.minecraft.launchwrapper.Launch.main([Ljava/lang/String;)V+8
j  net.minecraftforge.gradle.GradleStartCommon.launch([Ljava/lang/String;)V+181
j  GradleStart.main([Ljava/lang/String;)V+11
v  ~StubRoutines::call_stub

---------------  P R O C E S S  ---------------

Java Threads: ( => current thread )
  0x64007c00 JavaThread "File IO Thread" [_thread_blocked, id=3704, stack(0x572f0000,0x57340000)]
  0x6400a800 JavaThread "pool-2-thread-1" [_thread_blocked, id=18656, stack(0x563c0000,0x56410000)]
  0x6400a400 JavaThread "Chunk I/O Executor Thread-1" daemon [_thread_blocked, id=12096, stack(0x53360000,0x533b0000)]
  0x64009c00 JavaThread "Netty IO #1" daemon [_thread_in_native, id=19128, stack(0x532d0000,0x53320000)]
  0x67026c00 JavaThread "Netty Client IO #0" daemon [_thread_in_native, id=11496, stack(0x53140000,0x53190000)]
  0x64f8ec00 JavaThread "Netty IO #0" daemon [_thread_in_native, id=15500, stack(0x530b0000,0x53100000)]
  0x6e72f400 JavaThread "Server thread" [_thread_blocked, id=680, stack(0x52d80000,0x52dd0000)]
  0x674b0800 JavaThread "Snooper Timer" daemon [_thread_blocked, id=672, stack(0x52cf0000,0x52d40000)]
  0x65a70800 JavaThread "Thread-11" [_thread_blocked, id=11860, stack(0x534c0000,0x53510000)]
  0x5a61e800 JavaThread "Thread-10" [_thread_blocked, id=3268, stack(0x53430000,0x53480000)]
  0x477dd400 JavaThread "LWJGL Timer" daemon [_thread_blocked, id=14752, stack(0x53060000,0x530b0000)]
  0x47883800 JavaThread "Java2D Disposer" daemon [_thread_blocked, id=19068, stack(0x48aa0000,0x48af0000)]
  0x47b35800 JavaThread "Timer hack thread" daemon [_thread_blocked, id=6980, stack(0x48610000,0x48660000)]
  0x47abd000 JavaThread "Snooper Timer" daemon [_thread_blocked, id=18288, stack(0x485c0000,0x48610000)]
  0x46af2c00 JavaThread "Service Thread" daemon [_thread_blocked, id=13888, stack(0x47300000,0x47350000)]
  0x46a98800 JavaThread "C1 CompilerThread0" daemon [_thread_blocked, id=3828, stack(0x47270000,0x472c0000)]
  0x46ac3c00 JavaThread "Attach Listener" daemon [_thread_blocked, id=16976, stack(0x471c0000,0x47210000)]
  0x46ac3000 JavaThread "Signal Dispatcher" daemon [_thread_blocked, id=4508, stack(0x47130000,0x47180000)]
  0x46ac2400 JavaThread "Surrogate Locker Thread (Concurrent GC)" daemon [_thread_blocked, id=1404, stack(0x470a0000,0x470f0000)]
  0x46a6b400 JavaThread "Finalizer" daemon [_thread_blocked, id=14952, stack(0x46fb0000,0x47000000)]
  0x46a67000 JavaThread "Reference Handler" daemon [_thread_blocked, id=3536, stack(0x46f20000,0x46f70000)]
=>0x02463400 JavaThread "Client thread" [_thread_in_native, id=12284, stack(0x00a30000,0x00a80000)]

Other Threads:
  0x46a60c00 VMThread [stack: 0x46e90000,0x46ee0000] [id=16500]
  0x46b3c800 WatcherThread [stack: 0x47390000,0x473e0000] [id=11296]

VM state:not at safepoint (normal execution)

VM Mutex/Monitor currently owned by a thread: None

Heap:
 par new generation   total 314560K, used 212225K [0x04a00000, 0x19f50000, 0x19f50000)
  eden space 279616K,  67% used [0x04a00000, 0x10197798, 0x15b10000)
  from space 34944K,  69% used [0x17d30000, 0x194d8ce8, 0x19f50000)
  to   space 34944K,   0% used [0x15b10000, 0x15b10000, 0x17d30000)
 concurrent mark-sweep generation total 699072K, used 142934K [0x19f50000, 0x44a00000, 0x44a00000)
 Metaspace       used 22687K, capacity 22917K, committed 23040K, reserved 23936K

Card table byte_map: [0x44a00000,0x44c10000] byte_map_base: 0x449db000

Marking Bits: (CMSBitMap*) 0x025356e0
 Bits: [0x44d70000, 0x462c5800)

Mod Union Table: (CMSBitMap*) 0x02535740
 Bits: [0x00bb0000, 0x00bdaab0)

Polling page: 0x009a0000

CodeCache: size=32768Kb used=7944Kb max_used=8980Kb free=24823Kb
 bounds [0x02560000, 0x02e50000, 0x04560000]
 total_blobs=3525 nmethods=3127 adapters=327
 compilation: enabled

Compilation events (10 events):
Event: 127.346 Thread 0x46a98800 4677             com.google.common.collect.AbstractIndexedListIterator::hasNext (17 bytes)
Event: 127.346 Thread 0x46a98800 nmethod 4677 0x026a8a08 code [0x026a8b00, 0x026a8b90]
Event: 127.347 Thread 0x46a98800 4678             java.util.regex.Pattern$Branch::match (66 bytes)
Event: 127.347 Thread 0x46a98800 nmethod 4678 0x028b9fc8 code [0x028ba0e0, 0x028ba258]
Event: 127.349 Thread 0x46a98800 4679             java.security.Permission::getName (5 bytes)
Event: 127.349 Thread 0x46a98800 nmethod 4679 0x028b9e08 code [0x028b9f00, 0x028b9f80]
Event: 127.376 Thread 0x46a98800 4680             sun.awt.image.ByteInterleavedRaster::putByteData (834 bytes)
Event: 127.378 Thread 0x46a98800 nmethod 4680 0x02861c88 code [0x02861e40, 0x02862844]
Event: 127.379 Thread 0x46a98800 4681             java.awt.image.ComponentColorModel::extractComponent (530 bytes)
Event: 127.380 Thread 0x46a98800 nmethod 4681 0x028a5ac8 code [0x028a5d20, 0x028a66e0]

GC Heap History (10 events):
Event: 76.061 GC heap before
{Heap before GC invocations=14 (full 9):
 par new generation   total 314560K, used 300175K [0x04a00000, 0x19f50000, 0x19f50000)
  eden space 279616K,  94% used [0x04a00000, 0x14d03e30, 0x15b10000)
  from space 34944K, 100% used [0x15b10000, 0x17d30000, 0x17d30000)
  to   space 34944K,   0% used [0x17d30000, 0x17d30000, 0x19f50000)
 concurrent mark-sweep generation total 699072K, used 106596K [0x19f50000, 0x44a00000, 0x44a00000)
 Metaspace       used 22670K, capacity 22917K, committed 23040K, reserved 23936K
Event: 76.110 GC heap after
Heap after GC invocations=15 (full 9):
 par new generation   total 314560K, used 31478K [0x04a00000, 0x19f50000, 0x19f50000)
  eden space 279616K,   0% used [0x04a00000, 0x04a00000, 0x15b10000)
  from space 34944K,  90% used [0x17d30000, 0x19bedb50, 0x19f50000)
  to   space 34944K,   0% used [0x15b10000, 0x15b10000, 0x17d30000)
 concurrent mark-sweep generation total 699072K, used 134458K [0x19f50000, 0x44a00000, 0x44a00000)
 Metaspace       used 22670K, capacity 22917K, committed 23040K, reserved 23936K
}
Event: 78.929 GC heap before
{Heap before GC invocations=15 (full 10):
 par new generation   total 314560K, used 311094K [0x04a00000, 0x19f50000, 0x19f50000)
  eden space 279616K, 100% used [0x04a00000, 0x15b10000, 0x15b10000)
  from space 34944K,  90% used [0x17d30000, 0x19bedb50, 0x19f50000)
  to   space 34944K,   0% used [0x15b10000, 0x15b10000, 0x17d30000)
 concurrent mark-sweep generation total 699072K, used 134458K [0x19f50000, 0x44a00000, 0x44a00000)
 Metaspace       used 22670K, capacity 22917K, committed 23040K, reserved 23936K
Event: 78.933 GC heap after
Heap after GC invocations=16 (full 10):
 par new generation   total 314560K, used 23701K [0x04a00000, 0x19f50000, 0x19f50000)
  eden space 279616K,   0% used [0x04a00000, 0x04a00000, 0x15b10000)
  from space 34944K,  67% used [0x15b10000, 0x172356b0, 0x17d30000)
  to   space 34944K,   0% used [0x17d30000, 0x17d30000, 0x19f50000)
 concurrent mark-sweep generation total 699072K, used 134458K [0x19f50000, 0x44a00000, 0x44a00000)
 Metaspace       used 22670K, capacity 22917K, committed 23040K, reserved 23936K
}
Event: 94.832 GC heap before
{Heap before GC invocations=16 (full 10):
 par new generation   total 314560K, used 303317K [0x04a00000, 0x19f50000, 0x19f50000)
  eden space 279616K, 100% used [0x04a00000, 0x15b10000, 0x15b10000)
  from space 34944K,  67% used [0x15b10000, 0x172356b0, 0x17d30000)
  to   space 34944K,   0% used [0x17d30000, 0x17d30000, 0x19f50000)
 concurrent mark-sweep generation total 699072K, used 128554K [0x19f50000, 0x44a00000, 0x44a00000)
 Metaspace       used 22675K, capacity 22917K, committed 23040K, reserved 23936K
Event: 94.836 GC heap after
Heap after GC invocations=17 (full 10):
 par new generation   total 314560K, used 26662K [0x04a00000, 0x19f50000, 0x19f50000)
  eden space 279616K,   0% used [0x04a00000, 0x04a00000, 0x15b10000)
  from space 34944K,  76% used [0x17d30000, 0x19739868, 0x19f50000)
  to   space 34944K,   0% used [0x15b10000, 0x15b10000, 0x17d30000)
 concurrent mark-sweep generation total 699072K, used 128554K [0x19f50000, 0x44a00000, 0x44a00000)
 Metaspace       used 22675K, capacity 22917K, committed 23040K, reserved 23936K
}
Event: 111.838 GC heap before
{Heap before GC invocations=17 (full 11):
 par new generation   total 314560K, used 306278K [0x04a00000, 0x19f50000, 0x19f50000)
  eden space 279616K, 100% used [0x04a00000, 0x15b10000, 0x15b10000)
  from space 34944K,  76% used [0x17d30000, 0x19739868, 0x19f50000)
  to   space 34944K,   0% used [0x15b10000, 0x15b10000, 0x17d30000)
 concurrent mark-sweep generation total 699072K, used 128554K [0x19f50000, 0x44a00000, 0x44a00000)
 Metaspace       used 22683K, capacity 22917K, committed 23040K, reserved 23936K
Event: 111.860 GC heap after
Heap after GC invocations=18 (full 11):
 par new generation   total 314560K, used 20981K [0x04a00000, 0x19f50000, 0x19f50000)
  eden space 279616K,   0% used [0x04a00000, 0x04a00000, 0x15b10000)
  from space 34944K,  60% used [0x15b10000, 0x16f8d710, 0x17d30000)
  to   space 34944K,   0% used [0x17d30000, 0x17d30000, 0x19f50000)
 concurrent mark-sweep generation total 699072K, used 143035K [0x19f50000, 0x44a00000, 0x44a00000)
 Metaspace       used 22683K, capacity 22917K, committed 23040K, reserved 23936K
}
Event: 121.085 GC heap before
{Heap before GC invocations=18 (full 11):
 par new generation   total 314560K, used 300597K [0x04a00000, 0x19f50000, 0x19f50000)
  eden space 279616K, 100% used [0x04a00000, 0x15b10000, 0x15b10000)
  from space 34944K,  60% used [0x15b10000, 0x16f8d710, 0x17d30000)
  to   space 34944K,   0% used [0x17d30000, 0x17d30000, 0x19f50000)
 concurrent mark-sweep generation total 699072K, used 142934K [0x19f50000, 0x44a00000, 0x44a00000)
 Metaspace       used 22683K, capacity 22917K, committed 23040K, reserved 23936K
Event: 121.090 GC heap after
Heap after GC invocations=19 (full 11):
 par new generation   total 314560K, used 24227K [0x04a00000, 0x19f50000, 0x19f50000)
  eden space 279616K,   0% used [0x04a00000, 0x04a00000, 0x15b10000)
  from space 34944K,  69% used [0x17d30000, 0x194d8ce8, 0x19f50000)
  to   space 34944K,   0% used [0x15b10000, 0x15b10000, 0x17d30000)
 concurrent mark-sweep generation total 699072K, used 142934K [0x19f50000, 0x44a00000, 0x44a00000)
 Metaspace       used 22683K, capacity 22917K, committed 23040K, reserved 23936K
}

Deoptimization events (0 events):
No events

Internal exceptions (10 events):
Event: 127.194 Thread 0x5a61e800 Exception <a 'java/lang/InterruptedException': sleep interrupted> (0x0d567218) thrown at [D:\re\workspace\8-2-build-windows-i586-cygwin\jdk8u73\6086\hotspot\src\share\vm\prims\jvm.cpp, line 3215]
Event: 127.209 Thread 0x5a61e800 Exception <a 'java/lang/InterruptedException': sleep interrupted> (0x0d567498) thrown at [D:\re\workspace\8-2-build-windows-i586-cygwin\jdk8u73\6086\hotspot\src\share\vm\prims\jvm.cpp, line 3215]
Event: 127.226 Thread 0x5a61e800 Exception <a 'java/lang/InterruptedException': sleep interrupted> (0x0d567718) thrown at [D:\re\workspace\8-2-build-windows-i586-cygwin\jdk8u73\6086\hotspot\src\share\vm\prims\jvm.cpp, line 3215]
Event: 127.248 Thread 0x5a61e800 Exception <a 'java/lang/InterruptedException': sleep interrupted> (0x0eca6950) thrown at [D:\re\workspace\8-2-build-windows-i586-cygwin\jdk8u73\6086\hotspot\src\share\vm\prims\jvm.cpp, line 3215]
Event: 127.259 Thread 0x5a61e800 Exception <a 'java/lang/InterruptedException': sleep interrupted> (0x0eca6bd0) thrown at [D:\re\workspace\8-2-build-windows-i586-cygwin\jdk8u73\6086\hotspot\src\share\vm\prims\jvm.cpp, line 3215]
Event: 127.276 Thread 0x5a61e800 Exception <a 'java/lang/InterruptedException': sleep interrupted> (0x0eca6e50) thrown at [D:\re\workspace\8-2-build-windows-i586-cygwin\jdk8u73\6086\hotspot\src\share\vm\prims\jvm.cpp, line 3215]
Event: 127.293 Thread 0x5a61e800 Exception <a 'java/lang/InterruptedException': sleep interrupted> (0x0eca70d0) thrown at [D:\re\workspace\8-2-build-windows-i586-cygwin\jdk8u73\6086\hotspot\src\share\vm\prims\jvm.cpp, line 3215]
Event: 127.345 Thread 0x5a61e800 Exception <a 'java/lang/InterruptedException': sleep interrupted> (0x0ef1e728) thrown at [D:\re\workspace\8-2-build-windows-i586-cygwin\jdk8u73\6086\hotspot\src\share\vm\prims\jvm.cpp, line 3215]
Event: 127.367 Thread 0x5a61e800 Exception <a 'java/lang/InterruptedException': sleep interrupted> (0x0efb8358) thrown at [D:\re\workspace\8-2-build-windows-i586-cygwin\jdk8u73\6086\hotspot\src\share\vm\prims\jvm.cpp, line 3167]
Event: 127.368 Thread 0x5a61e800 Exception <a 'java/lang/InterruptedException': sleep interrupted> (0x0efb8598) thrown at [D:\re\workspace\8-2-build-windows-i586-cygwin\jdk8u73\6086\hotspot\src\share\vm\prims\jvm.cpp, line 3215]

Events (10 events):
Event: 127.367 Executing VM operation: RevokeBias done
Event: 127.379 Thread 0x46a98800 flushing nmethod 0x028f5f88
Event: 127.379 Thread 0x46a98800 flushing nmethod 0x028f6188
Event: 127.379 Thread 0x46a98800 flushing nmethod 0x028f6648
Event: 127.379 Thread 0x46a98800 flushing nmethod 0x028f6848
Event: 127.379 Thread 0x46a98800 flushing nmethod 0x028f6b08
Event: 127.379 Thread 0x46a98800 flushing nmethod 0x028f7448
Event: 127.379 Thread 0x46a98800 flushing nmethod 0x028f7ac8
Event: 127.379 Thread 0x46a98800 flushing nmethod 0x028f7c88
Event: 127.379 Thread 0x46a98800 flushing nmethod 0x028f7f08


Dynamic libraries:
0x009f0000 - 0x00a23000 	C:\Program Files (x86)\Java\jre1.8.0_73\bin\javaw.exe
0x77c00000 - 0x77d7b000 	C:\WINDOWS\SYSTEM32\ntdll.dll
0x76aa0000 - 0x76b80000 	C:\WINDOWS\SYSTEM32\KERNEL32.DLL
0x75e90000 - 0x7600e000 	C:\WINDOWS\SYSTEM32\KERNELBASE.dll
0x76e50000 - 0x76ecb000 	C:\WINDOWS\SYSTEM32\ADVAPI32.dll
0x77600000 - 0x776be000 	C:\WINDOWS\SYSTEM32\msvcrt.dll
0x775b0000 - 0x775f4000 	C:\WINDOWS\SYSTEM32\sechost.dll
0x76d40000 - 0x76ded000 	C:\WINDOWS\SYSTEM32\RPCRT4.dll
0x75d30000 - 0x75d4e000 	C:\WINDOWS\SYSTEM32\SspiCli.dll
0x75d20000 - 0x75d2a000 	C:\WINDOWS\SYSTEM32\CRYPTBASE.dll
0x76df0000 - 0x76e48000 	C:\WINDOWS\SYSTEM32\bcryptPrimitives.dll
0x76010000 - 0x76157000 	C:\WINDOWS\SYSTEM32\USER32.dll
0x77840000 - 0x7798f000 	C:\WINDOWS\SYSTEM32\GDI32.dll
0x72170000 - 0x7237f000 	C:\WINDOWS\WinSxS\x86_microsoft.windows.common-controls_6595b64144ccf1df_6.0.10586.0_none_d3c2e4e965da4528\COMCTL32.dll
0x762c0000 - 0x7647d000 	C:\WINDOWS\SYSTEM32\combase.dll
0x76a10000 - 0x76a3b000 	C:\WINDOWS\SYSTEM32\IMM32.DLL
0x5d7f0000 - 0x5d8af000 	C:\Program Files (x86)\Java\jre1.8.0_73\bin\msvcr100.dll
0x6c330000 - 0x6c6f8000 	C:\Program Files (x86)\Java\jre1.8.0_73\bin\client\jvm.dll
0x76d30000 - 0x76d36000 	C:\WINDOWS\SYSTEM32\PSAPI.DLL
0x73490000 - 0x73498000 	C:\WINDOWS\SYSTEM32\WSOCK32.dll
0x72f40000 - 0x72f64000 	C:\WINDOWS\SYSTEM32\WINMM.dll
0x75c70000 - 0x75c78000 	C:\WINDOWS\SYSTEM32\VERSION.dll
0x76a40000 - 0x76a9f000 	C:\WINDOWS\SYSTEM32\WS2_32.dll
0x009b0000 - 0x009d3000 	C:\WINDOWS\SYSTEM32\WINMMBASE.dll
0x75e50000 - 0x75e87000 	C:\WINDOWS\SYSTEM32\cfgmgr32.dll
0x68700000 - 0x6870c000 	C:\Program Files (x86)\Java\jre1.8.0_73\bin\verify.dll
0x56490000 - 0x564b1000 	C:\Program Files (x86)\Java\jre1.8.0_73\bin\java.dll
0x5dfe0000 - 0x5dff3000 	C:\Program Files (x86)\Java\jre1.8.0_73\bin\zip.dll
0x73aa0000 - 0x74e9e000 	C:\WINDOWS\SYSTEM32\SHELL32.dll
0x76480000 - 0x7697a000 	C:\WINDOWS\SYSTEM32\windows.storage.dll
0x76200000 - 0x76245000 	C:\WINDOWS\SYSTEM32\shlwapi.dll
0x75e40000 - 0x75e4c000 	C:\WINDOWS\SYSTEM32\kernel.appcore.dll
0x76980000 - 0x76a0d000 	C:\WINDOWS\SYSTEM32\shcore.dll
0x779a0000 - 0x779e4000 	C:\WINDOWS\SYSTEM32\powrprof.dll
0x77990000 - 0x7799f000 	C:\WINDOWS\SYSTEM32\profapi.dll
0x712e0000 - 0x712ea000 	C:\Program Files (x86)\Java\jre1.8.0_73\bin\management.dll
0x5dfa0000 - 0x5dfb6000 	C:\Program Files (x86)\Java\jre1.8.0_73\bin\net.dll
0x73680000 - 0x736cf000 	C:\WINDOWS\system32\mswsock.dll
0x57420000 - 0x5742f000 	C:\Program Files (x86)\Java\jre1.8.0_73\bin\nio.dll
0x73590000 - 0x735a2000 	C:\WINDOWS\system32\napinsp.dll
0x73570000 - 0x73586000 	C:\WINDOWS\system32\pnrpnsp.dll
0x73550000 - 0x73564000 	C:\WINDOWS\system32\NLAapi.dll
0x734c0000 - 0x73544000 	C:\WINDOWS\SYSTEM32\DNSAPI.dll
0x76fd0000 - 0x76fd7000 	C:\WINDOWS\SYSTEM32\NSI.dll
0x73480000 - 0x7348b000 	C:\WINDOWS\System32\winrnr.dll
0x73460000 - 0x73471000 	C:\WINDOWS\System32\wshbth.dll
0x63560000 - 0x63568000 	F:\Multisim\Shared\mDNS Responder\nimdnsNSP.dll
0x63550000 - 0x6355b000 	C:\WINDOWS\SYSTEM32\nimdnsResponder.dll
0x733b0000 - 0x73453000 	C:\WINDOWS\WinSxS\x86_microsoft.vc90.crt_1fc8b3b9a1e18e3b_9.0.30729.9177_none_5093cc7abcb795e9\MSVCR90.dll
0x758c0000 - 0x758ef000 	C:\WINDOWS\SYSTEM32\Iphlpapi.DLL
0x47cf0000 - 0x47d12000 	C:\WINDOWS\system32\xunyount.dll
0x736d0000 - 0x736e4000 	C:\WINDOWS\SYSTEM32\dhcpcsvc.DLL
0x73670000 - 0x73678000 	C:\WINDOWS\system32\wshqos.dll
0x73660000 - 0x73667000 	C:\WINDOWS\SYSTEM32\wshtcpip.DLL
0x73650000 - 0x73657000 	C:\WINDOWS\SYSTEM32\wship6.dll
0x733a0000 - 0x733a8000 	C:\Windows\System32\rasadhlp.dll
0x72700000 - 0x72747000 	C:\WINDOWS\System32\fwpuclnt.dll
0x75620000 - 0x7563b000 	C:\WINDOWS\SYSTEM32\bcrypt.dll
0x47df0000 - 0x47e3d000 	C:\Users\ASUS\.gradle\caches\minecraft\net\minecraft\minecraft_natives\1.7.10\lwjgl.dll
0x6da50000 - 0x6db30000 	C:\WINDOWS\SYSTEM32\OPENGL32.dll
0x6d770000 - 0x6d85e000 	C:\WINDOWS\SYSTEM32\DDRAW.dll
0x6d8a0000 - 0x6d8c5000 	C:\WINDOWS\SYSTEM32\GLU32.dll
0x6d760000 - 0x6d767000 	C:\WINDOWS\SYSTEM32\DCIMAN32.dll
0x75320000 - 0x75333000 	C:\WINDOWS\SYSTEM32\CRYPTSP.dll
0x752f0000 - 0x7531f000 	C:\WINDOWS\system32\rsaenh.dll
0x75b10000 - 0x75b29000 	C:\WINDOWS\SYSTEM32\USERENV.dll
0x72690000 - 0x726a3000 	C:\WINDOWS\SYSTEM32\dhcpcsvc6.DLL
0x53780000 - 0x538c5000 	C:\Program Files (x86)\Java\jre1.8.0_73\bin\awt.dll
0x779f0000 - 0x77a82000 	C:\WINDOWS\SYSTEM32\OLEAUT32.dll
0x75c80000 - 0x75d12000 	C:\WINDOWS\system32\apphelp.dll
0x71c10000 - 0x71c85000 	C:\WINDOWS\system32\uxtheme.dll
0x77490000 - 0x775af000 	C:\WINDOWS\SYSTEM32\MSCTF.dll
0x71450000 - 0x7146d000 	C:\WINDOWS\system32\dwmapi.dll
0x68e20000 - 0x6a68c000 	C:\WINDOWS\SYSTEM32\nvoglv32.DLL
0x77020000 - 0x7742b000 	C:\WINDOWS\SYSTEM32\SETUPAPI.dll
0x75c60000 - 0x75c6f000 	C:\WINDOWS\SYSTEM32\WTSAPI32.dll
0x74fc0000 - 0x750ff000 	C:\WINDOWS\SYSTEM32\dbghelp.dll
0x72750000 - 0x72772000 	C:\WINDOWS\SYSTEM32\DEVOBJ.dll
0x76be0000 - 0x76c22000 	C:\WINDOWS\SYSTEM32\WINTRUST.dll
0x76250000 - 0x7625e000 	C:\WINDOWS\SYSTEM32\MSASN1.dll
0x776c0000 - 0x77838000 	C:\WINDOWS\SYSTEM32\CRYPT32.dll
0x75510000 - 0x75538000 	C:\WINDOWS\SYSTEM32\ntmarta.dll
0x75d50000 - 0x75e3b000 	C:\WINDOWS\SYSTEM32\ole32.dll
0x76160000 - 0x761e4000 	C:\WINDOWS\SYSTEM32\clbcatq.dll
0x713d0000 - 0x7144f000 	C:\WINDOWS\SYSTEM32\mscms.dll
0x5e070000 - 0x5e0ac000 	C:\WINDOWS\SYSTEM32\icm32.dll
0x735b0000 - 0x735f4000 	C:\WINDOWS\SYSTEM32\WINSTA.dll
0x6d8d0000 - 0x6d953000 	C:\WINDOWS\system32\dxgi.dll
0x6dfc0000 - 0x6e1da000 	C:\WINDOWS\system32\d3d11.dll
0x4f1d0000 - 0x502c1000 	C:\WINDOWS\SYSTEM32\nvwgf2um.dll
0x50a30000 - 0x50a49000 	C:\WINDOWS\system32\OpenAL32.dll
0x72d70000 - 0x72dc5000 	C:\WINDOWS\SYSTEM32\MMDevAPI.DLL
0x72780000 - 0x728cb000 	C:\WINDOWS\SYSTEM32\PROPSYS.dll
0x70e20000 - 0x70e58000 	C:\WINDOWS\SYSTEM32\wdmaud.drv
0x71340000 - 0x71347000 	C:\WINDOWS\SYSTEM32\ksuser.dll
0x70f90000 - 0x70f99000 	C:\WINDOWS\SYSTEM32\AVRT.dll
0x71470000 - 0x714d8000 	C:\WINDOWS\SYSTEM32\AUDIOSES.DLL
0x719a0000 - 0x71a68000 	C:\WINDOWS\SYSTEM32\wintypes.dll
0x711a0000 - 0x711a9000 	C:\WINDOWS\SYSTEM32\msacm32.drv
0x53510000 - 0x53528000 	C:\WINDOWS\SYSTEM32\MSACM32.dll
0x71120000 - 0x71128000 	C:\WINDOWS\SYSTEM32\midimap.dll
0x55f90000 - 0x56016000 	C:\WINDOWS\SYSTEM32\dsound.dll
0x55870000 - 0x55cc8000 	C:\WINDOWS\system32\wrap_oal.dll
0x562c0000 - 0x56325000 	C:\Users\ASUS\.gradle\caches\minecraft\net\minecraft\minecraft_natives\1.7.10\OpenAL32.dll
0x4d7e0000 - 0x4d800000 	C:\Program Files (x86)\Java\jre1.8.0_73\bin\sunec.dll
0x5d8b0000 - 0x5d96c000 	C:\WINDOWS\system32\msctfuimanager.dll
0x5d970000 - 0x5dad7000 	C:\WINDOWS\system32\DUI70.dll
0x5dbc0000 - 0x5dc3b000 	C:\WINDOWS\system32\DUser.dll
0x5dcd0000 - 0x5ddec000 	C:\WINDOWS\SYSTEM32\UIAutomationCore.dll
0x5df10000 - 0x5df91000 	C:\WINDOWS\SYSTEM32\sxs.dll
0x5e000000 - 0x5e03f000 	C:\WINDOWS\System32\UIAnimation.dll
0x71e80000 - 0x71ed4000 	C:\Windows\SYSTEM32\oleacc.dll
0x63050000 - 0x63241000 	C:\WINDOWS\system32\dwrite.dll
0x632e0000 - 0x634f8000 	C:\WINDOWS\SYSTEM32\D3D10Warp.dll
0x68bd0000 - 0x68c77000 	C:\WINDOWS\SYSTEM32\dcomp.dll
0x684d0000 - 0x68540000 	C:\WINDOWS\system32\directmanipulation.dll

VM Arguments:
jvm_args: -Xincgc -Xmx1024M -Xms1024M -Dfile.encoding=GBK 
java_command: GradleStart
java_class_path (initial): F:\forge-1.7.10-10.13.4.1558-1.7.10-src\bin;C:\Users\ASUS\.gradle\caches\minecraft\net\minecraftforge\forge\1.7.10-10.13.4.1564-1.7.10\forgeSrc-1.7.10-10.13.4.1564-1.7.10.jar;C:\Users\ASUS\.gradle\caches\modules-2\files-2.1\net.minecraft\launchwrapper\1.12\111e7bea9c968cdb3d06ef4632bf7ff0824d0f36\launchwrapper-1.12.jar;C:\Users\ASUS\.gradle\caches\modules-2\files-2.1\com.google.code.findbugs\jsr305\1.3.9\40719ea6961c0cb6afaeb6a921eaa1f6afd4cfdf\jsr305-1.3.9.jar;C:\Users\ASUS\.gradle\caches\modules-2\files-2.1\org.ow2.asm\asm-debug-all\5.0.3\f9e364ae2a66ce2a543012a4668856e84e5dab74\asm-debug-all-5.0.3.jar;C:\Users\ASUS\.gradle\caches\modules-2\files-2.1\com.typesafe.akka\akka-actor_2.11\2.3.3\ed62e9fc709ca0f2ff1a3220daa8b70a2870078e\akka-actor_2.11-2.3.3.jar;C:\Users\ASUS\.gradle\caches\modules-2\files-2.1\com.typesafe\config\1.2.1\f771f71fdae3df231bcd54d5ca2d57f0bf93f467\config-1.2.1.jar;C:\Users\ASUS\.gradle\caches\modules-2\files-2.1\org.scala-lang\scala-actors-migration_2.11\1.1.0\dfa8bc42b181d5b9f1a5dd147f8ae308b893eb6f\scala-actors-migration_2.11-1.1.0.jar;C:\Users\ASUS\.gradle\caches\modules-2\files-2.1\org.scala-lang\scala-compiler\2.11.1\56ea2e6c025e0821f28d73ca271218b8dd04926a\scala-compiler-2.11.1.jar;C:\Users\ASUS\.gradle\caches\modules-2\files-2.1\org.scala-lang.plugins\scala-continuations-library_2.11\1.0.2\e517c53a7e9acd6b1668c5a35eccbaa3bab9aac\scala-continuations-library_2.11-1.0.2.jar;C:\Users\ASUS\.gradle\caches\modules-2\files-2.1\org.scala-lang.plugins\scala-continuations-plugin_2.11.1\1.0.2\f361a3283452c57fa30c1ee69448995de23c60f7\scala-continuations-plugin_2.11.1-1.0.2.jar;C:\Users\ASUS\.gradle\caches\modules-2\files-2.1\org.scala-lang\scala-library\2.11.1\e11da23da3eabab9f4777b9220e60d44c1aab6a\scala-library-2.11.1.jar;C:\Users\ASUS\.gradle\caches\modules-2\files-2.1\org.scala-lang\scala-parser-combinators_2.11\1.0.1\f05d7345bf5a58924f2837c6c1f4d73a938e1ff0\scala-parser-combinators_2.11-1.0.1.jar;C:\Users\ASUS\.gra
Launcher Type: SUN_STANDARD

Environment Variables:
JAVA_HOME=C:\Program Files\Java\jdk1.8.0_45
CLASSPATH=.;C:\Program Files\Java\jdk1.8.0_45\lib\dt.jar;C:\Program Files\Java\jdk1.8.0_45\lib\tools.jar;
PATH=C:/Program Files (x86)/Java/jre1.8.0_73/bin/client;C:/Program Files (x86)/Java/jre1.8.0_73/bin;C:/Program Files (x86)/Java/jre1.8.0_73/lib/i386;C:\Program Files (x86)\Common Files\Microsoft Shared\Windows Live;C:\Cocos\frameworks\cocos2d-x-3.8.1\tools\cocos2d-console\bin;E:\cocos2d-x-3.10\templates;C:\Cocos\tools\Python27;C:\Program Files (x86)\NVIDIA Corporation\PhysX\Common;C:\ProgramData\Oracle\Java\javapath;C:\WINDOWS\system32;C:\WINDOWS;C:\WINDOWS\System32\Wbem;C:\WINDOWS\System32\WindowsPowerShell\v1.0\;C:\Users\ASUS\.dnx\bin;C:\Program Files\Microsoft DNX\Dnvm\;C:\Program Files (x86)\Windows Kits\10\Windows Performance Toolkit\;C:\Program Files\WIDCOMM\Bluetooth Software\;C:\Program Files\WIDCOMM\Bluetooth Software\syswow64;C:\Program Files (x86)\GtkSharp\2.12\bin;C:\Cocos\frameworks\cocos2d-x-3.8.1\tools\cocos2d-console\bin;E:\cocos2d-x-3.10\templates;C:\Cocos\tools\Python27;C:\WINDOWS\system32\config\systemprofile\.dnx\bin;C:\Program Files\Microsoft DNX\Dnvm\;C:\Program Files\Microsoft SQL Server\130\Tools\Binn\;C:\Program Files (x86)\Microsoft SQL Server\100\Tools\Binn\;C:\Program Files\Microsoft SQL Server\100\Tools\Binn\;C:\Program Files\Microsoft SQL Server\100\DTS\Binn\;F:\MATLAB\runtime\win64;F:\MATLAB\bin;F:\MATLAB\polyspace\bin;C:\Program Files\Git\cmd;C:\Python27;C:\Python27\Scripts;C:\Python27\Lib\site-packages\Django-1.7.11-py2.7.egg\django\bin;C:\Program Files\Java\jdk1.8.0_45\bin;C:\Program Files\Java\jdk1.8.0_45\jre\bin;E:\COCOS\Cocos2d-x\Cocos2d-x-3.10\templates;E:\COCOS\Cocos2d-x;COCOS\Cocos2d-x\Cocos2d-x-3.10\tools\cocos2d-console\bin;cocos2d-x-3.10\templates;C:\Python27\Scripts;C:\Python27;E:\eclipse-standard-kepler-SR2-win32\eclipse;
USERNAME=ASUS
OS=Windows_NT
PROCESSOR_IDENTIFIER=Intel64 Family 6 Model 60 Stepping 3, GenuineIntel



---------------  S Y S T E M  ---------------

OS: Windows 10.0 , 64 bit Build 10586 (10.0.10586.0)

CPU:total 8 (4 cores per cpu, 2 threads per core) family 6 model 60 stepping 3, cmov, cx8, fxsr, mmx, sse, sse2, sse3, ssse3, sse4.1, sse4.2, popcnt, avx, avx2, aes, clmul, erms, lzcnt, ht, tsc, tscinvbit, bmi1, bmi2

Memory: 4k page, physical 12469292k(5932180k free), swap 16565292k(4265880k free)

vm_info: Java HotSpot(TM) Client VM (25.73-b02) for windows-x86 JRE (1.8.0_73-b02), built on Jan 29 2016 17:05:52 by "java_re" with MS VC++ 10.0 (VS2010)

time: Thu Sep 28 13:29:04 2017
elapsed time: 127 seconds (0d 0h 2m 7s)

